1548691528.000000 ccnd[27541]:  ____________________ Tue Jan 29 01:05:28 2019
1548691528.728795 00000000.ccnd[27541]: =======================ex index n: 0
1548691528.728844 00000000.ccnd[27541]: =======================ex index l: 12
1548691528.728858 ccnd[27541]: CCND_DEBUG=1 CCND_CAP=50
1548691528.728861 ccnd[27541]: CCND_DEBUG=1 CCND_CAP_G=50
1548691528.728918 ccnd[27541]: listening on /tmp/.ccnd.sock
1548691528.728946 ccnd[27541]: accepting ipv4 datagrams on fd 4 rcvbuf 212992
1548691528.728961 ccnd[27541]: accepting ipv4 connections on fd 5
1548691528.728973 ccnd[27541]: accepting ipv6 datagrams on fd 6 rcvbuf 212992
1548691528.728982 ccnd[27541]: accepting ipv6 connections on fd 7
1548691528.779513 ccnd[27541]: accepted client fd=8 id=6
1548691528.779571 ccnd[27541]: shutdown client fd=8 id=6
1548691528.779577 ccnd[27541]: recycling face id 6 (slot 6)
1548691529.728469 ccnd[27541]: accepted client fd=8 id=6
1548691529.729134 ccnr[27546]: CCNR_DEBUG=7 CCNR_DIRECTORY=. CCNR_STATUS_PORT=
1548691529.729310 ccnr[27546]: Repository file is indexed
1548691529.731024 ccnd[27541]: accepted client fd=9 id=7
1548691529.740083 ccnd[27541]: accepted datagram client id=8 (flags=0x40012) 192.168.122.102 port 9695
1548691529.746357 ccnd[27541]: shutdown client fd=8 id=6
1548691529.746367 ccnd[27541]: releasing face id 6 (slot 6)
1548691555.546964 ccnd[27541]: debug.2933 remove_queued_content ccnx:/%C1.M.S.neighborhood/%C1.M.SRV/ccnd/KEY/%C1.M.K=001B6083DC57ECD162EDAEC17F5CC893CB0FB8BBD5EE1FF2E9246A5A8324F0C0E7/=FD05C4F2848BA9/=00/=D9E6253AB66E5DCB1192FA5A0C38A0081520183ABB44D951D4D9E28C72B06D87 (581 bytes)
1548691563.601615 ccnd[27541]: debug.2933 remove_queued_content ccnx:/%C1.M.S.neighborhood/%C1.M.SRV/ccnd/KEY/%C1.M.K=001B6083DC57ECD162EDAEC17F5CC893CB0FB8BBD5EE1FF2E9246A5A8324F0C0E7/=FD05C4F2848BA9/=00/=D9E6253AB66E5DCB1192FA5A0C38A0081520183ABB44D951D4D9E28C72B06D87 (581 bytes)
1548691581.168304 ccnd[27541]: debug.2933 remove_queued_content ccnx:/%C1.M.S.neighborhood/%C1.M.SRV/ccnd/KEY/%C1.M.K=001B6083DC57ECD162EDAEC17F5CC893CB0FB8BBD5EE1FF2E9246A5A8324F0C0E7/=FD05C4F2848BA9/=00/=D9E6253AB66E5DCB1192FA5A0C38A0081520183ABB44D951D4D9E28C72B06D87 (581 bytes)
1548691600.126639 ccnd[27541]: debug.2933 remove_queued_content ccnx:/%C1.M.S.neighborhood/%C1.M.SRV/ccnd/KEY/%C1.M.K=001B6083DC57ECD162EDAEC17F5CC893CB0FB8BBD5EE1FF2E9246A5A8324F0C0E7/=FD05C4F2848BA9/=00/=D9E6253AB66E5DCB1192FA5A0C38A0081520183ABB44D951D4D9E28C72B06D87 (581 bytes)
1548691617.520750 ccnd[27541]: debug.2933 remove_queued_content ccnx:/%C1.M.S.neighborhood/%C1.M.SRV/ccnd/KEY/%C1.M.K=001B6083DC57ECD162EDAEC17F5CC893CB0FB8BBD5EE1FF2E9246A5A8324F0C0E7/=FD05C4F2848BA9/=00/=D9E6253AB66E5DCB1192FA5A0C38A0081520183ABB44D951D4D9E28C72B06D87 (581 bytes)
1548691636.360941 ccnd[27541]: debug.2933 remove_queued_content ccnx:/%C1.M.FACE/%C1.M.G=000010B17CF4DAD6850B48489379/%C1.M.NODE/%C1.M.K=001B6083DC57ECD162EDAEC17F5CC893CB0FB8BBD5EE1FF2E9246A5A8324F0C0E7/face~8/=FD05C4F28B45C5/=00/=029A053E79689D51B25A7CFD79A45FE305808A5F7A76D8FCC6B4A41CA582BFBA (485 bytes)
1548691640.355245 ccnd[27541]: debug.2933 remove_queued_content ccnx:/%C1.M.FACE/%C1.M.G=000010B17CF4DAD6850B48489379/%C1.M.NODE/%C1.M.K=001B6083DC57ECD162EDAEC17F5CC893CB0FB8BBD5EE1FF2E9246A5A8324F0C0E7/face~8/=FD05C4F28B45C5/=00/=029A053E79689D51B25A7CFD79A45FE305808A5F7A76D8FCC6B4A41CA582BFBA (485 bytes)
1548691653.904848 ccnd[27541]: debug.2933 remove_queued_content ccnx:/%C1.M.FACE/%C1.M.G=00002CF235A008AD1DDCDA357F1D/%C1.M.NODE/%C1.M.K=001B6083DC57ECD162EDAEC17F5CC893CB0FB8BBD5EE1FF2E9246A5A8324F0C0E7/face~8/=FD05C4F28C5E79/=00/=FEBB1E68CB766467529EEABF5E37445219EE6EBD78BB809EF5477204F68595D3 (485 bytes)
1548691657.904300 ccnd[27541]: debug.2933 remove_queued_content ccnx:/%C1.M.FACE/%C1.M.G=00002CF235A008AD1DDCDA357F1D/%C1.M.NODE/%C1.M.K=001B6083DC57ECD162EDAEC17F5CC893CB0FB8BBD5EE1FF2E9246A5A8324F0C0E7/face~8/=FD05C4F28C5E79/=00/=FEBB1E68CB766467529EEABF5E37445219EE6EBD78BB809EF5477204F68595D3 (485 bytes)
1548691660.480031 ccnd[27541]: debug.2933 remove_queued_content ccnx:/%C1.M.S.neighborhood/%C1.M.SRV/ccnd/KEY/%C1.M.K=001B6083DC57ECD162EDAEC17F5CC893CB0FB8BBD5EE1FF2E9246A5A8324F0C0E7/=FD05C4F2848BA9/=00/=D9E6253AB66E5DCB1192FA5A0C38A0081520183ABB44D951D4D9E28C72B06D87 (581 bytes)
1548691667.692385 ccnd[27541]: debug.2933 remove_queued_content ccnx:/%C1.M.S.neighborhood/%C1.M.SRV/ccnd/KEY/%C1.M.K=001B6083DC57ECD162EDAEC17F5CC893CB0FB8BBD5EE1FF2E9246A5A8324F0C0E7/=FD05C4F2848BA9/=00/=D9E6253AB66E5DCB1192FA5A0C38A0081520183ABB44D951D4D9E28C72B06D87 (581 bytes)
1548691668.857768 ccnd[27541]: debug.2933 remove_queued_content ccnx:/DEFAULT/d1/=FD05C4A0236683/=0004BF/%B4W=7CAC8D0E12EB81F46B10E7EDFDBC83D87E1AA7FAB6EAD681ADBE67ABDDD1 (4728 bytes)
1548691668.858697 ccnd[27541]: debug.2933 remove_queued_content ccnx:/DEFAULT/d1/=FD05C4A0236683/=0004C0/P%60H=AABCC8E7B9C985E01918AC58905DB571B61B7F83D0A1C08DD03CC2AE36 (4728 bytes)
1548691668.859991 ccnd[27541]: debug.2933 remove_queued_content ccnx:/DEFAULT/d1/=FD05C4A0236683/=0004C1/=40AAEDED7C8399BA0B5EF89EA4F57658B1C533ED8B9302ACDD2B022659BB9BD5 (4728 bytes)
1548691668.860062 ccnd[27541]: debug.2933 remove_queued_content ccnx:/DEFAULT/d1/=FD05C4A0236683/=0004C2/0w8=0224104B02B68DB5B9A093B4295AC15F3F36C8F8014A173C179FAC773D (4728 bytes)
1548691668.861366 ccnd[27541]: debug.2933 remove_queued_content ccnx:/DEFAULT/d1/=FD05C4A0236683/=0004C3/=C6DF0AABED27C795B5642D01BB82AAC7EAA9DA51090EDC228BA72E00B03E36DF (4728 bytes)
1548691668.863679 ccnd[27541]: debug.2933 remove_queued_content ccnx:/DEFAULT/d1/=FD05C4A0236683/=0004C4/=9126BD924A6F169457223C4E9679F016127462E26EF1F5F8CB436BE0332C56E5 (4728 bytes)
1548691668.865838 ccnd[27541]: debug.2933 remove_queued_content ccnx:/DEFAULT/d1/=FD05C4A0236683/=0004C5/lUt%DDH4=06F855F1B21E45C1DE3D0DD7DE1EE5590D6B29A09FE06946DF26 (4728 bytes)
1548691668.869129 ccnd[27541]: debug.2933 remove_queued_content ccnx:/DEFAULT/d1/=FD05C4A0236683/=0004C6/=E4C670111F3397A80DAA2327BA9F0B2C5097BC09E058E42ECC226E6EF473DA1F (4728 bytes)
1548691668.870397 ccnd[27541]: debug.2933 remove_queued_content ccnx:/DEFAULT/d1/=FD05C4A0236683/=0004C7/=C9D85A2BBCEBD724A40B011744FA0152174FF86449B2D3B2744D496B041C7366 (4728 bytes)
1548691668.872174 ccnd[27541]: debug.2933 remove_queued_content ccnx:/DEFAULT/d1/=FD05C4A0236683/=0004C8/=ADE26F24A2F316B8A92A056A6DB2A0C56B416BC7C370E121086FD52DCD7D0BE8 (4728 bytes)
1548691668.874454 ccnd[27541]: debug.2933 remove_queued_content ccnx:/DEFAULT/d1/=FD05C4A0236683/=0004C9/J%8C-=2CD0E3753A32E1F4C35420227736ED505DD8B3634704089110DA0E0C15 (4728 bytes)
1548691668.875178 ccnd[27541]: debug.2933 remove_queued_content ccnx:/DEFAULT/d1/=FD05C4A0236683/=0004CA/=DD0FD4FCB13768693FF47631A62E4591658E7EFAD4428796C6BB4FB40BB6A290 (4728 bytes)
1548691668.876828 ccnd[27541]: debug.2933 remove_queued_content ccnx:/DEFAULT/d1/=FD05C4A0236683/=0004CB/=A9DFD0C7FFDB322C746FBBAE20FE778B9E47AF425A9E00045DC9212E4F3BE49B (4728 bytes)
1548691668.880239 ccnd[27541]: debug.2933 remove_queued_content ccnx:/DEFAULT/d1/=FD05C4A0236683/=0004CC/=1382A16902DC35A5AA7875EB6097D91126FCE7FEC23C3E7F0AD71C686E002DA1 (4728 bytes)
1548691668.880982 ccnd[27541]: debug.2933 remove_queued_content ccnx:/DEFAULT/d1/=FD05C4A0236683/=0004CD/=E5C605783BB616E3B493A02AC8D0F42DEEACB695372F03ED097B1DC4EB3C4F86 (4728 bytes)
1548691668.884246 ccnd[27541]: debug.2933 remove_queued_content ccnx:/DEFAULT/d1/=FD05C4A0236683/=0004CE/=E45E0228950FC375BB36A23B565E0128B0577101288C24F852181306B3A8C093 (4728 bytes)
1548691668.884320 ccnd[27541]: debug.2933 remove_queued_content ccnx:/DEFAULT/d1/=FD05C4A0236683/=0004CF/R=2BB4BD401A4B0D5DF05ECC1A9D3AB865BDCD31D76F1E52587B2FCB9C57A154 (4728 bytes)
1548691668.887887 ccnd[27541]: debug.2933 remove_queued_content ccnx:/DEFAULT/d1/=FD05C4A0236683/=0004D0/8%E6dB%B5z=F39766C26777E02684CC9589DF3D30FB36F8F04AFAE4B6F0135A (4728 bytes)
1548691668.889458 ccnd[27541]: debug.2933 remove_queued_content ccnx:/DEFAULT/d1/=FD05C4A0236683/=0004D1/=2CB442683D4F66B37387479298A895B4084DAE1765D77277A1A5762ADF3B0E0A (4728 bytes)
1548691668.890288 ccnd[27541]: debug.2933 remove_queued_content ccnx:/DEFAULT/d1/=FD05C4A0236683/=0004D2/=A45DCFF075C62E4432E6E7B28EC8D856F179F448B0D5A00C2CF3BE4A48E6B625 (4728 bytes)
1548691675.810293 ccnd[27541]: debug.2933 remove_queued_content ccnx:/%C1.M.S.neighborhood/%C1.M.SRV/ccnd/KEY/%C1.M.K=001B6083DC57ECD162EDAEC17F5CC893CB0FB8BBD5EE1FF2E9246A5A8324F0C0E7/=FD05C4F2848BA9/=00/=D9E6253AB66E5DCB1192FA5A0C38A0081520183ABB44D951D4D9E28C72B06D87 (581 bytes)
1548691677.557915 ccnd[27541]: debug.2933 remove_queued_content ccnx:/DEFAULT/d2/=FD05C4A0237F33/=00068C/rzh=5EFCCABD26BB7302A3E604CBDF824ABE0B91CBB5BE6A9A5579B2D4EB83 (4728 bytes)
1548691677.560441 ccnd[27541]: debug.2933 remove_queued_content ccnx:/DEFAULT/d2/=FD05C4A0237F33/=00068D/%C38=18BF419F6B22675479E0907C9B6241F1318430F7999C30B6682EDE58EAC6 (4728 bytes)
1548691677.562392 ccnd[27541]: debug.2933 remove_queued_content ccnx:/DEFAULT/d2/=FD05C4A0237F33/=00068E/=81140D805D7EAE8D14797C49310E1BA51084EDB784B08DA3B15038F58353399C (4728 bytes)
1548691677.562464 ccnd[27541]: debug.2933 remove_queued_content ccnx:/DEFAULT/d2/=FD05C4A0237F33/=00068F/=03FBBEDE00213B627BC53E3AD35A64D8F87809F36043B8A9296FBB613805BCD1 (4728 bytes)
1548691677.564924 ccnd[27541]: debug.2933 remove_queued_content ccnx:/DEFAULT/d2/=FD05C4A0237F33/=000690/r=108C6DB66126561FD5FD179E8E33F1AD8B3583588D4325F2D1EA639B6EF5B2 (4728 bytes)
1548691677.571114 ccnd[27541]: debug.2933 remove_queued_content ccnx:/DEFAULT/d2/=FD05C4A0237F33/=000691/=ABF42DAF305F44B2CD65C90047C21CAE821CA3F5B7699B649CE4E4B16BD8B98E (4728 bytes)
1548691677.571189 ccnd[27541]: debug.2933 remove_queued_content ccnx:/DEFAULT/d2/=FD05C4A0237F33/=000692/=9A1F6FA8E9D70DF69B327592BE43777B19905C3EFA1ED94FA6B15652541E3E79 (4728 bytes)
1548691677.572324 ccnd[27541]: debug.2933 remove_queued_content ccnx:/DEFAULT/d2/=FD05C4A0237F33/=000693/h=031C356C4AF2E18059316E497CB0435B47AFBE360D554EDD4F9E61D1099A1F (4728 bytes)
1548691677.572397 ccnd[27541]: debug.2933 remove_queued_content ccnx:/DEFAULT/d2/=FD05C4A0237F33/=000694/i9=B5AB53608BBD426FD041AEA4BCF25E26A476F55992C9C093753E6D7A540F (4728 bytes)
1548691677.573533 ccnd[27541]: debug.2933 remove_queued_content ccnx:/DEFAULT/d2/=FD05C4A0237F33/=000695/=EAA22D5D432849FA2A6ECB574F252FEC7677DBE05EE69120F2AACF03C129A500 (4728 bytes)
1548691677.573606 ccnd[27541]: debug.2933 remove_queued_content ccnx:/DEFAULT/d2/=FD05C4A0237F33/=000696/=A4F55FBCA36F83BCD0E8988A00718DB6ADE7DA67E9D31FFA0365FB578D9EA3BF (4728 bytes)
1548691677.575545 ccnd[27541]: debug.2933 remove_queued_content ccnx:/DEFAULT/d2/=FD05C4A0237F33/=000697/x=9B2546F9CB16AF6FBB7E404202F8B119A9445EDD1677D6D8941345AAFC513B (4728 bytes)
1548691677.576456 ccnd[27541]: debug.2933 remove_queued_content ccnx:/DEFAULT/d2/=FD05C4A0237F33/=000698/c=07F0605E956202034A3936CD6980E163CD4C47FDE715F3FFF2D69CE4F22935 (4728 bytes)
1548691677.576530 ccnd[27541]: debug.2933 remove_queued_content ccnx:/DEFAULT/d2/=FD05C4A0237F33/=000699/=E4EA9839F9E2D144E872D1DA5C1439B2FDB32770AC41A9BBFA40DA7A6CC0D0DB (4728 bytes)
1548691677.578961 ccnd[27541]: debug.2933 remove_queued_content ccnx:/DEFAULT/d2/=FD05C4A0237F33/=00069A/%2F1KMW=221027834963A4351FC79FBFCB58D159416259BAB2F84DA7F8B1C2 (4728 bytes)
1548691677.579041 ccnd[27541]: debug.2933 remove_queued_content ccnx:/DEFAULT/d2/=FD05C4A0237F33/=00069B/%B2E%1FL=261DBAC3E6BC7706B718F07012097F57DE768FD2F07149BE299A06B8 (4728 bytes)
1548691677.590004 ccnd[27541]: debug.2933 remove_queued_content ccnx:/DEFAULT/d2/=FD05C4A0237F33/=00069C/=C41B32F8FA4D8D3BD7AF9778DFE95690603E5D47CD1E20C57EFAFABD3638B2C7 (4728 bytes)
1548691677.590078 ccnd[27541]: debug.2933 remove_queued_content ccnx:/DEFAULT/d2/=FD05C4A0237F33/=00069D/_m=18A060F3B35BA6DA69974A185453BF4EE72095F5DC45BBF35564B4C49FBB (4728 bytes)
1548691677.590674 ccnd[27541]: debug.2933 remove_queued_content ccnx:/DEFAULT/d2/=FD05C4A0237F33/=00069E/=9F91EF36DFCF909C66702B84FE02F4AC7B2ED5DF4631D7498E95242098F18287 (4728 bytes)
1548691677.592304 ccnd[27541]: debug.2933 remove_queued_content ccnx:/DEFAULT/d2/=FD05C4A0237F33/=00069F/=E41F4C9FBE5FE44C4D1F5D106C0B636DB8AD825986E87274794430B8F7E5F680 (4728 bytes)
1548691681.518534 ccnd[27541]: debug.2933 remove_queued_content ccnx:/DEFAULT/d1/=FD05C4A0236683/=000877/Gw=FCAB84BFFA9ACDB5E04B180BA3325EA2CF47729BB3D7741B97710A1F880E (4728 bytes)
1548691681.519504 ccnd[27541]: debug.2933 remove_queued_content ccnx:/DEFAULT/d1/=FD05C4A0236683/=000878/=F6986901E97BC582D3E792596E474067607E97743E2B2A4447D28D2C1CD7F76D (4728 bytes)
1548691681.520320 ccnd[27541]: debug.2933 remove_queued_content ccnx:/DEFAULT/d1/=FD05C4A0236683/=000879/%21uLUG=C71CDA518FA3EC8D8488260C03C0DC1E357C4E47CC5F6B3CB66D5D (4728 bytes)
1548691681.521011 ccnd[27541]: debug.2933 remove_queued_content ccnx:/DEFAULT/d1/=FD05C4A0236683/=00087A/%F7t%B05=00E557C46CA18614A80FF560FC4474F991E70B31BA57FC5E26E3900E (4728 bytes)
1548691681.522663 ccnd[27541]: debug.2933 remove_queued_content ccnx:/DEFAULT/d1/=FD05C4A0236683/=00087B/=BA84D2B80C14444B1B660EF66AF8FD0FA10009A632166522CF6FDFA8671B6DBC (4728 bytes)
1548691681.522739 ccnd[27541]: debug.2933 remove_queued_content ccnx:/DEFAULT/d1/=FD05C4A0236683/=00087C/s=7B2369CECC00D203F75E997113FA9D370BA6F0B840D1D049C06DA3B444C1E3 (4728 bytes)
1548691681.523630 ccnd[27541]: debug.2933 remove_queued_content ccnx:/DEFAULT/d1/=FD05C4A0236683/=00087D/s=9711BFDC92219D881810D30FF62FB7A370D253A7CF9AFE2FD20AB24F57CC4E (4728 bytes)
1548691681.524413 ccnd[27541]: debug.2933 remove_queued_content ccnx:/DEFAULT/d1/=FD05C4A0236683/=00087E/=15AC870150425D3A8F10454F0F1C95F26EEBA75E9B7CF79A90D665DEF6AA02C8 (4728 bytes)
1548691681.526630 ccnd[27541]: debug.2933 remove_queued_content ccnx:/DEFAULT/d1/=FD05C4A0236683/=00087F/=C0F78A94A8CD3829F63F7C8DC3792EB1217A6AF7047BAF37CB51093EC8D3C8D1 (4728 bytes)
1548691681.527876 ccnd[27541]: debug.2933 remove_queued_content ccnx:/DEFAULT/d1/=FD05C4A0236683/=000880/=3AFD9F96DAAA7F96472C626466B793DB83B10040F05084E545303F9F8A85D464 (4728 bytes)
1548691681.549255 ccnd[27541]: debug.2933 remove_queued_content ccnx:/DEFAULT/d1/=FD05C4A0236683/=000881/=272CAED902201B85B609A41569331266B18ADE6DCF88E3960CEC90EFF58EC3BB (4728 bytes)
1548691681.560811 ccnd[27541]: debug.2933 remove_queued_content ccnx:/DEFAULT/d1/=FD05C4A0236683/=000882/4=A4081EEDADD418676D82F3F55CE0BAF765E893815A5BDA2213BDCADC1A28DB (4728 bytes)
1548691681.560894 ccnd[27541]: debug.2933 remove_queued_content ccnx:/DEFAULT/d1/=FD05C4A0236683/=000883/=AA2492A0B6AE8FBA56252AB735F617F7F682613E762F77411D1D9B42CD7E8030 (4728 bytes)
1548691681.561743 ccnd[27541]: debug.2933 remove_queued_content ccnx:/DEFAULT/d1/=FD05C4A0236683/=000884/=0ABD4F9356E96F7AE7F314090F9B96B336D9A0230086D284BE2D70E7290D5964 (4728 bytes)
1548691681.561817 ccnd[27541]: debug.2933 remove_queued_content ccnx:/DEFAULT/d1/=FD05C4A0236683/=000885/=A03F2A392E693D9F3027783DBE618509264C70E91063D4A9FBF61ACE58C2E852 (4728 bytes)
1548691681.562579 ccnd[27541]: debug.2933 remove_queued_content ccnx:/DEFAULT/d1/=FD05C4A0236683/=000886/=3B08ECC87E986B7AC8BB8BC5B858BFDCE15A80B5238356D341A88C2D62DC360B (4728 bytes)
1548691681.562653 ccnd[27541]: debug.2933 remove_queued_content ccnx:/DEFAULT/d1/=FD05C4A0236683/=000887/j=F17F87D1FECD29B801A334259FD256DDE7A1551C50A80B05AEBF21FDD24E8D (4728 bytes)
1548691681.564315 ccnd[27541]: debug.2933 remove_queued_content ccnx:/DEFAULT/d1/=FD05C4A0236683/=000888/%A1I=18830AFCBD8470C8325693A0C5E0653512CCB7A822B534319654CECA5C3C (4728 bytes)
1548691681.565149 ccnd[27541]: debug.2933 remove_queued_content ccnx:/DEFAULT/d1/=FD05C4A0236683/=000889/=14A396498B07C9CA7B1B1A9E3C919AE71739D806BADE3D8940E3FFDE3F8CCD07 (4728 bytes)
1548691681.621019 ccnd[27541]: debug.2933 remove_queued_content ccnx:/DEFAULT/d1/=FD05C4A0236683/=00088A/=FBA7393AB19010C627DF3B7E7ECCA6C0CBF64E21401347E11E6055110C4754CF (4728 bytes)
1548691681.650722 ccnd[27541]: debug.2933 remove_queued_content ccnx:/DEFAULT/d1/=FD05C4A0236683/=000877/Gw=FCAB84BFFA9ACDB5E04B180BA3325EA2CF47729BB3D7741B97710A1F880E (4728 bytes)
1548691683.792778 ccnd[27541]: debug.2933 remove_queued_content ccnx:/%C1.M.S.neighborhood/%C1.M.SRV/ccnd/KEY/%C1.M.K=001B6083DC57ECD162EDAEC17F5CC893CB0FB8BBD5EE1FF2E9246A5A8324F0C0E7/=FD05C4F2848BA9/=00/=D9E6253AB66E5DCB1192FA5A0C38A0081520183ABB44D951D4D9E28C72B06D87 (581 bytes)
1548691685.505782 ccnd[27541]: debug.2933 remove_queued_content ccnx:/DEFAULT/d2/=FD05C4A0237F33/=0008CE/=ABB00DB3F0C743FBE2AC15ACB9B5F32C3B90C4C1274EDF3182092CB490FD7E0B (4728 bytes)
1548691685.505864 ccnd[27541]: debug.2933 remove_queued_content ccnx:/DEFAULT/d2/=FD05C4A0237F33/=0008CF/=FDBA16D4E7AE5C9BE456E5DDE8C6C2C3D2EB91BAE0C9FBE6D0CB3DDD3820C037 (4728 bytes)
1548691685.508057 ccnd[27541]: debug.2933 remove_queued_content ccnx:/DEFAULT/d2/=FD05C4A0237F33/=0008D0/=D5DDF6D14A8A3316FFB32D9DDAD19F9F3B9D802FEFB1329DF06BFE4DCE7F1FC9 (4728 bytes)
1548691685.508131 ccnd[27541]: debug.2933 remove_queued_content ccnx:/DEFAULT/d2/=FD05C4A0237F33/=0008D1/=F3CB06C56D5C87AEDE5001B30724C1A83D287FC58FC7C9C7A877470E06C855E5 (4728 bytes)
1548691685.509573 ccnd[27541]: debug.2933 remove_queued_content ccnx:/DEFAULT/d2/=FD05C4A0237F33/=0008D2/W=1C11C2AE36EF0669E99DA46D9E46F78E037AF635C4A15E9FFDEEFF3B6E8255 (4728 bytes)
1548691685.509683 ccnd[27541]: debug.2933 remove_queued_content ccnx:/DEFAULT/d2/=FD05C4A0237F33/=0008D3/X=D2C04CE904A49D75D4CF52043CE1D46FD89B34FFD109B960E9F9FB35C7338C (4728 bytes)
1548691685.510490 ccnd[27541]: debug.2933 remove_queued_content ccnx:/DEFAULT/d2/=FD05C4A0237F33/=0008D4/=C0914B4314CF1BCB7897D2BEF7E4884B8C4F02B7189FF7C15905492282F7B7A0 (4728 bytes)
1548691685.511947 ccnd[27541]: debug.2933 remove_queued_content ccnx:/DEFAULT/d2/=FD05C4A0237F33/=0008D5/=01E75BB42C4208F94041337D53D4FB79008433D907E20F710A7FA3B8DDF53663 (4728 bytes)
1548691685.512017 ccnd[27541]: debug.2933 remove_queued_content ccnx:/DEFAULT/d2/=FD05C4A0237F33/=0008D6/=A316E272B4FEE7559DBA4DB5E9339816FAB4660D74C11D52CAFDBE31752BD1AF (4728 bytes)
1548691685.513406 ccnd[27541]: debug.2933 remove_queued_content ccnx:/DEFAULT/d2/=FD05C4A0237F33/=0008D7/%1Ep=D9C862F63F03500741A3B5BCAD49FA2E46AD4F2810E3B3A40CB99F7778AD (4728 bytes)
1548691685.514781 ccnd[27541]: debug.2933 remove_queued_content ccnx:/DEFAULT/d2/=FD05C4A0237F33/=0008D8/=ECE76C026C4F3F61EA7622686504DB702F686D964C0F0390C030980627A78A8E (4728 bytes)
1548691685.528038 ccnd[27541]: debug.2933 remove_queued_content ccnx:/DEFAULT/d2/=FD05C4A0237F33/=0008D9/5=1FB51C057DAF2F4063B18D2EDE57A7B558A5B354695AC5AC7E186954A096DE (4728 bytes)
1548691685.528509 ccnd[27541]: debug.2933 remove_queued_content ccnx:/DEFAULT/d2/=FD05C4A0237F33/=0008DA/.=3DA27066CED2126359B35560FEFC4A8AD8011DFCA655F23207335E86F2E30A (4728 bytes)
1548691685.529150 ccnd[27541]: debug.2933 remove_queued_content ccnx:/DEFAULT/d2/=FD05C4A0237F33/=0008DB/%04.%9AD=B15E7A8998CDE4BA7E5519EB811AE6625B3A5BA61039FF4A66637405 (4728 bytes)
1548691685.529222 ccnd[27541]: debug.2933 remove_queued_content ccnx:/DEFAULT/d2/=FD05C4A0237F33/=0008DC/%15v=AF24815220CB57F3BA8DF15C256A5A6633B436C16F1ED225CE9EFD1A2D98 (4728 bytes)
1548691685.530008 ccnd[27541]: debug.2933 remove_queued_content ccnx:/DEFAULT/d2/=FD05C4A0237F33/=0008DD/=83F1D5ABAB386DF8FECF09D480054F1884611C345B7F3512B764BCAC8D7A5DDF (4728 bytes)
1548691685.530078 ccnd[27541]: debug.2933 remove_queued_content ccnx:/DEFAULT/d2/=FD05C4A0237F33/=0008DE/%EFy=26F905A7A3E5CFBA4F54C31AB57B8562C050AEC1FA6440D9C7580B9E10CA (4728 bytes)
1548691685.530871 ccnd[27541]: debug.2933 remove_queued_content ccnx:/DEFAULT/d2/=FD05C4A0237F33/=0008DF/=9117B5AD59D56F86FDB788200ED01CFDE76400564EE8F9122E7E866D1403241C (4728 bytes)
1548691685.530940 ccnd[27541]: debug.2933 remove_queued_content ccnx:/DEFAULT/d2/=FD05C4A0237F33/=0008E0/CK=CF1ABD89202F03365E6961AC8E073BE27D215BC2E45539C2C7E67BF0F811 (4728 bytes)
1548691685.540960 ccnd[27541]: debug.2933 remove_queued_content ccnx:/DEFAULT/d2/=FD05C4A0237F33/=0008E1/CN=8FF08A2CE6D355E422F24E0E77FF6A28A139C56A66E3A7F09F0D25E63E84 (4728 bytes)
1548691696.040711 ccnd[27541]: debug.2933 remove_queued_content ccnx:/%C1.M.FACE/%C1.M.G=0000A02975F68D0060534E4CA391/%C1.M.NODE/%C1.M.K=001B6083DC57ECD162EDAEC17F5CC893CB0FB8BBD5EE1FF2E9246A5A8324F0C0E7/face~8/=FD05C4F28F00A5/=00/=40F3752527C9CF275C6A5D0CFF5AC34D19FBC6533B30266DE0BEAC248A0FDBBC (485 bytes)
1548691700.040635 ccnd[27541]: debug.2933 remove_queued_content ccnx:/%C1.M.FACE/%C1.M.G=0000A02975F68D0060534E4CA391/%C1.M.NODE/%C1.M.K=001B6083DC57ECD162EDAEC17F5CC893CB0FB8BBD5EE1FF2E9246A5A8324F0C0E7/face~8/=FD05C4F28F00A5/=00/=40F3752527C9CF275C6A5D0CFF5AC34D19FBC6533B30266DE0BEAC248A0FDBBC (485 bytes)
1548691700.044943 ccnd[27541]: debug.2933 remove_queued_content ccnx:/%C1.M.S.neighborhood/%C1.M.SRV/ccnd/KEY/%C1.M.K=001B6083DC57ECD162EDAEC17F5CC893CB0FB8BBD5EE1FF2E9246A5A8324F0C0E7/=FD05C4F2848BA9/=00/=D9E6253AB66E5DCB1192FA5A0C38A0081520183ABB44D951D4D9E28C72B06D87 (581 bytes)
1548691713.448484 ccnd[27541]: debug.2933 remove_queued_content ccnx:/%C1.M.S.neighborhood/%C1.M.SRV/ccnd/KEY/%C1.M.K=001B6083DC57ECD162EDAEC17F5CC893CB0FB8BBD5EE1FF2E9246A5A8324F0C0E7/=FD05C4F2848BA9/=00/=D9E6253AB66E5DCB1192FA5A0C38A0081520183ABB44D951D4D9E28C72B06D87 (581 bytes)
1548691724.221590 ccnd[27541]: accepted client fd=8 id=9
1548691724.223088 ccnd[27541]: accepted client fd=10 id=10
1548691724.223101 ccnd[27541]: stopping (/tmp/.ccnd.sock gone)
1548691724.223105 ccnd[27541]: exiting.
1548691724.223113 ccnd[27541]: closing fd 3 while finalizing face 1
1548691724.223118 ccnd[27541]: releasing face id 1 (slot 1)
1548691724.223126 ccnd[27541]: closing fd 5 while finalizing face 3
1548691724.223130 ccnd[27541]: releasing face id 3 (slot 3)
1548691724.223137 ccnd[27541]: closing fd 7 while finalizing face 5
1548691724.223141 ccnd[27541]: releasing face id 5 (slot 5)
1548691724.223147 ccnd[27541]: closing fd 4 while finalizing face 2
1548691724.223151 ccnd[27541]: releasing face id 2 (slot 2)
1548691724.223157 ccnd[27541]: closing fd 6 while finalizing face 4
1548691724.223161 ccnd[27541]: releasing face id 4 (slot 4)
1548691724.223268 ccnd[27541]: releasing face id 8 (slot 8)
1548691724.223275 ccnd[27541]: closing fd 8 while finalizing face 9
1548691724.223279 ccnd[27541]: releasing face id 9 (slot 9)
1548691724.223291 ccnd[27541]: closing fd 10 while finalizing face 10
1548691724.223295 ccnd[27541]: recycling face id 10 (slot 10)
1548691724.223303 ccnd[27541]: closing fd 9 while finalizing face 7
1548691724.223309 ccnd[27541]: releasing face id 7 (slot 7)
1548691724.223492 ccnr[27546]: lost connection to ccnd
1548691724.223502 ccnr[27546]: exiting.
