1548577301.000000 ccnd[11235]:  ____________________ Sun Jan 27 17:21:41 2019
1548577301.297009 00000000.ccnd[11235]: =======================ex index n: 0
1548577301.297058 00000000.ccnd[11235]: =======================ex index l: 12
1548577301.297063 ccnd[11235]: CCND_DEBUG=1 CCND_CAP=50
1548577301.297066 ccnd[11235]: CCND_DEBUG=1 CCND_CAP_G=50
1548577301.297107 ccnd[11235]: listening on /tmp/.ccnd.sock
1548577301.297122 ccnd[11235]: accepting ipv4 datagrams on fd 4 rcvbuf 212992
1548577301.297131 ccnd[11235]: accepting ipv4 connections on fd 5
1548577301.297141 ccnd[11235]: accepting ipv6 datagrams on fd 6 rcvbuf 212992
1548577301.297149 ccnd[11235]: accepting ipv6 connections on fd 7
1548577301.347664 ccnd[11235]: accepted client fd=8 id=6
1548577301.347722 ccnd[11235]: shutdown client fd=8 id=6
1548577301.347728 ccnd[11235]: recycling face id 6 (slot 6)
1548577301.348469 ccnr[11240]: CCNR_DEBUG=7 CCNR_DIRECTORY=. CCNR_STATUS_PORT=
1548577301.348570 ccnr[11240]: Repository file is indexed
1548577301.350361 ccnd[11235]: accepted client fd=8 id=6
1548577301.350945 ccnd[11235]: accepted client fd=9 id=7
1548577301.361792 ccnd[11235]: accepted datagram client id=8 (flags=0x40012) 192.168.122.101 port 9695
1548577301.367486 ccnd[11235]: shutdown client fd=8 id=6
1548577301.367496 ccnd[11235]: releasing face id 6 (slot 6)
1548577301.368286 ccnd[11235]: accepted client fd=8 id=9
1548577301.370535 ccnd[11235]: accepted datagram client id=10 (flags=0x40012) 192.168.122.103 port 9695
1548577301.371250 ccnd[11235]: shutdown client fd=8 id=9
1548577301.371259 ccnd[11235]: releasing face id 9 (slot 9)
1548577301.372056 ccnd[11235]: accepted client fd=8 id=11
1548577301.374319 ccnd[11235]: accepted datagram client id=12 (flags=0x40012) 192.168.122.104 port 9695
1548577301.375030 ccnd[11235]: shutdown client fd=8 id=11
1548577301.375038 ccnd[11235]: releasing face id 11 (slot 11)
1548577356.000025 ccnd[11235]: #CANUSE#:5000000 #FACE#:10 #SENDAMOUNT#:4729
1548577357.000005 ccnd[11235]: #CANUSE#:10000000 #FACE#:10 #SENDAMOUNT#:553876
1548577358.000004 ccnd[11235]: #CANUSE#:9999998 #FACE#:10 #SENDAMOUNT#:1883148
1548577359.000005 ccnd[11235]: #CANUSE#:10000000 #FACE#:10 #SENDAMOUNT#:2507640
1548577360.000343 ccnd[11235]: #CANUSE#:10000000 #FACE#:10 #SENDAMOUNT#:3756624
1548577361.000004 ccnd[11235]: #CANUSE#:10000000 #FACE#:10 #SENDAMOUNT#:3955326
1548577362.000006 ccnd[11235]: #CANUSE#:10000000 #FACE#:10 #SENDAMOUNT#:4787982
1548577363.000005 ccnd[11235]: #CANUSE#:10000000 #FACE#:10 #SENDAMOUNT#:5540211
1548577364.000004 ccnd[11235]: #CANUSE#:10000000 #FACE#:10 #SENDAMOUNT#:5549673
1548577365.000004 ccnd[11235]: #CANUSE#:10000000 #FACE#:10 #SENDAMOUNT#:6798657
1548577366.000005 ccnd[11235]: #CANUSE#:10000000 #FACE#:10 #SENDAMOUNT#:8047641
1548577367.000007 ccnd[11235]: #CANUSE#:10000000 #FACE#:10 #SENDAMOUNT#:9296625
1548577368.000005 ccnd[11235]: #CANUSE#:5830421 #FACE#:10 #SENDAMOUNT#:10545609
1548577369.000004 ccnd[11235]: #CANUSE#:10000000 #FACE#:10 #SENDAMOUNT#:11274183
1548577370.000004 ccnd[11235]: #CANUSE#:10000000 #FACE#:10 #SENDAMOUNT#:11392458
1548577371.000007 ccnd[11235]: #CANUSE#:10000000 #FACE#:10 #SENDAMOUNT#:11401920
1548577381.000006 ccnd[11235]: #CANUSE#:8320971 #FACE#:10 #SENDAMOUNT#:11766596
1548577382.000005 ccnd[11235]: #CANUSE#:10000000 #FACE#:10 #SENDAMOUNT#:12111886
1548577383.000004 ccnd[11235]: #CANUSE#:10000000 #FACE#:10 #SENDAMOUNT#:13710858
1548577384.000005 ccnd[11235]: #CANUSE#:10000000 #FACE#:10 #SENDAMOUNT#:13942677
1548577385.000005 ccnd[11235]: #CANUSE#:10000000 #FACE#:10 #SENDAMOUNT#:15191661
1548577385.000019 ccnd[11235]: #CANUSE#:10000000 #FACE#:12 #SENDAMOUNT#:4731
1548577386.000005 ccnd[11235]: #CANUSE#:10000000 #FACE#:10 #SENDAMOUNT#:16421721
1548577387.000005 ccnd[11235]: #CANUSE#:10000000 #FACE#:10 #SENDAMOUNT#:17401038
1548577388.000005 ccnd[11235]: #CANUSE#:10000000 #FACE#:10 #SENDAMOUNT#:18650022
1548577389.000004 ccnd[11235]: #CANUSE#:10000000 #FACE#:10 #SENDAMOUNT#:19899006
1548577390.000004 ccnd[11235]: #CANUSE#:10000000 #FACE#:10 #SENDAMOUNT#:21147990
1548577391.000004 ccnd[11235]: #CANUSE#:10000000 #FACE#:10 #SENDAMOUNT#:21956991
1548577392.000007 ccnd[11235]: #CANUSE#:10000000 #FACE#:10 #SENDAMOUNT#:23205975
1548577393.000004 ccnd[11235]: #CANUSE#:10000000 #FACE#:10 #SENDAMOUNT#:23513855
1548577398.000005 ccnd[11235]: #CANUSE#:10000000 #FACE#:10 #SENDAMOUNT#:23703521
1548577399.000003 ccnd[11235]: #CANUSE#:10000000 #FACE#:10 #SENDAMOUNT#:24327881
1548577400.000005 ccnd[11235]: #CANUSE#:5981390 #FACE#:10 #SENDAMOUNT#:25666669
1548577401.000005 ccnd[11235]: #CANUSE#:10000000 #FACE#:10 #SENDAMOUNT#:26414167
1548577402.000004 ccnd[11235]: #CANUSE#:10000000 #FACE#:10 #SENDAMOUNT#:27663151
1548577403.000005 ccnd[11235]: #CANUSE#:10000000 #FACE#:10 #SENDAMOUNT#:28912135
1548577404.000006 ccnd[11235]: #CANUSE#:10000000 #FACE#:10 #SENDAMOUNT#:30161119
1548577405.000005 ccnd[11235]: #CANUSE#:10000000 #FACE#:10 #SENDAMOUNT#:31045816
1548577406.000005 ccnd[11235]: #CANUSE#:10000000 #FACE#:10 #SENDAMOUNT#:32294800
1548577407.000005 ccnd[11235]: #CANUSE#:10000000 #FACE#:10 #SENDAMOUNT#:33543784
1548577408.000005 ccnd[11235]: #CANUSE#:6434359 #FACE#:10 #SENDAMOUNT#:34792768
1548577409.000004 ccnd[11235]: #CANUSE#:10000000 #FACE#:10 #SENDAMOUNT#:35597038
1548577415.000006 ccnd[11235]: #CANUSE#:9999998 #FACE#:10 #SENDAMOUNT#:36302655
1548577416.000004 ccnd[11235]: #CANUSE#:8251990 #FACE#:10 #SENDAMOUNT#:37442703
1548577417.000006 ccnd[11235]: #CANUSE#:10000000 #FACE#:10 #SENDAMOUNT#:37958382
1548577418.000007 ccnd[11235]: #CANUSE#:10000000 #FACE#:10 #SENDAMOUNT#:38843079
1548577419.000006 ccnd[11235]: #CANUSE#:10000000 #FACE#:10 #SENDAMOUNT#:38862003
1548577421.000005 ccnd[11235]: #CANUSE#:10000000 #FACE#:10 #SENDAMOUNT#:39609501
1548577422.000005 ccnd[11235]: #CANUSE#:10000000 #FACE#:10 #SENDAMOUNT#:40290765
1548577423.000004 ccnd[11235]: #CANUSE#:10000000 #FACE#:10 #SENDAMOUNT#:40957836
1548577424.000008 ccnd[11235]: #CANUSE#:10000000 #FACE#:10 #SENDAMOUNT#:41866188
1548577425.000007 ccnd[11235]: #CANUSE#:10000000 #FACE#:10 #SENDAMOUNT#:43115172
1548577426.000006 ccnd[11235]: #CANUSE#:10000000 #FACE#:10 #SENDAMOUNT#:44364156
1548577427.000004 ccnd[11235]: #CANUSE#:10000000 #FACE#:10 #SENDAMOUNT#:45613140
1548577428.000006 ccnd[11235]: #CANUSE#:10000000 #FACE#:10 #SENDAMOUNT#:46862124
1548577429.000004 ccnd[11235]: #CANUSE#:10000000 #FACE#:10 #SENDAMOUNT#:47794496
1548577434.000007 ccnd[11235]: #CANUSE#:6500000 #FACE#:10 #SENDAMOUNT#:47799225
1548577435.000005 ccnd[11235]: #CANUSE#:10000000 #FACE#:10 #SENDAMOUNT#:48315262
1548577436.000005 ccnd[11235]: #CANUSE#:10000000 #FACE#:10 #SENDAMOUNT#:49417438
1548577437.000005 ccnd[11235]: #CANUSE#:10000000 #FACE#:10 #SENDAMOUNT#:50571802
1548577438.000006 ccnd[11235]: #CANUSE#:10000000 #FACE#:10 #SENDAMOUNT#:51324031
1548577439.000006 ccnd[11235]: #CANUSE#:6500000 #FACE#:10 #SENDAMOUNT#:51532195
1548577441.000005 ccnd[11235]: #CANUSE#:10000000 #FACE#:10 #SENDAMOUNT#:52341196
1548577442.000005 ccnd[11235]: #CANUSE#:10000000 #FACE#:10 #SENDAMOUNT#:53590180
1548577443.000006 ccnd[11235]: #CANUSE#:10000000 #FACE#:10 #SENDAMOUNT#:54839164
1548577444.000008 ccnd[11235]: #CANUSE#:10000000 #FACE#:10 #SENDAMOUNT#:56078686
1548577445.000007 ccnd[11235]: #CANUSE#:10000000 #FACE#:10 #SENDAMOUNT#:57327670
1548577446.000007 ccnd[11235]: #CANUSE#:10000000 #FACE#:10 #SENDAMOUNT#:58576654
1548577447.000008 ccnd[11235]: #CANUSE#:10000000 #FACE#:10 #SENDAMOUNT#:59825638
1548577452.000005 ccnd[11235]: #CANUSE#:6500000 #FACE#:10 #SENDAMOUNT#:59939545
1548577453.000005 ccnd[11235]: #CANUSE#:10000000 #FACE#:10 #SENDAMOUNT#:60493422
1548577454.000007 ccnd[11235]: #CANUSE#:10000000 #FACE#:10 #SENDAMOUNT#:61680765
1548577455.000005 ccnd[11235]: #CANUSE#:10000000 #FACE#:10 #SENDAMOUNT#:62305257
1548577456.000005 ccnd[11235]: #CANUSE#:6500000 #FACE#:10 #SENDAMOUNT#:63554241
1548577457.000006 ccnd[11235]: #CANUSE#:10000000 #FACE#:10 #SENDAMOUNT#:64363242
1548577458.000007 ccnd[11235]: #CANUSE#:10000000 #FACE#:10 #SENDAMOUNT#:65612226
1548577459.000005 ccnd[11235]: #CANUSE#:10000000 #FACE#:10 #SENDAMOUNT#:66861210
1548577460.000005 ccnd[11235]: #CANUSE#:10000000 #FACE#:10 #SENDAMOUNT#:68110194
1548577461.000005 ccnd[11235]: #CANUSE#:10000000 #FACE#:10 #SENDAMOUNT#:69359178
1548577462.000005 ccnd[11235]: #CANUSE#:10000000 #FACE#:10 #SENDAMOUNT#:69557880
1548577463.000004 ccnd[11235]: #CANUSE#:10000000 #FACE#:10 #SENDAMOUNT#:70806864
1548577464.000004 ccnd[11235]: #CANUSE#:6500000 #FACE#:10 #SENDAMOUNT#:72055848
1548577470.000007 ccnd[11235]: #CANUSE#:10000000 #FACE#:10 #SENDAMOUNT#:72439812
1548577471.000005 ccnd[11235]: #CANUSE#:10000000 #FACE#:10 #SENDAMOUNT#:73064172
1548577472.000007 ccnd[11235]: #CANUSE#:8666666 #FACE#:10 #SENDAMOUNT#:73371637
1548577473.000004 ccnd[11235]: #CANUSE#:10000000 #FACE#:10 #SENDAMOUNT#:73910971
1548577474.000005 ccnd[11235]: #CANUSE#:10000000 #FACE#:10 #SENDAMOUNT#:74876095
1548577475.000004 ccnd[11235]: #CANUSE#:10000000 #FACE#:10 #SENDAMOUNT#:76125079
1548577476.000006 ccnd[11235]: #CANUSE#:10000000 #FACE#:10 #SENDAMOUNT#:77374063
1548577477.000004 ccnd[11235]: #CANUSE#:10000000 #FACE#:10 #SENDAMOUNT#:78623047
1548577478.000007 ccnd[11235]: #CANUSE#:10000000 #FACE#:10 #SENDAMOUNT#:79872031
1548577479.000003 ccnd[11235]: #CANUSE#:10000000 #FACE#:10 #SENDAMOUNT#:81121015
1548577480.000005 ccnd[11235]: #CANUSE#:10000000 #FACE#:10 #SENDAMOUNT#:82369999
1548577481.000004 ccnd[11235]: #CANUSE#:10000000 #FACE#:10 #SENDAMOUNT#:83618983
1548577482.000006 ccnd[11235]: #CANUSE#:10000000 #FACE#:10 #SENDAMOUNT#:84205992
1548577483.000007 ccnd[11235]: #CANUSE#:10000000 #FACE#:10 #SENDAMOUNT#:84210723
1548577484.000006 ccnd[11235]: #CANUSE#:10000000 #FACE#:10 #SENDAMOUNT#:84215454
1548577489.000004 ccnd[11235]: #CANUSE#:9999999 #FACE#:10 #SENDAMOUNT#:84518640
1548577490.000004 ccnd[11235]: #CANUSE#:10000000 #FACE#:10 #SENDAMOUNT#:84934880
1548577491.000005 ccnd[11235]: #CANUSE#:10000000 #FACE#:10 #SENDAMOUNT#:86514930
1548577492.000004 ccnd[11235]: #CANUSE#:10000000 #FACE#:10 #SENDAMOUNT#:87763914
1548577493.000005 ccnd[11235]: #CANUSE#:10000000 #FACE#:10 #SENDAMOUNT#:89008167
1548577494.000005 ccnd[11235]: #CANUSE#:10000000 #FACE#:10 #SENDAMOUNT#:90214572
1548577495.000007 ccnd[11235]: #CANUSE#:10000000 #FACE#:10 #SENDAMOUNT#:91439901
1548577496.000006 ccnd[11235]: #CANUSE#:6500000 #FACE#:10 #SENDAMOUNT#:92688885
1548577497.000007 ccnd[11235]: #CANUSE#:10000000 #FACE#:10 #SENDAMOUNT#:93497886
1548577498.000006 ccnd[11235]: #CANUSE#:10000000 #FACE#:10 #SENDAMOUNT#:94335273
1548577499.000003 ccnd[11235]: #CANUSE#:10000000 #FACE#:10 #SENDAMOUNT#:95584257
1548577505.000005 ccnd[11235]: #CANUSE#:10000000 #FACE#:10 #SENDAMOUNT#:96985331
1548577506.000005 ccnd[11235]: #CANUSE#:10000000 #FACE#:10 #SENDAMOUNT#:97188721
1548577507.000004 ccnd[11235]: #CANUSE#:10000000 #FACE#:10 #SENDAMOUNT#:98059142
1548577508.000003 ccnd[11235]: #CANUSE#:10000000 #FACE#:10 #SENDAMOUNT#:98683634
1548577509.000005 ccnd[11235]: #CANUSE#:10000000 #FACE#:10 #SENDAMOUNT#:99932618
1548577510.000006 ccnd[11235]: #CANUSE#:10000000 #FACE#:10 #SENDAMOUNT#:101181602
1548577511.000006 ccnd[11235]: #CANUSE#:10000000 #FACE#:10 #SENDAMOUNT#:102430586
1548577512.000006 ccnd[11235]: #CANUSE#:6500000 #FACE#:10 #SENDAMOUNT#:103679570
1548577513.000004 ccnd[11235]: #CANUSE#:10000000 #FACE#:10 #SENDAMOUNT#:104488571
1548577514.000004 ccnd[11235]: #CANUSE#:10000000 #FACE#:10 #SENDAMOUNT#:105737555
1548577515.000004 ccnd[11235]: #CANUSE#:10000000 #FACE#:10 #SENDAMOUNT#:106986539
1548577516.000005 ccnd[11235]: #CANUSE#:10000000 #FACE#:10 #SENDAMOUNT#:108235523
1548577522.000005 ccnd[11235]: #CANUSE#:10000000 #FACE#:10 #SENDAMOUNT#:109135111
1548577523.000005 ccnd[11235]: #CANUSE#:10000000 #FACE#:10 #SENDAMOUNT#:109357421
1548577524.000005 ccnd[11235]: #CANUSE#:10000000 #FACE#:10 #SENDAMOUNT#:110260966
1548577525.000006 ccnd[11235]: #CANUSE#:10000000 #FACE#:10 #SENDAMOUNT#:110885458
1548577526.000008 ccnd[11235]: #CANUSE#:10000000 #FACE#:10 #SENDAMOUNT#:112120249
1548577527.000006 ccnd[11235]: #CANUSE#:10000000 #FACE#:10 #SENDAMOUNT#:113033332
1548577528.000004 ccnd[11235]: #CANUSE#:6500000 #FACE#:10 #SENDAMOUNT#:114282316
1548577529.000004 ccnd[11235]: #CANUSE#:10000000 #FACE#:10 #SENDAMOUNT#:115091317
1548577530.000004 ccnd[11235]: #CANUSE#:10000000 #FACE#:10 #SENDAMOUNT#:116340301
1548577531.000006 ccnd[11235]: #CANUSE#:10000000 #FACE#:10 #SENDAMOUNT#:117541975
1548577532.000007 ccnd[11235]: #CANUSE#:10000000 #FACE#:10 #SENDAMOUNT#:118790959
1548577533.000005 ccnd[11235]: #CANUSE#:10000000 #FACE#:10 #SENDAMOUNT#:120039943
1548577534.000005 ccnd[11235]: #CANUSE#:10000000 #FACE#:10 #SENDAMOUNT#:120617490
1548577539.000008 ccnd[11235]: #CANUSE#:6500000 #FACE#:10 #SENDAMOUNT#:120622219
1548577540.000005 ccnd[11235]: #CANUSE#:10000000 #FACE#:10 #SENDAMOUNT#:121247046
1548577541.000006 ccnd[11235]: #CANUSE#:10000000 #FACE#:10 #SENDAMOUNT#:122543216
1548577542.000004 ccnd[11235]: #CANUSE#:10000000 #FACE#:10 #SENDAMOUNT#:123167708
1548577543.000004 ccnd[11235]: #CANUSE#:10000000 #FACE#:10 #SENDAMOUNT#:124411961
1548577544.000006 ccnd[11235]: #CANUSE#:6500000 #FACE#:10 #SENDAMOUNT#:125651483
1548577545.000006 ccnd[11235]: #CANUSE#:10000000 #FACE#:10 #SENDAMOUNT#:126460484
1548577546.000005 ccnd[11235]: #CANUSE#:10000000 #FACE#:10 #SENDAMOUNT#:127709468
1548577547.000005 ccnd[11235]: #CANUSE#:10000000 #FACE#:10 #SENDAMOUNT#:128958452
1548577548.000005 ccnd[11235]: #CANUSE#:10000000 #FACE#:10 #SENDAMOUNT#:130207436
1548577549.000006 ccnd[11235]: #CANUSE#:10000000 #FACE#:10 #SENDAMOUNT#:131456420
1548577550.000005 ccnd[11235]: #CANUSE#:10000000 #FACE#:10 #SENDAMOUNT#:132705404
1548577556.000004 ccnd[11235]: #CANUSE#:10000000 #FACE#:10 #SENDAMOUNT#:133382635
1548577557.000006 ccnd[11235]: #CANUSE#:10000000 #FACE#:10 #SENDAMOUNT#:134262478
1548577558.000007 ccnd[11235]: #CANUSE#:10000000 #FACE#:10 #SENDAMOUNT#:134886970
1548577559.000006 ccnd[11235]: #CANUSE#:10000000 #FACE#:10 #SENDAMOUNT#:135497269
1548577560.000005 ccnd[11235]: #CANUSE#:10000000 #FACE#:10 #SENDAMOUNT#:136746253
1548577561.000005 ccnd[11235]: #CANUSE#:10000000 #FACE#:10 #SENDAMOUNT#:137995237
1548577562.000005 ccnd[11235]: #CANUSE#:10000000 #FACE#:10 #SENDAMOUNT#:139244221
1548577563.000005 ccnd[11235]: #CANUSE#:10000000 #FACE#:10 #SENDAMOUNT#:140493205
1548577564.000005 ccnd[11235]: #CANUSE#:10000000 #FACE#:10 #SENDAMOUNT#:140691907
1548577565.000005 ccnd[11235]: #CANUSE#:10000000 #FACE#:10 #SENDAMOUNT#:141940891
1548577566.000006 ccnd[11235]: #CANUSE#:10000000 #FACE#:10 #SENDAMOUNT#:143189875
1548577567.000006 ccnd[11235]: #CANUSE#:10000000 #FACE#:10 #SENDAMOUNT#:144438859
1548577573.000006 ccnd[11235]: #CANUSE#:9750000 #FACE#:10 #SENDAMOUNT#:145399976
1548577574.000004 ccnd[11235]: #CANUSE#:10000000 #FACE#:10 #SENDAMOUNT#:145802026
1548577575.000005 ccnd[11235]: #CANUSE#:10000000 #FACE#:10 #SENDAMOUNT#:146871168
1548577576.000006 ccnd[11235]: #CANUSE#:10000000 #FACE#:10 #SENDAMOUNT#:148110690
1548577577.000005 ccnd[11235]: #CANUSE#:10000000 #FACE#:10 #SENDAMOUNT#:149359674
1548577578.000006 ccnd[11235]: #CANUSE#:10000000 #FACE#:10 #SENDAMOUNT#:150599196
1548577579.000006 ccnd[11235]: #CANUSE#:10000000 #FACE#:10 #SENDAMOUNT#:151843449
1548577580.000004 ccnd[11235]: #CANUSE#:10000000 #FACE#:10 #SENDAMOUNT#:153092433
1548577581.000004 ccnd[11235]: #CANUSE#:10000000 #FACE#:10 #SENDAMOUNT#:154331955
1548577582.000005 ccnd[11235]: #CANUSE#:10000000 #FACE#:10 #SENDAMOUNT#:155571477
1548577583.000005 ccnd[11235]: #CANUSE#:10000000 #FACE#:10 #SENDAMOUNT#:156810999
1548577584.000007 ccnd[11235]: #CANUSE#:10000000 #FACE#:10 #SENDAMOUNT#:157019528
1548577589.000006 ccnd[11235]: #CANUSE#:9750000 #FACE#:10 #SENDAMOUNT#:157195004
1548577590.000005 ccnd[11235]: #CANUSE#:10000000 #FACE#:10 #SENDAMOUNT#:157597054
1548577591.000005 ccnd[11235]: #CANUSE#:10000000 #FACE#:10 #SENDAMOUNT#:158103164
1548577592.000005 ccnd[11235]: #CANUSE#:10000000 #FACE#:10 #SENDAMOUNT#:159295349
1548577593.000007 ccnd[11235]: #CANUSE#:10000000 #FACE#:10 #SENDAMOUNT#:160544333
1548577594.000005 ccnd[11235]: #CANUSE#:10000000 #FACE#:10 #SENDAMOUNT#:161793317
1548577595.000005 ccnd[11235]: #CANUSE#:10000000 #FACE#:10 #SENDAMOUNT#:163037570
1548577596.000005 ccnd[11235]: #CANUSE#:10000000 #FACE#:10 #SENDAMOUNT#:164286554
1548577597.000006 ccnd[11235]: #CANUSE#:10000000 #FACE#:10 #SENDAMOUNT#:165535538
1548577598.000006 ccnd[11235]: #CANUSE#:10000000 #FACE#:10 #SENDAMOUNT#:166784522
1548577599.000005 ccnd[11235]: #CANUSE#:10000000 #FACE#:10 #SENDAMOUNT#:168033506
1548577600.000006 ccnd[11235]: #CANUSE#:10000000 #FACE#:10 #SENDAMOUNT#:169131463
1548577606.000006 ccnd[11235]: #CANUSE#:10000000 #FACE#:10 #SENDAMOUNT#:169761019
1548577607.000007 ccnd[11235]: #CANUSE#:10000000 #FACE#:10 #SENDAMOUNT#:171061921
1548577608.000007 ccnd[11235]: #CANUSE#:6500000 #FACE#:10 #SENDAMOUNT#:171686413
1548577609.000006 ccnd[11235]: #CANUSE#:10000000 #FACE#:10 #SENDAMOUNT#:172495414
1548577610.000004 ccnd[11235]: #CANUSE#:10000000 #FACE#:10 #SENDAMOUNT#:173744398
1548577611.000006 ccnd[11235]: #CANUSE#:10000000 #FACE#:10 #SENDAMOUNT#:174993382
1548577612.000004 ccnd[11235]: #CANUSE#:10000000 #FACE#:10 #SENDAMOUNT#:176242366
1548577613.000004 ccnd[11235]: #CANUSE#:10000000 #FACE#:10 #SENDAMOUNT#:177491350
1548577614.000004 ccnd[11235]: #CANUSE#:10000000 #FACE#:10 #SENDAMOUNT#:178740334
1548577615.000006 ccnd[11235]: #CANUSE#:10000000 #FACE#:10 #SENDAMOUNT#:179989318
1548577616.000005 ccnd[11235]: #CANUSE#:6500000 #FACE#:10 #SENDAMOUNT#:181238302
1548577622.000006 ccnd[11235]: #CANUSE#:10000000 #FACE#:10 #SENDAMOUNT#:181872954
1548577623.000005 ccnd[11235]: #CANUSE#:10000000 #FACE#:10 #SENDAMOUNT#:182942037
1548577624.000006 ccnd[11235]: #CANUSE#:10000000 #FACE#:10 #SENDAMOUNT#:183566529
1548577625.000006 ccnd[11235]: #CANUSE#:6500000 #FACE#:10 #SENDAMOUNT#:184337682
1548577626.000005 ccnd[11235]: #CANUSE#:10000000 #FACE#:10 #SENDAMOUNT#:185146683
1548577627.000007 ccnd[11235]: #CANUSE#:10000000 #FACE#:10 #SENDAMOUNT#:186395667
1548577628.000006 ccnd[11235]: #CANUSE#:10000000 #FACE#:10 #SENDAMOUNT#:187644651
1548577629.000006 ccnd[11235]: #CANUSE#:10000000 #FACE#:10 #SENDAMOUNT#:188893635
1548577630.000005 ccnd[11235]: #CANUSE#:10000000 #FACE#:10 #SENDAMOUNT#:190142619
1548577631.000005 ccnd[11235]: #CANUSE#:10000000 #FACE#:10 #SENDAMOUNT#:191391603
1548577632.000005 ccnd[11235]: #CANUSE#:10000000 #FACE#:10 #SENDAMOUNT#:192640587
1548577633.000006 ccnd[11235]: #CANUSE#:10000000 #FACE#:10 #SENDAMOUNT#:193374257
1548577638.000005 ccnd[11235]: #CANUSE#:9999999 #FACE#:10 #SENDAMOUNT#:193895023
1548577639.000007 ccnd[11235]: #CANUSE#:10000000 #FACE#:10 #SENDAMOUNT#:194311263
1548577640.000007 ccnd[11235]: #CANUSE#:10000000 #FACE#:10 #SENDAMOUNT#:195749429
1548577641.000006 ccnd[11235]: #CANUSE#:10000000 #FACE#:10 #SENDAMOUNT#:195919745
1548577642.000004 ccnd[11235]: #CANUSE#:10000000 #FACE#:10 #SENDAMOUNT#:197168729
1548577643.000006 ccnd[11235]: #CANUSE#:10000000 #FACE#:10 #SENDAMOUNT#:198398789
1548577644.000004 ccnd[11235]: #CANUSE#:10000000 #FACE#:10 #SENDAMOUNT#:199633580
1548577645.000006 ccnd[11235]: #CANUSE#:10000000 #FACE#:10 #SENDAMOUNT#:200868371
1548577646.000005 ccnd[11235]: #CANUSE#:10000000 #FACE#:10 #SENDAMOUNT#:201686834
1548577647.000006 ccnd[11235]: #CANUSE#:10000000 #FACE#:10 #SENDAMOUNT#:202935818
1548577648.000005 ccnd[11235]: #CANUSE#:10000000 #FACE#:10 #SENDAMOUNT#:204184802
1548577649.000004 ccnd[11235]: #CANUSE#:10000000 #FACE#:10 #SENDAMOUNT#:205433786
1548577655.000006 ccnd[11235]: #CANUSE#:10000000 #FACE#:10 #SENDAMOUNT#:206120479
1548577656.000005 ccnd[11235]: #CANUSE#:8666666 #FACE#:10 #SENDAMOUNT#:207421381
1548577657.000006 ccnd[11235]: #CANUSE#:10000000 #FACE#:10 #SENDAMOUNT#:207960715
1548577658.000006 ccnd[11235]: #CANUSE#:10000000 #FACE#:10 #SENDAMOUNT#:209209699
1548577659.000007 ccnd[11235]: #CANUSE#:10000000 #FACE#:10 #SENDAMOUNT#:210458683
1548577660.000007 ccnd[11235]: #CANUSE#:10000000 #FACE#:10 #SENDAMOUNT#:211707667
1548577661.000006 ccnd[11235]: #CANUSE#:10000000 #FACE#:10 #SENDAMOUNT#:212956651
1548577662.000006 ccnd[11235]: #CANUSE#:10000000 #FACE#:10 #SENDAMOUNT#:214205635
1548577663.000007 ccnd[11235]: #CANUSE#:10000000 #FACE#:10 #SENDAMOUNT#:215454619
1548577664.000004 ccnd[11235]: #CANUSE#:10000000 #FACE#:10 #SENDAMOUNT#:216703603
1548577665.000007 ccnd[11235]: #CANUSE#:10000000 #FACE#:10 #SENDAMOUNT#:217612320
1548577670.000006 ccnd[11235]: #CANUSE#:10000000 #FACE#:10 #SENDAMOUNT#:217617049
1548577671.000004 ccnd[11235]: #CANUSE#:10000000 #FACE#:10 #SENDAMOUNT#:218156736
1548577672.000007 ccnd[11235]: #CANUSE#:8666666 #FACE#:10 #SENDAMOUNT#:219471813
1548577673.000005 ccnd[11235]: #CANUSE#:10000000 #FACE#:10 #SENDAMOUNT#:220011147
1548577674.000004 ccnd[11235]: #CANUSE#:10000000 #FACE#:10 #SENDAMOUNT#:221260131
1548577675.000005 ccnd[11235]: #CANUSE#:10000000 #FACE#:10 #SENDAMOUNT#:222509115
1548577676.000004 ccnd[11235]: #CANUSE#:10000000 #FACE#:10 #SENDAMOUNT#:223758099
1548577677.000004 ccnd[11235]: #CANUSE#:10000000 #FACE#:10 #SENDAMOUNT#:225007083
1548577678.000005 ccnd[11235]: #CANUSE#:10000000 #FACE#:10 #SENDAMOUNT#:226256067
1548577679.000006 ccnd[11235]: #CANUSE#:10000000 #FACE#:10 #SENDAMOUNT#:227505051
1548577680.000005 ccnd[11235]: #CANUSE#:10000000 #FACE#:10 #SENDAMOUNT#:228754035
1548577681.000007 ccnd[11235]: #CANUSE#:10000000 #FACE#:10 #SENDAMOUNT#:229724255
1548577687.000006 ccnd[11235]: #CANUSE#:10000000 #FACE#:10 #SENDAMOUNT#:230268671
1548577688.000006 ccnd[11235]: #CANUSE#:8666666 #FACE#:10 #SENDAMOUNT#:231588479
1548577689.000005 ccnd[11235]: #CANUSE#:10000000 #FACE#:10 #SENDAMOUNT#:232127813
1548577690.000005 ccnd[11235]: #CANUSE#:6500000 #FACE#:10 #SENDAMOUNT#:233376797
1548577691.000006 ccnd[11235]: #CANUSE#:10000000 #FACE#:10 #SENDAMOUNT#:234185798
1548577692.000004 ccnd[11235]: #CANUSE#:10000000 #FACE#:10 #SENDAMOUNT#:235434782
1548577693.000005 ccnd[11235]: #CANUSE#:10000000 #FACE#:10 #SENDAMOUNT#:236683766
1548577694.000006 ccnd[11235]: #CANUSE#:10000000 #FACE#:10 #SENDAMOUNT#:236773655
1548577695.000006 ccnd[11235]: #CANUSE#:10000000 #FACE#:10 #SENDAMOUNT#:237525884
1548577696.000005 ccnd[11235]: #CANUSE#:10000000 #FACE#:10 #SENDAMOUNT#:238774868
1548577697.000006 ccnd[11235]: #CANUSE#:10000000 #FACE#:10 #SENDAMOUNT#:240023852
1548577698.000006 ccnd[11235]: #CANUSE#:10000000 #FACE#:10 #SENDAMOUNT#:241272836
1548577699.000004 ccnd[11235]: #CANUSE#:10000000 #FACE#:10 #SENDAMOUNT#:241840921
1548577704.000005 ccnd[11235]: #CANUSE#:6500000 #FACE#:10 #SENDAMOUNT#:241845650
1548577705.000004 ccnd[11235]: #CANUSE#:10000000 #FACE#:10 #SENDAMOUNT#:242385337
1548577706.000005 ccnd[11235]: #CANUSE#:10000000 #FACE#:10 #SENDAMOUNT#:243657834
1548577707.000005 ccnd[11235]: #CANUSE#:10000000 #FACE#:10 #SENDAMOUNT#:244282326
1548577708.000005 ccnd[11235]: #CANUSE#:10000000 #FACE#:10 #SENDAMOUNT#:245531310
1548577709.000005 ccnd[11235]: #CANUSE#:10000000 #FACE#:10 #SENDAMOUNT#:246780294
1548577710.000003 ccnd[11235]: #CANUSE#:10000000 #FACE#:10 #SENDAMOUNT#:248029278
1548577711.000004 ccnd[11235]: #CANUSE#:10000000 #FACE#:10 #SENDAMOUNT#:248923437
1548577712.000005 ccnd[11235]: #CANUSE#:10000000 #FACE#:10 #SENDAMOUNT#:250172421
1548577713.000004 ccnd[11235]: #CANUSE#:10000000 #FACE#:10 #SENDAMOUNT#:251421405
1548577714.000005 ccnd[11235]: #CANUSE#:10000000 #FACE#:10 #SENDAMOUNT#:252192558
1548577715.000006 ccnd[11235]: #CANUSE#:10000000 #FACE#:10 #SENDAMOUNT#:253441542
1548577721.000006 ccnd[11235]: #CANUSE#:10000000 #FACE#:10 #SENDAMOUNT#:254587142
1548577722.000008 ccnd[11235]: #CANUSE#:10000000 #FACE#:10 #SENDAMOUNT#:255452789
1548577723.000005 ccnd[11235]: #CANUSE#:10000000 #FACE#:10 #SENDAMOUNT#:256077281
1548577724.000005 ccnd[11235]: #CANUSE#:10000000 #FACE#:10 #SENDAMOUNT#:257326265
1548577725.000007 ccnd[11235]: #CANUSE#:10000000 #FACE#:10 #SENDAMOUNT#:258575249
1548577726.000004 ccnd[11235]: #CANUSE#:10000000 #FACE#:10 #SENDAMOUNT#:259824233
1548577727.000005 ccnd[11235]: #CANUSE#:10000000 #FACE#:10 #SENDAMOUNT#:261073217
1548577728.000003 ccnd[11235]: #CANUSE#:10000000 #FACE#:10 #SENDAMOUNT#:262322201
1548577729.000006 ccnd[11235]: #CANUSE#:10000000 #FACE#:10 #SENDAMOUNT#:263102816
1548577730.000004 ccnd[11235]: #CANUSE#:10000000 #FACE#:10 #SENDAMOUNT#:264351800
1548577731.000005 ccnd[11235]: #CANUSE#:10000000 #FACE#:10 #SENDAMOUNT#:265600784
1548577737.000004 ccnd[11235]: #CANUSE#:10000000 #FACE#:10 #SENDAMOUNT#:266722729
1548577738.000007 ccnd[11235]: #CANUSE#:10000000 #FACE#:10 #SENDAMOUNT#:267782350
1548577739.000007 ccnd[11235]: #CANUSE#:10000000 #FACE#:10 #SENDAMOUNT#:268406842
1548577740.000005 ccnd[11235]: #CANUSE#:10000000 #FACE#:10 #SENDAMOUNT#:269655826
1548577741.000005 ccnd[11235]: #CANUSE#:10000000 #FACE#:10 #SENDAMOUNT#:270904810
1548577742.000005 ccnd[11235]: #CANUSE#:10000000 #FACE#:10 #SENDAMOUNT#:272153794
1548577743.000004 ccnd[11235]: #CANUSE#:10000000 #FACE#:10 #SENDAMOUNT#:273402778
1548577744.000005 ccnd[11235]: #CANUSE#:10000000 #FACE#:10 #SENDAMOUNT#:273767065
1548577745.000004 ccnd[11235]: #CANUSE#:10000000 #FACE#:10 #SENDAMOUNT#:275016049
1548577746.000004 ccnd[11235]: #CANUSE#:10000000 #FACE#:10 #SENDAMOUNT#:276265033
1548577747.000004 ccnd[11235]: #CANUSE#:10000000 #FACE#:10 #SENDAMOUNT#:277514017
1548577753.000006 ccnd[11235]: #CANUSE#:10000000 #FACE#:10 #SENDAMOUNT#:278834664
1548577754.000007 ccnd[11235]: #CANUSE#:10000000 #FACE#:10 #SENDAMOUNT#:279629349
1548577755.000006 ccnd[11235]: #CANUSE#:10000000 #FACE#:10 #SENDAMOUNT#:280253841
1548577756.000007 ccnd[11235]: #CANUSE#:10000000 #FACE#:10 #SENDAMOUNT#:281384550
1548577757.000006 ccnd[11235]: #CANUSE#:10000000 #FACE#:10 #SENDAMOUNT#:282633534
1548577758.000005 ccnd[11235]: #CANUSE#:10000000 #FACE#:10 #SENDAMOUNT#:283882518
1548577759.000007 ccnd[11235]: #CANUSE#:10000000 #FACE#:10 #SENDAMOUNT#:285131502
1548577760.000007 ccnd[11235]: #CANUSE#:10000000 #FACE#:10 #SENDAMOUNT#:286380486
1548577761.000006 ccnd[11235]: #CANUSE#:10000000 #FACE#:10 #SENDAMOUNT#:287629470
1548577762.000005 ccnd[11235]: #CANUSE#:10000000 #FACE#:10 #SENDAMOUNT#:288878454
1548577763.000006 ccnd[11235]: #CANUSE#:10000000 #FACE#:10 #SENDAMOUNT#:290127438
1548577769.000005 ccnd[11235]: #CANUSE#:10000000 #FACE#:10 #SENDAMOUNT#:290743212
1548577770.000005 ccnd[11235]: #CANUSE#:10000000 #FACE#:10 #SENDAMOUNT#:291968372
1548577771.000004 ccnd[11235]: #CANUSE#:10000000 #FACE#:10 #SENDAMOUNT#:292526630
1548577772.000005 ccnd[11235]: #CANUSE#:10000000 #FACE#:10 #SENDAMOUNT#:292772642
1548577773.000006 ccnd[11235]: #CANUSE#:10000000 #FACE#:10 #SENDAMOUNT#:294021626
1548577774.000004 ccnd[11235]: #CANUSE#:10000000 #FACE#:10 #SENDAMOUNT#:295270610
1548577775.000004 ccnd[11235]: #CANUSE#:10000000 #FACE#:10 #SENDAMOUNT#:296467553
1548577776.000006 ccnd[11235]: #CANUSE#:10000000 #FACE#:10 #SENDAMOUNT#:297716537
1548577777.000005 ccnd[11235]: #CANUSE#:10000000 #FACE#:10 #SENDAMOUNT#:298965521
1548577778.000005 ccnd[11235]: #CANUSE#:10000000 #FACE#:10 #SENDAMOUNT#:300214505
1548577779.000004 ccnd[11235]: #CANUSE#:10000000 #FACE#:10 #SENDAMOUNT#:301463489
1548577785.000005 ccnd[11235]: #CANUSE#:8666666 #FACE#:10 #SENDAMOUNT#:302978127
1548577786.000006 ccnd[11235]: #CANUSE#:10000000 #FACE#:10 #SENDAMOUNT#:303517347
1548577787.000005 ccnd[11235]: #CANUSE#:10000000 #FACE#:10 #SENDAMOUNT#:303924184
1548577788.000005 ccnd[11235]: #CANUSE#:10000000 #FACE#:10 #SENDAMOUNT#:305173168
1548577789.000006 ccnd[11235]: #CANUSE#:10000000 #FACE#:10 #SENDAMOUNT#:306422152
1548577790.000008 ccnd[11235]: #CANUSE#:10000000 #FACE#:10 #SENDAMOUNT#:307216960
1548577791.000005 ccnd[11235]: #CANUSE#:10000000 #FACE#:10 #SENDAMOUNT#:308465944
1548577792.000006 ccnd[11235]: #CANUSE#:6500000 #FACE#:10 #SENDAMOUNT#:309714928
1548577793.000006 ccnd[11235]: #CANUSE#:10000000 #FACE#:10 #SENDAMOUNT#:310523929
1548577794.000005 ccnd[11235]: #CANUSE#:10000000 #FACE#:10 #SENDAMOUNT#:311772913
1548577795.000004 ccnd[11235]: #CANUSE#:10000000 #FACE#:10 #SENDAMOUNT#:313021897
1548577796.000005 ccnd[11235]: #CANUSE#:10000000 #FACE#:10 #SENDAMOUNT#:314270881
1548577802.000006 ccnd[11235]: #CANUSE#:10000000 #FACE#:10 #SENDAMOUNT#:315184662
1548577803.000005 ccnd[11235]: #CANUSE#:10000000 #FACE#:10 #SENDAMOUNT#:315998269
1548577804.000004 ccnd[11235]: #CANUSE#:10000000 #FACE#:10 #SENDAMOUNT#:316622761
1548577805.000005 ccnd[11235]: #CANUSE#:10000000 #FACE#:10 #SENDAMOUNT#:316812001
1548577807.000006 ccnd[11235]: #CANUSE#:10000000 #FACE#:10 #SENDAMOUNT#:318060985
1548577808.000005 ccnd[11235]: #CANUSE#:6500000 #FACE#:10 #SENDAMOUNT#:319309969
1548577809.000006 ccnd[11235]: #CANUSE#:10000000 #FACE#:10 #SENDAMOUNT#:320118970
1548577811.000006 ccnd[11235]: #CANUSE#:10000000 #FACE#:10 #SENDAMOUNT#:321367954
1548577812.000005 ccnd[11235]: #CANUSE#:10000000 #FACE#:10 #SENDAMOUNT#:322616938
1548577813.000005 ccnd[11235]: #CANUSE#:10000000 #FACE#:10 #SENDAMOUNT#:323865922
1548577814.000006 ccnd[11235]: #CANUSE#:10000000 #FACE#:10 #SENDAMOUNT#:325114906
1548577815.000006 ccnd[11235]: #CANUSE#:10000000 #FACE#:10 #SENDAMOUNT#:326363890
1548577821.000006 ccnd[11235]: #CANUSE#:8666666 #FACE#:10 #SENDAMOUNT#:327206728
1548577822.000004 ccnd[11235]: #CANUSE#:10000000 #FACE#:10 #SENDAMOUNT#:327745948
1548577823.000008 ccnd[11235]: #CANUSE#:10000000 #FACE#:10 #SENDAMOUNT#:328630614
1548577824.000005 ccnd[11235]: #CANUSE#:6500000 #FACE#:10 #SENDAMOUNT#:329874867
1548577825.000004 ccnd[11235]: #CANUSE#:10000000 #FACE#:10 #SENDAMOUNT#:330683868
1548577826.000005 ccnd[11235]: #CANUSE#:10000000 #FACE#:10 #SENDAMOUNT#:331932852
1548577827.000005 ccnd[11235]: #CANUSE#:10000000 #FACE#:10 #SENDAMOUNT#:333181836
1548577828.000006 ccnd[11235]: #CANUSE#:10000000 #FACE#:10 #SENDAMOUNT#:334430820
1548577829.000004 ccnd[11235]: #CANUSE#:10000000 #FACE#:10 #SENDAMOUNT#:335679804
1548577830.000005 ccnd[11235]: #CANUSE#:10000000 #FACE#:10 #SENDAMOUNT#:336928788
1548577831.000005 ccnd[11235]: #CANUSE#:10000000 #FACE#:10 #SENDAMOUNT#:338177772
1548577837.000006 ccnd[11235]: #CANUSE#:9750000 #FACE#:10 #SENDAMOUNT#:338930805
1548577838.000004 ccnd[11235]: #CANUSE#:10000000 #FACE#:10 #SENDAMOUNT#:339332855
1548577839.000006 ccnd[11235]: #CANUSE#:10000000 #FACE#:10 #SENDAMOUNT#:339919375
1548577840.000005 ccnd[11235]: #CANUSE#:6500000 #FACE#:10 #SENDAMOUNT#:340638467
1548577841.000004 ccnd[11235]: #CANUSE#:10000000 #FACE#:10 #SENDAMOUNT#:341447468
1548577842.000005 ccnd[11235]: #CANUSE#:10000000 #FACE#:10 #SENDAMOUNT#:342696452
1548577843.000006 ccnd[11235]: #CANUSE#:10000000 #FACE#:10 #SENDAMOUNT#:343775120
1548577844.000004 ccnd[11235]: #CANUSE#:10000000 #FACE#:10 #SENDAMOUNT#:344617238
1548577845.000005 ccnd[11235]: #CANUSE#:10000000 #FACE#:10 #SENDAMOUNT#:345866222
1548577846.000004 ccnd[11235]: #CANUSE#:10000000 #FACE#:10 #SENDAMOUNT#:347115206
1548577847.000006 ccnd[11235]: #CANUSE#:10000000 #FACE#:10 #SENDAMOUNT#:348364190
1548577848.000005 ccnd[11235]: #CANUSE#:6500000 #FACE#:10 #SENDAMOUNT#:349613174
1548577849.000005 ccnd[11235]: #CANUSE#:10000000 #FACE#:10 #SENDAMOUNT#:350422175
1548577855.000005 ccnd[11235]: #CANUSE#:10000000 #FACE#:10 #SENDAMOUNT#:351544120
1548577856.000004 ccnd[11235]: #CANUSE#:10000000 #FACE#:10 #SENDAMOUNT#:351742780
1548577857.000005 ccnd[11235]: #CANUSE#:10000000 #FACE#:10 #SENDAMOUNT#:352859212
1548577858.000006 ccnd[11235]: #CANUSE#:10000000 #FACE#:10 #SENDAMOUNT#:353483704
1548577859.000005 ccnd[11235]: #CANUSE#:10000000 #FACE#:10 #SENDAMOUNT#:353568862
1548577860.000005 ccnd[11235]: #CANUSE#:10000000 #FACE#:10 #SENDAMOUNT#:354141313
1548577861.000004 ccnd[11235]: #CANUSE#:10000000 #FACE#:10 #SENDAMOUNT#:354978700
1548577862.000004 ccnd[11235]: #CANUSE#:10000000 #FACE#:10 #SENDAMOUNT#:355830280
1548577863.000007 ccnd[11235]: #CANUSE#:10000000 #FACE#:10 #SENDAMOUNT#:357079264
1548577864.000006 ccnd[11235]: #CANUSE#:10000000 #FACE#:10 #SENDAMOUNT#:358328248
1548577865.000004 ccnd[11235]: #CANUSE#:10000000 #FACE#:10 #SENDAMOUNT#:359577232
1548577866.000005 ccnd[11235]: #CANUSE#:10000000 #FACE#:10 #SENDAMOUNT#:360826216
1548577867.000004 ccnd[11235]: #CANUSE#:10000000 #FACE#:10 #SENDAMOUNT#:361398667
1548577868.000005 ccnd[11235]: #CANUSE#:10000000 #FACE#:10 #SENDAMOUNT#:362562493
1548577869.000004 ccnd[11235]: #CANUSE#:10000000 #FACE#:10 #SENDAMOUNT#:363040689
1548577874.000009 ccnd[11235]: #CANUSE#:10000000 #FACE#:10 #SENDAMOUNT#:363045418
1548577875.000005 ccnd[11235]: #CANUSE#:10000000 #FACE#:10 #SENDAMOUNT#:363670245
1548577876.000005 ccnd[11235]: #CANUSE#:10000000 #FACE#:10 #SENDAMOUNT#:364904913
1548577877.000006 ccnd[11235]: #CANUSE#:10000000 #FACE#:10 #SENDAMOUNT#:365529405
1548577878.000004 ccnd[11235]: #CANUSE#:10000000 #FACE#:10 #SENDAMOUNT#:366612804
1548577879.000006 ccnd[11235]: #CANUSE#:10000000 #FACE#:10 #SENDAMOUNT#:367700934
1548577880.000007 ccnd[11235]: #CANUSE#:6500000 #FACE#:10 #SENDAMOUNT#:368949918
1548577881.000005 ccnd[11235]: #CANUSE#:10000000 #FACE#:10 #SENDAMOUNT#:369758919
1548577882.000004 ccnd[11235]: #CANUSE#:10000000 #FACE#:10 #SENDAMOUNT#:371007903
1548577883.000004 ccnd[11235]: #CANUSE#:10000000 #FACE#:10 #SENDAMOUNT#:372256887
1548577884.000005 ccnd[11235]: #CANUSE#:10000000 #FACE#:10 #SENDAMOUNT#:373065888
1548577885.000005 ccnd[11235]: #CANUSE#:10000000 #FACE#:10 #SENDAMOUNT#:374314872
1548577891.000005 ccnd[11235]: #CANUSE#:8666666 #FACE#:10 #SENDAMOUNT#:375602445
1548577892.000004 ccnd[11235]: #CANUSE#:10000000 #FACE#:10 #SENDAMOUNT#:376141665
1548577893.000007 ccnd[11235]: #CANUSE#:10000000 #FACE#:10 #SENDAMOUNT#:376775567
1548577894.000004 ccnd[11235]: #CANUSE#:10000000 #FACE#:10 #SENDAMOUNT#:378024551
1548577895.000006 ccnd[11235]: #CANUSE#:10000000 #FACE#:10 #SENDAMOUNT#:379273535
1548577896.000006 ccnd[11235]: #CANUSE#:10000000 #FACE#:10 #SENDAMOUNT#:380522519
1548577897.000005 ccnd[11235]: #CANUSE#:10000000 #FACE#:10 #SENDAMOUNT#:381771503
1548577898.000004 ccnd[11235]: #CANUSE#:10000000 #FACE#:10 #SENDAMOUNT#:383020487
1548577899.000004 ccnd[11235]: #CANUSE#:10000000 #FACE#:10 #SENDAMOUNT#:384269471
1548577900.000004 ccnd[11235]: #CANUSE#:10000000 #FACE#:10 #SENDAMOUNT#:385518455
1548577901.000007 ccnd[11235]: #CANUSE#:10000000 #FACE#:10 #SENDAMOUNT#:386767439
1548577902.000004 ccnd[11235]: #CANUSE#:10000000 #FACE#:10 #SENDAMOUNT#:387212153
1548577908.000007 ccnd[11235]: #CANUSE#:10000000 #FACE#:10 #SENDAMOUNT#:387917770
1548577909.000007 ccnd[11235]: #CANUSE#:10000000 #FACE#:10 #SENDAMOUNT#:388778686
1548577910.000004 ccnd[11235]: #CANUSE#:10000000 #FACE#:10 #SENDAMOUNT#:389403178
1548577911.000006 ccnd[11235]: #CANUSE#:10000000 #FACE#:10 #SENDAMOUNT#:390652162
1548577912.000005 ccnd[11235]: #CANUSE#:10000000 #FACE#:10 #SENDAMOUNT#:391901146
1548577913.000005 ccnd[11235]: #CANUSE#:10000000 #FACE#:10 #SENDAMOUNT#:393150130
1548577914.000004 ccnd[11235]: #CANUSE#:10000000 #FACE#:10 #SENDAMOUNT#:394399114
1548577915.000006 ccnd[11235]: #CANUSE#:10000000 #FACE#:10 #SENDAMOUNT#:395596057
1548577916.000003 ccnd[11235]: #CANUSE#:10000000 #FACE#:10 #SENDAMOUNT#:396845041
1548577917.000006 ccnd[11235]: #CANUSE#:10000000 #FACE#:10 #SENDAMOUNT#:398094025
1548577918.000004 ccnd[11235]: #CANUSE#:10000000 #FACE#:10 #SENDAMOUNT#:399343009
1548577924.000007 ccnd[11235]: #CANUSE#:10000000 #FACE#:10 #SENDAMOUNT#:400086474
1548577925.000005 ccnd[11235]: #CANUSE#:10000000 #FACE#:10 #SENDAMOUNT#:401382645
1548577926.000004 ccnd[11235]: #CANUSE#:10000000 #FACE#:10 #SENDAMOUNT#:402007137
1548577927.000004 ccnd[11235]: #CANUSE#:10000000 #FACE#:10 #SENDAMOUNT#:402097026
1548577928.000006 ccnd[11235]: #CANUSE#:6500000 #FACE#:10 #SENDAMOUNT#:402664746
1548577929.000007 ccnd[11235]: #CANUSE#:10000000 #FACE#:10 #SENDAMOUNT#:403473747
1548577930.000006 ccnd[11235]: #CANUSE#:10000000 #FACE#:10 #SENDAMOUNT#:404722731
1548577931.000005 ccnd[11235]: #CANUSE#:10000000 #FACE#:10 #SENDAMOUNT#:405971715
1548577932.000005 ccnd[11235]: #CANUSE#:10000000 #FACE#:10 #SENDAMOUNT#:407220699
1548577933.000007 ccnd[11235]: #CANUSE#:10000000 #FACE#:10 #SENDAMOUNT#:408469683
1548577934.000004 ccnd[11235]: #CANUSE#:10000000 #FACE#:10 #SENDAMOUNT#:409718667
1548577935.000005 ccnd[11235]: #CANUSE#:10000000 #FACE#:10 #SENDAMOUNT#:410967651
1548577941.000006 ccnd[11235]: #CANUSE#:10000000 #FACE#:10 #SENDAMOUNT#:412198409
1548577942.000006 ccnd[11235]: #CANUSE#:10000000 #FACE#:10 #SENDAMOUNT#:413125562
1548577943.000005 ccnd[11235]: #CANUSE#:10000000 #FACE#:10 #SENDAMOUNT#:413750054
1548577944.000004 ccnd[11235]: #CANUSE#:10000000 #FACE#:10 #SENDAMOUNT#:414999038
1548577945.000007 ccnd[11235]: #CANUSE#:10000000 #FACE#:10 #SENDAMOUNT#:416248022
1548577946.000006 ccnd[11235]: #CANUSE#:10000000 #FACE#:10 #SENDAMOUNT#:417497006
1548577947.000007 ccnd[11235]: #CANUSE#:10000000 #FACE#:10 #SENDAMOUNT#:418745990
1548577948.000004 ccnd[11235]: #CANUSE#:10000000 #FACE#:10 #SENDAMOUNT#:419994974
1548577949.000006 ccnd[11235]: #CANUSE#:10000000 #FACE#:10 #SENDAMOUNT#:420529577
1548577950.000005 ccnd[11235]: #CANUSE#:10000000 #FACE#:10 #SENDAMOUNT#:421778561
1548577951.000006 ccnd[11235]: #CANUSE#:10000000 #FACE#:10 #SENDAMOUNT#:423027545
1548577957.000005 ccnd[11235]: #CANUSE#:9750000 #FACE#:10 #SENDAMOUNT#:424343461
1548577958.000005 ccnd[11235]: #CANUSE#:10000000 #FACE#:10 #SENDAMOUNT#:424556311
1548577959.000005 ccnd[11235]: #CANUSE#:10000000 #FACE#:10 #SENDAMOUNT#:424565771
1548577960.000005 ccnd[11235]: #CANUSE#:6500000 #FACE#:10 #SENDAMOUNT#:425488240
1548577961.000006 ccnd[11235]: #CANUSE#:10000000 #FACE#:10 #SENDAMOUNT#:426297241
1548577962.000006 ccnd[11235]: #CANUSE#:10000000 #FACE#:10 #SENDAMOUNT#:427546225
1548577963.000006 ccnd[11235]: #CANUSE#:10000000 #FACE#:10 #SENDAMOUNT#:428795209
1548577964.000005 ccnd[11235]: #CANUSE#:10000000 #FACE#:10 #SENDAMOUNT#:430044193
1548577965.000007 ccnd[11235]: #CANUSE#:10000000 #FACE#:10 #SENDAMOUNT#:431293177
1548577966.000006 ccnd[11235]: #CANUSE#:10000000 #FACE#:10 #SENDAMOUNT#:432542161
1548577967.000007 ccnd[11235]: #CANUSE#:10000000 #FACE#:10 #SENDAMOUNT#:433791145
1548577968.000006 ccnd[11235]: #CANUSE#:6500000 #FACE#:10 #SENDAMOUNT#:435040129
1548577974.000007 ccnd[11235]: #CANUSE#:10000000 #FACE#:10 #SENDAMOUNT#:436455396
1548577975.000005 ccnd[11235]: #CANUSE#:10000000 #FACE#:10 #SENDAMOUNT#:437060841
1548577976.000004 ccnd[11235]: #CANUSE#:10000000 #FACE#:10 #SENDAMOUNT#:437685333
1548577977.000007 ccnd[11235]: #CANUSE#:10000000 #FACE#:10 #SENDAMOUNT#:438872814
1548577978.000005 ccnd[11235]: #CANUSE#:10000000 #FACE#:10 #SENDAMOUNT#:440121798
1548577979.000006 ccnd[11235]: #CANUSE#:10000000 #FACE#:10 #SENDAMOUNT#:441370782
1548577980.000005 ccnd[11235]: #CANUSE#:10000000 #FACE#:10 #SENDAMOUNT#:442619766
1548577981.000005 ccnd[11235]: #CANUSE#:10000000 #FACE#:10 #SENDAMOUNT#:443868750
1548577982.000006 ccnd[11235]: #CANUSE#:10000000 #FACE#:10 #SENDAMOUNT#:445117734
1548577983.000006 ccnd[11235]: #CANUSE#:10000000 #FACE#:10 #SENDAMOUNT#:446366718
1548577984.000005 ccnd[11235]: #CANUSE#:10000000 #FACE#:10 #SENDAMOUNT#:447615702
1548577985.000004 ccnd[11235]: #CANUSE#:10000000 #FACE#:10 #SENDAMOUNT#:447937775
1548577990.000005 ccnd[11235]: #CANUSE#:10000000 #FACE#:10 #SENDAMOUNT#:448567331
1548577991.000005 ccnd[11235]: #CANUSE#:10000000 #FACE#:10 #SENDAMOUNT#:449328899
1548577992.000005 ccnd[11235]: #CANUSE#:10000000 #FACE#:10 #SENDAMOUNT#:449953391
1548577993.000004 ccnd[11235]: #CANUSE#:10000000 #FACE#:10 #SENDAMOUNT#:451126679
1548577994.000005 ccnd[11235]: #CANUSE#:10000000 #FACE#:10 #SENDAMOUNT#:452375663
1548577995.000006 ccnd[11235]: #CANUSE#:10000000 #FACE#:10 #SENDAMOUNT#:453421214
1548577996.000012 ccnd[11235]: #CANUSE#:10000000 #FACE#:10 #SENDAMOUNT#:454670198
1548577997.000004 ccnd[11235]: #CANUSE#:10000000 #FACE#:10 #SENDAMOUNT#:455919182
1548577998.000004 ccnd[11235]: #CANUSE#:10000000 #FACE#:10 #SENDAMOUNT#:457168166
1548577999.000005 ccnd[11235]: #CANUSE#:10000000 #FACE#:10 #SENDAMOUNT#:458417150
1548578000.000005 ccnd[11235]: #CANUSE#:10000000 #FACE#:10 #SENDAMOUNT#:459666134
1548578001.000005 ccnd[11235]: #CANUSE#:10000000 #FACE#:10 #SENDAMOUNT#:460073365
1548578006.000006 ccnd[11235]: #CANUSE#:9999999 #FACE#:10 #SENDAMOUNT#:460083291
1548578007.000005 ccnd[11235]: #CANUSE#:10000000 #FACE#:10 #SENDAMOUNT#:460499531
1548578008.000005 ccnd[11235]: #CANUSE#:10000000 #FACE#:10 #SENDAMOUNT#:461691577
1548578009.000005 ccnd[11235]: #CANUSE#:10000000 #FACE#:10 #SENDAMOUNT#:462316069
1548578010.000006 ccnd[11235]: #CANUSE#:10000000 #FACE#:10 #SENDAMOUNT#:463565053
1548578011.000007 ccnd[11235]: #CANUSE#:10000000 #FACE#:10 #SENDAMOUNT#:464814037
1548578012.000006 ccnd[11235]: #CANUSE#:10000000 #FACE#:10 #SENDAMOUNT#:466063021
1548578013.000006 ccnd[11235]: #CANUSE#:10000000 #FACE#:10 #SENDAMOUNT#:467312005
1548578014.000005 ccnd[11235]: #CANUSE#:10000000 #FACE#:10 #SENDAMOUNT#:468560989
1548578015.000005 ccnd[11235]: #CANUSE#:10000000 #FACE#:10 #SENDAMOUNT#:469809973
1548578016.000006 ccnd[11235]: #CANUSE#:6500000 #FACE#:10 #SENDAMOUNT#:471058957
1548578017.000007 ccnd[11235]: #CANUSE#:10000000 #FACE#:10 #SENDAMOUNT#:471867958
1548578023.000007 ccnd[11235]: #CANUSE#:10000000 #FACE#:10 #SENDAMOUNT#:472748636
1548578024.000006 ccnd[11235]: #CANUSE#:10000000 #FACE#:10 #SENDAMOUNT#:473443961
1548578025.000004 ccnd[11235]: #CANUSE#:10000000 #FACE#:10 #SENDAMOUNT#:474092103
1548578026.000006 ccnd[11235]: #CANUSE#:10000000 #FACE#:10 #SENDAMOUNT#:474707133
1548578027.000007 ccnd[11235]: #CANUSE#:10000000 #FACE#:10 #SENDAMOUNT#:475908807
1548578028.000006 ccnd[11235]: #CANUSE#:10000000 #FACE#:10 #SENDAMOUNT#:476703615
1548578029.000004 ccnd[11235]: #CANUSE#:10000000 #FACE#:10 #SENDAMOUNT#:476713077
1548578030.000005 ccnd[11235]: #CANUSE#:10000000 #FACE#:10 #SENDAMOUNT#:477962061
1548578031.000007 ccnd[11235]: #CANUSE#:10000000 #FACE#:10 #SENDAMOUNT#:479211045
1548578032.000006 ccnd[11235]: #CANUSE#:6500000 #FACE#:10 #SENDAMOUNT#:480460029
1548578033.000007 ccnd[11235]: #CANUSE#:10000000 #FACE#:10 #SENDAMOUNT#:481269030
1548578034.000005 ccnd[11235]: #CANUSE#:10000000 #FACE#:10 #SENDAMOUNT#:482518014
1548578035.000005 ccnd[11235]: #CANUSE#:10000000 #FACE#:10 #SENDAMOUNT#:483766998
1548578036.000006 ccnd[11235]: #CANUSE#:10000000 #FACE#:10 #SENDAMOUNT#:484297235
1548578037.000006 ccnd[11235]: #CANUSE#:10000000 #FACE#:10 #SENDAMOUNT#:484301966
1548578042.000006 ccnd[11235]: #CANUSE#:9750000 #FACE#:10 #SENDAMOUNT#:484482172
1548578043.000006 ccnd[11235]: #CANUSE#:10000000 #FACE#:10 #SENDAMOUNT#:484884222
1548578044.000006 ccnd[11235]: #CANUSE#:10000000 #FACE#:10 #SENDAMOUNT#:485674166
1548578045.000006 ccnd[11235]: #CANUSE#:10000000 #FACE#:10 #SENDAMOUNT#:486298658
1548578046.000005 ccnd[11235]: #CANUSE#:10000000 #FACE#:10 #SENDAMOUNT#:487547642
1548578047.000006 ccnd[11235]: #CANUSE#:10000000 #FACE#:10 #SENDAMOUNT#:488796626
1548578048.000007 ccnd[11235]: #CANUSE#:6500000 #FACE#:10 #SENDAMOUNT#:489742826
1548578049.000005 ccnd[11235]: #CANUSE#:10000000 #FACE#:10 #SENDAMOUNT#:490551827
1548578050.000005 ccnd[11235]: #CANUSE#:10000000 #FACE#:10 #SENDAMOUNT#:491739308
1548578051.000005 ccnd[11235]: #CANUSE#:10000000 #FACE#:10 #SENDAMOUNT#:492964637
1548578052.000004 ccnd[11235]: #CANUSE#:10000000 #FACE#:10 #SENDAMOUNT#:494213621
1548578053.000006 ccnd[11235]: #CANUSE#:10000000 #FACE#:10 #SENDAMOUNT#:495462605
1548578059.000005 ccnd[11235]: #CANUSE#:10000000 #FACE#:10 #SENDAMOUNT#:497062381
1548578060.000006 ccnd[11235]: #CANUSE#:10000000 #FACE#:10 #SENDAMOUNT#:497923300
1548578061.000006 ccnd[11235]: #CANUSE#:10000000 #FACE#:10 #SENDAMOUNT#:498547792
1548578062.000005 ccnd[11235]: #CANUSE#:10000000 #FACE#:10 #SENDAMOUNT#:499749466
1548578063.000007 ccnd[11235]: #CANUSE#:10000000 #FACE#:10 #SENDAMOUNT#:500818672
1548578064.000005 ccnd[11235]: #CANUSE#:6500000 #FACE#:10 #SENDAMOUNT#:502015615
1548578065.000004 ccnd[11235]: #CANUSE#:10000000 #FACE#:10 #SENDAMOUNT#:502824616
1548578066.000007 ccnd[11235]: #CANUSE#:10000000 #FACE#:10 #SENDAMOUNT#:504073600
1548578067.000004 ccnd[11235]: #CANUSE#:10000000 #FACE#:10 #SENDAMOUNT#:505322584
1548578068.000005 ccnd[11235]: #CANUSE#:10000000 #FACE#:10 #SENDAMOUNT#:506571568
1548578069.000006 ccnd[11235]: #CANUSE#:10000000 #FACE#:10 #SENDAMOUNT#:507820552
1548578075.000005 ccnd[11235]: #CANUSE#:9750000 #FACE#:10 #SENDAMOUNT#:509179047
1548578076.000004 ccnd[11235]: #CANUSE#:10000000 #FACE#:10 #SENDAMOUNT#:509581097
1548578077.000006 ccnd[11235]: #CANUSE#:10000000 #FACE#:10 #SENDAMOUNT#:510281247
1548578078.000005 ccnd[11235]: #CANUSE#:10000000 #FACE#:10 #SENDAMOUNT#:511530231
1548578079.000004 ccnd[11235]: #CANUSE#:10000000 #FACE#:10 #SENDAMOUNT#:512779215
1548578080.000006 ccnd[11235]: #CANUSE#:10000000 #FACE#:10 #SENDAMOUNT#:514028199
1548578081.000005 ccnd[11235]: #CANUSE#:10000000 #FACE#:10 #SENDAMOUNT#:515277183
1548578082.000006 ccnd[11235]: #CANUSE#:10000000 #FACE#:10 #SENDAMOUNT#:516526167
1548578083.000005 ccnd[11235]: #CANUSE#:6500000 #FACE#:10 #SENDAMOUNT#:517590642
1548578084.000005 ccnd[11235]: #CANUSE#:10000000 #FACE#:10 #SENDAMOUNT#:518399643
1548578085.000005 ccnd[11235]: #CANUSE#:10000000 #FACE#:10 #SENDAMOUNT#:519648627
1548578086.000004 ccnd[11235]: #CANUSE#:10000000 #FACE#:10 #SENDAMOUNT#:520670888
1548578091.000006 ccnd[11235]: #CANUSE#:6500000 #FACE#:10 #SENDAMOUNT#:520675617
1548578092.000005 ccnd[11235]: #CANUSE#:10000000 #FACE#:10 #SENDAMOUNT#:521087594
1548578093.000005 ccnd[11235]: #CANUSE#:10000000 #FACE#:10 #SENDAMOUNT#:522289100
1548578094.000005 ccnd[11235]: #CANUSE#:10000000 #FACE#:10 #SENDAMOUNT#:522719621
1548578095.000006 ccnd[11235]: #CANUSE#:10000000 #FACE#:10 #SENDAMOUNT#:523968605
1548578096.000006 ccnd[11235]: #CANUSE#:6500000 #FACE#:10 #SENDAMOUNT#:525217589
1548578097.000004 ccnd[11235]: #CANUSE#:10000000 #FACE#:10 #SENDAMOUNT#:526026590
1548578098.000006 ccnd[11235]: #CANUSE#:10000000 #FACE#:10 #SENDAMOUNT#:527275574
1548578099.000006 ccnd[11235]: #CANUSE#:10000000 #FACE#:10 #SENDAMOUNT#:528524558
1548578100.000004 ccnd[11235]: #CANUSE#:10000000 #FACE#:10 #SENDAMOUNT#:529773542
1548578101.000004 ccnd[11235]: #CANUSE#:10000000 #FACE#:10 #SENDAMOUNT#:530071595
1548578102.000005 ccnd[11235]: #CANUSE#:10000000 #FACE#:10 #SENDAMOUNT#:531320579
1548578103.000004 ccnd[11235]: #CANUSE#:10000000 #FACE#:10 #SENDAMOUNT#:532569563
1548578109.000005 ccnd[11235]: #CANUSE#:10000000 #FACE#:10 #SENDAMOUNT#:533421841
1548578110.000006 ccnd[11235]: #CANUSE#:10000000 #FACE#:10 #SENDAMOUNT#:534722743
1548578111.000004 ccnd[11235]: #CANUSE#:10000000 #FACE#:10 #SENDAMOUNT#:535347235
1548578112.000005 ccnd[11235]: #CANUSE#:10000000 #FACE#:10 #SENDAMOUNT#:536596219
1548578113.000004 ccnd[11235]: #CANUSE#:10000000 #FACE#:10 #SENDAMOUNT#:537845203
1548578114.000005 ccnd[11235]: #CANUSE#:10000000 #FACE#:10 #SENDAMOUNT#:538867099
1548578115.000004 ccnd[11235]: #CANUSE#:10000000 #FACE#:10 #SENDAMOUNT#:540116083
1548578116.000006 ccnd[11235]: #CANUSE#:10000000 #FACE#:10 #SENDAMOUNT#:541365067
1548578117.000006 ccnd[11235]: #CANUSE#:10000000 #FACE#:10 #SENDAMOUNT#:542178799
1548578118.000004 ccnd[11235]: #CANUSE#:10000000 #FACE#:10 #SENDAMOUNT#:543427783
1548578119.000006 ccnd[11235]: #CANUSE#:10000000 #FACE#:10 #SENDAMOUNT#:544676767
1548578124.000005 ccnd[11235]: #CANUSE#:6500000 #FACE#:10 #SENDAMOUNT#:544908949
1548578125.000019 ccnd[11235]: #CANUSE#:10000000 #FACE#:10 #SENDAMOUNT#:545533776
1548578126.000005 ccnd[11235]: #CANUSE#:10000000 #FACE#:10 #SENDAMOUNT#:545845956
1548578127.000005 ccnd[11235]: #CANUSE#:10000000 #FACE#:10 #SENDAMOUNT#:546934025
1548578128.000005 ccnd[11235]: #CANUSE#:10000000 #FACE#:10 #SENDAMOUNT#:548178278
1548578129.000006 ccnd[11235]: #CANUSE#:10000000 #FACE#:10 #SENDAMOUNT#:549389414
1548578130.000005 ccnd[11235]: #CANUSE#:10000000 #FACE#:10 #SENDAMOUNT#:550198415
1548578131.000004 ccnd[11235]: #CANUSE#:10000000 #FACE#:10 #SENDAMOUNT#:551447399
1548578132.000004 ccnd[11235]: #CANUSE#:10000000 #FACE#:10 #SENDAMOUNT#:552696383
1548578133.000004 ccnd[11235]: #CANUSE#:10000000 #FACE#:10 #SENDAMOUNT#:553945367
1548578134.000006 ccnd[11235]: #CANUSE#:10000000 #FACE#:10 #SENDAMOUNT#:555194351
1548578135.000003 ccnd[11235]: #CANUSE#:10000000 #FACE#:10 #SENDAMOUNT#:556443335
1548578136.000005 ccnd[11235]: #CANUSE#:6500000 #FACE#:10 #SENDAMOUNT#:557049268
1548578141.000006 ccnd[11235]: #CANUSE#:10000000 #FACE#:10 #SENDAMOUNT#:557053997
1548578142.000005 ccnd[11235]: #CANUSE#:10000000 #FACE#:10 #SENDAMOUNT#:557763964
1548578143.000004 ccnd[11235]: #CANUSE#:10000000 #FACE#:10 #SENDAMOUNT#:558667480
1548578144.000006 ccnd[11235]: #CANUSE#:10000000 #FACE#:10 #SENDAMOUNT#:559821844
1548578145.000006 ccnd[11235]: #CANUSE#:10000000 #FACE#:10 #SENDAMOUNT#:561070828
1548578146.000005 ccnd[11235]: #CANUSE#:10000000 #FACE#:10 #SENDAMOUNT#:562319812
1548578147.000004 ccnd[11235]: #CANUSE#:10000000 #FACE#:10 #SENDAMOUNT#:563568796
1548578148.000005 ccnd[11235]: #CANUSE#:10000000 #FACE#:10 #SENDAMOUNT#:564817780
1548578149.000004 ccnd[11235]: #CANUSE#:10000000 #FACE#:10 #SENDAMOUNT#:566066764
1548578150.000005 ccnd[11235]: #CANUSE#:10000000 #FACE#:10 #SENDAMOUNT#:567315748
1548578151.000006 ccnd[11235]: #CANUSE#:10000000 #FACE#:10 #SENDAMOUNT#:568564732
1548578152.000006 ccnd[11235]: #CANUSE#:6500000 #FACE#:10 #SENDAMOUNT#:569189589
1548578157.000007 ccnd[11235]: #CANUSE#:10000000 #FACE#:10 #SENDAMOUNT#:569194318
1548578159.000004 ccnd[11235]: #CANUSE#:10000000 #FACE#:10 #SENDAMOUNT#:569946855
1548578160.000006 ccnd[11235]: #CANUSE#:10000000 #FACE#:10 #SENDAMOUNT#:571209936
1548578161.000005 ccnd[11235]: #CANUSE#:10000000 #FACE#:10 #SENDAMOUNT#:572458920
1548578162.000006 ccnd[11235]: #CANUSE#:10000000 #FACE#:10 #SENDAMOUNT#:573305769
1548578163.000004 ccnd[11235]: #CANUSE#:10000000 #FACE#:10 #SENDAMOUNT#:574554753
1548578164.000005 ccnd[11235]: #CANUSE#:10000000 #FACE#:10 #SENDAMOUNT#:575803737
1548578165.000005 ccnd[11235]: #CANUSE#:10000000 #FACE#:10 #SENDAMOUNT#:577052721
1548578166.000006 ccnd[11235]: #CANUSE#:10000000 #FACE#:10 #SENDAMOUNT#:578301705
1548578167.000005 ccnd[11235]: #CANUSE#:10000000 #FACE#:10 #SENDAMOUNT#:579049203
1548578168.000004 ccnd[11235]: #CANUSE#:6500000 #FACE#:10 #SENDAMOUNT#:580298187
1548578169.000005 ccnd[11235]: #CANUSE#:10000000 #FACE#:10 #SENDAMOUNT#:581107188
1548578175.000006 ccnd[11235]: #CANUSE#:10000000 #FACE#:10 #SENDAMOUNT#:581945273
1548578176.000007 ccnd[11235]: #CANUSE#:8666666 #FACE#:10 #SENDAMOUNT#:582862964
1548578177.000004 ccnd[11235]: #CANUSE#:10000000 #FACE#:10 #SENDAMOUNT#:583402298
1548578178.000006 ccnd[11235]: #CANUSE#:10000000 #FACE#:10 #SENDAMOUNT#:584339036
1548578179.000006 ccnd[11235]: #CANUSE#:10000000 #FACE#:10 #SENDAMOUNT#:585465014
1548578180.000007 ccnd[11235]: #CANUSE#:10000000 #FACE#:10 #SENDAMOUNT#:586713998
1548578181.000005 ccnd[11235]: #CANUSE#:10000000 #FACE#:10 #SENDAMOUNT#:587962982
1548578182.000006 ccnd[11235]: #CANUSE#:10000000 #FACE#:10 #SENDAMOUNT#:589211966
1548578183.000004 ccnd[11235]: #CANUSE#:10000000 #FACE#:10 #SENDAMOUNT#:590460950
1548578184.000004 ccnd[11235]: #CANUSE#:6500000 #FACE#:10 #SENDAMOUNT#:591709934
1548578185.000005 ccnd[11235]: #CANUSE#:10000000 #FACE#:10 #SENDAMOUNT#:592518935
1548578191.000004 ccnd[11235]: #CANUSE#:10000000 #FACE#:10 #SENDAMOUNT#:593972068
1548578192.000006 ccnd[11235]: #CANUSE#:10000000 #FACE#:10 #SENDAMOUNT#:594549128
1548578193.000005 ccnd[11235]: #CANUSE#:10000000 #FACE#:10 #SENDAMOUNT#:594979630
1548578194.000005 ccnd[11235]: #CANUSE#:10000000 #FACE#:10 #SENDAMOUNT#:596053567
1548578195.000005 ccnd[11235]: #CANUSE#:10000000 #FACE#:10 #SENDAMOUNT#:597302551
1548578196.000005 ccnd[11235]: #CANUSE#:10000000 #FACE#:10 #SENDAMOUNT#:598551535
1548578197.000006 ccnd[11235]: #CANUSE#:10000000 #FACE#:10 #SENDAMOUNT#:599800519
1548578197.000022 ccnd[11235]: #CANUSE#:10000000 #FACE#:12 #SENDAMOUNT#:14193
1548578198.000004 ccnd[11235]: #CANUSE#:10000000 #FACE#:10 #SENDAMOUNT#:600306736
1548578199.000004 ccnd[11235]: #CANUSE#:10000000 #FACE#:10 #SENDAMOUNT#:601555720
1548578200.000004 ccnd[11235]: #CANUSE#:10000000 #FACE#:10 #SENDAMOUNT#:602804704
1548578201.000006 ccnd[11235]: #CANUSE#:10000000 #FACE#:10 #SENDAMOUNT#:604053688
1548578202.000006 ccnd[11235]: #CANUSE#:10000000 #FACE#:10 #SENDAMOUNT#:605302672
1548578208.000005 ccnd[11235]: #CANUSE#:8666666 #FACE#:10 #SENDAMOUNT#:606197529
1548578209.000005 ccnd[11235]: #CANUSE#:10000000 #FACE#:10 #SENDAMOUNT#:606788790
1548578210.000004 ccnd[11235]: #CANUSE#:10000000 #FACE#:10 #SENDAMOUNT#:607455852
1548578211.000006 ccnd[11235]: #CANUSE#:10000000 #FACE#:10 #SENDAMOUNT#:608402052
1548578212.000008 ccnd[11235]: #CANUSE#:10000000 #FACE#:10 #SENDAMOUNT#:609651036
1548578213.000006 ccnd[11235]: #CANUSE#:10000000 #FACE#:10 #SENDAMOUNT#:610895289
1548578214.000005 ccnd[11235]: #CANUSE#:10000000 #FACE#:10 #SENDAMOUNT#:612144273
1548578215.000005 ccnd[11235]: #CANUSE#:10000000 #FACE#:10 #SENDAMOUNT#:613393257
1548578216.000005 ccnd[11235]: #CANUSE#:6500000 #FACE#:10 #SENDAMOUNT#:614642241
1548578217.000004 ccnd[11235]: #CANUSE#:10000000 #FACE#:10 #SENDAMOUNT#:615451242
1548578218.000006 ccnd[11235]: #CANUSE#:10000000 #FACE#:10 #SENDAMOUNT#:616700226
1548578219.000004 ccnd[11235]: #CANUSE#:10000000 #FACE#:10 #SENDAMOUNT#:617694101
1548578262.608297 ccnd[11235]: accepted client fd=8 id=13
1548578262.609814 ccnd[11235]: accepted client fd=10 id=14
1548578262.609826 ccnd[11235]: stopping (/tmp/.ccnd.sock gone)
1548578262.609829 ccnd[11235]: exiting.
1548578262.609836 ccnd[11235]: closing fd 3 while finalizing face 1
1548578262.609839 ccnd[11235]: releasing face id 1 (slot 1)
1548578262.609846 ccnd[11235]: closing fd 5 while finalizing face 3
1548578262.609853 ccnd[11235]: releasing face id 3 (slot 3)
1548578262.609858 ccnd[11235]: closing fd 7 while finalizing face 5
1548578262.609860 ccnd[11235]: releasing face id 5 (slot 5)
1548578262.609865 ccnd[11235]: closing fd 4 while finalizing face 2
1548578262.609868 ccnd[11235]: releasing face id 2 (slot 2)
1548578262.609872 ccnd[11235]: closing fd 6 while finalizing face 4
1548578262.609874 ccnd[11235]: releasing face id 4 (slot 4)
1548578262.610069 ccnd[11235]: releasing face id 8 (slot 8)
1548578262.610076 ccnd[11235]: releasing face id 10 (slot 10)
1548578262.610080 ccnd[11235]: releasing face id 12 (slot 12)
1548578262.610085 ccnd[11235]: closing fd 8 while finalizing face 13
1548578262.610087 ccnd[11235]: releasing face id 13 (slot 13)
1548578262.610098 ccnd[11235]: closing fd 10 while finalizing face 14
1548578262.610100 ccnd[11235]: recycling face id 14 (slot 14)
1548578262.610106 ccnd[11235]: closing fd 9 while finalizing face 7
1548578262.610110 ccnd[11235]: releasing face id 7 (slot 7)
1548578262.610343 ccnr[11240]: lost connection to ccnd
1548578262.610354 ccnr[11240]: exiting.
