1548908202.000000 ccnd[24746]:  ____________________ Thu Jan 31 13:16:42 2019
1548908202.745252 00000000.ccnd[24746]: =======================ex index n: 0
1548908202.745305 00000000.ccnd[24746]: =======================ex index l: 12
1548908202.745311 ccnd[24746]: CCND_DEBUG=1 CCND_CAP=2000
1548908202.745314 ccnd[24746]: CCND_DEBUG=1 CCND_CAP_G=2000
1548908202.745384 ccnd[24746]: listening on /tmp/.ccnd.sock
1548908202.745404 ccnd[24746]: accepting ipv4 datagrams on fd 4 rcvbuf 212992
1548908202.745416 ccnd[24746]: accepting ipv4 connections on fd 5
1548908202.745428 ccnd[24746]: accepting ipv6 datagrams on fd 6 rcvbuf 212992
1548908202.745439 ccnd[24746]: accepting ipv6 connections on fd 7
1548908202.795979 ccnd[24746]: accepted client fd=8 id=6
1548908202.796054 ccnd[24746]: shutdown client fd=8 id=6
1548908202.796061 ccnd[24746]: recycling face id 6 (slot 6)
1548908202.796874 ccnr[24751]: CCNR_DEBUG=7 CCNR_DIRECTORY=. CCNR_STATUS_PORT=
1548908202.797018 ccnr[24751]: Repository file is indexed
1548908202.799859 ccnd[24746]: accepted client fd=8 id=6
1548908202.801193 ccnd[24746]: accepted client fd=9 id=7
1548908202.813501 ccnd[24746]: accepted datagram client id=8 (flags=0x40012) 192.168.102.10 port 9695
1548908202.819428 ccnd[24746]: shutdown client fd=8 id=6
1548908202.819439 ccnd[24746]: releasing face id 6 (slot 6)
1548908202.820225 ccnd[24746]: accepted client fd=8 id=9
1548908202.824335 ccnd[24746]: accepted datagram client id=10 (flags=0x40012) 192.168.105.11 port 9695
1548908202.825514 ccnd[24746]: shutdown client fd=8 id=9
1548908202.825523 ccnd[24746]: releasing face id 9 (slot 9)
1548908210.900309 ccnd[24746]: 5105 remove
1548908240.463396 ccnd[24746]: 5105 remove
1548908247.000021 ccnd[24746]: #send_g#:3220816 #send_d#:0 #face#:10 #band#:0 #band_f#:20000000
1548908248.000002 ccnd[24746]: #send_g#:302784 #send_d#:0 #face#:10 #band#:3000000 #band_f#:20000000
1548908249.000004 ccnd[24746]: #send_g#:75696 #send_d#:0 #face#:10 #band#:3000000 #band_f#:20000000
1548908250.000004 ccnd[24746]: #send_g#:75696 #send_d#:0 #face#:10 #band#:3000000 #band_f#:20000000
1548908251.000003 ccnd[24746]: #send_g#:2384424 #send_d#:0 #face#:10 #band#:3000000 #band_f#:20000000
1548908252.000002 ccnd[24746]: #send_g#:11507456 #send_d#:0 #face#:10 #band#:3000000 #band_f#:20000000
1548908253.000002 ccnd[24746]: #send_g#:19192992 #send_d#:0 #face#:10 #band#:3000000 #band_f#:20000000
1548908254.000002 ccnd[24746]: #send_g#:11886784 #send_d#:0 #face#:10 #band#:3000000 #band_f#:20000000
1548908255.000001 ccnd[24746]: #send_g#:227136 #send_d#:0 #face#:10 #band#:3000000 #band_f#:20000000
1548908256.000004 ccnd[24746]: #send_g#:6210824 #send_d#:0 #face#:10 #band#:3000000 #band_f#:20000000
1548908257.001716 ccnd[24746]: #send_g#:12987056 #send_d#:0 #face#:10 #band#:6000000 #band_f#:20000000
1548908258.000001 ccnd[24746]: #send_g#:15784432 #send_d#:0 #face#:10 #band#:9000000 #band_f#:20000000
1548908258.568188 ccnd[24746]: 5105 remove
1548908258.568203 ccnd[24746]: 5105 remove
1548908258.568208 ccnd[24746]: 5105 remove
1548908259.000003 ccnd[24746]: #send_g#:11243232 #send_d#:0 #face#:10 #band#:9000000 #band_f#:20000000
1548908260.000004 ccnd[24746]: #send_g#:16050944 #send_d#:0 #face#:10 #band#:9000000 #band_f#:20000000
1548908261.005852 ccnd[24746]: #send_g#:4315584 #send_d#:0 #face#:10 #band#:9000000 #band_f#:20000000
1548908262.000002 ccnd[24746]: #send_g#:12798784 #send_d#:0 #face#:10 #band#:9000000 #band_f#:20000000
1548908263.007774 ccnd[24746]: #send_g#:17867992 #send_d#:0 #face#:10 #band#:9000000 #band_f#:20000000
1548908264.000003 ccnd[24746]: #send_g#:18587048 #send_d#:0 #face#:10 #band#:9000000 #band_f#:20000000
1548908265.012570 ccnd[24746]: #send_g#:4769824 #send_d#:0 #face#:10 #band#:9000000 #band_f#:20000000
1548908266.000005 ccnd[24746]: #send_g#:7192640 #send_d#:0 #face#:10 #band#:9000000 #band_f#:20000000
1548908267.000002 ccnd[24746]: #send_g#:16470792 #send_d#:0 #face#:10 #band#:9000000 #band_f#:20000000
1548908267.883042 ccnd[24746]: 5105 remove
1548908267.883065 ccnd[24746]: 5105 remove
1548908267.883071 ccnd[24746]: 5105 remove
1548908268.000003 ccnd[24746]: #send_g#:12074760 #send_d#:0 #face#:10 #band#:9000000 #band_f#:20000000
1548908269.000004 ccnd[24746]: #send_g#:4504624 #send_d#:0 #face#:10 #band#:9000000 #band_f#:20000000
1548908270.000004 ccnd[24746]: #send_g#:567824 #send_d#:0 #face#:10 #band#:9000000 #band_f#:20000000
1548908271.000005 ccnd[24746]: #send_g#:9311664 #send_d#:0 #face#:10 #band#:9000000 #band_f#:20000000
1548908272.000003 ccnd[24746]: #send_g#:10410272 #send_d#:0 #face#:10 #band#:9000000 #band_f#:20000000
1548908273.000002 ccnd[24746]: #send_g#:10337496 #send_d#:0 #face#:10 #band#:9000000 #band_f#:20000000
1548908274.000002 ccnd[24746]: #send_g#:8781224 #send_d#:0 #face#:10 #band#:9000000 #band_f#:20000000
1548908275.000003 ccnd[24746]: #send_g#:17792304 #send_d#:0 #face#:10 #band#:9000000 #band_f#:20000000
1548908276.000002 ccnd[24746]: #send_g#:14612416 #send_d#:0 #face#:10 #band#:9000000 #band_f#:20000000
1548908277.000002 ccnd[24746]: #send_g#:7835808 #send_d#:0 #face#:10 #band#:9000000 #band_f#:20000000
1548908278.000002 ccnd[24746]: #send_g#:11171000 #send_d#:0 #face#:10 #band#:9000000 #band_f#:20000000
1548908279.000003 ccnd[24746]: #send_g#:12833184 #send_d#:0 #face#:10 #band#:9000000 #band_f#:20000000
1548908280.000004 ccnd[24746]: #send_g#:794976 #send_d#:0 #face#:10 #band#:9000000 #band_f#:20000000
1548908281.000002 ccnd[24746]: #send_g#:10637536 #send_d#:0 #face#:10 #band#:9000000 #band_f#:20000000
1548908282.000002 ccnd[24746]: #send_g#:8517448 #send_d#:0 #face#:10 #band#:9000000 #band_f#:20000000
1548908282.582945 ccnd[24746]: 5105 remove
1548908282.582962 ccnd[24746]: 5105 remove
1548908283.000003 ccnd[24746]: #send_g#:6362608 #send_d#:0 #face#:10 #band#:9000000 #band_f#:20000000
1548908284.000004 ccnd[24746]: #send_g#:1438432 #send_d#:0 #face#:10 #band#:9000000 #band_f#:20000000
1548908285.000001 ccnd[24746]: #send_g#:4353368 #send_d#:0 #face#:10 #band#:9000000 #band_f#:20000000
1548908286.000131 ccnd[24746]: #send_g#:11394328 #send_d#:0 #face#:10 #band#:9000000 #band_f#:20000000
1548908287.000004 ccnd[24746]: #send_g#:7797328 #send_d#:0 #face#:10 #band#:9000000 #band_f#:20000000
1548908288.000001 ccnd[24746]: #send_g#:19158224 #send_d#:0 #face#:10 #band#:9000000 #band_f#:20000000
1548908289.003599 ccnd[24746]: #send_g#:19835992 #send_d#:0 #face#:10 #band#:9000000 #band_f#:20000000
1548908290.000004 ccnd[24746]: #send_g#:12415696 #send_d#:0 #face#:10 #band#:9000000 #band_f#:20000000
1548908291.000002 ccnd[24746]: #send_g#:8933400 #send_d#:0 #face#:10 #band#:9000000 #band_f#:20000000
1548908292.000002 ccnd[24746]: #send_g#:12759984 #send_d#:0 #face#:10 #band#:9000000 #band_f#:20000000
1548908293.000003 ccnd[24746]: #send_g#:16508448 #send_d#:0 #face#:10 #band#:9000000 #band_f#:20000000
1548908294.000002 ccnd[24746]: #send_g#:13211672 #send_d#:0 #face#:10 #band#:9000000 #band_f#:20000000
1548908295.000003 ccnd[24746]: #send_g#:18927816 #send_d#:0 #face#:10 #band#:9000000 #band_f#:20000000
1548908296.000003 ccnd[24746]: #send_g#:10069696 #send_d#:0 #face#:10 #band#:9000000 #band_f#:20000000
1548908297.000004 ccnd[24746]: #send_g#:8896160 #send_d#:0 #face#:10 #band#:9000000 #band_f#:20000000
1548908298.000004 ccnd[24746]: #send_g#:16166984 #send_d#:0 #face#:10 #band#:9000000 #band_f#:20000000
1548908298.632806 ccnd[24746]: 5105 remove
1548908298.632829 ccnd[24746]: 5105 remove
1548908299.000002 ccnd[24746]: #send_g#:9652448 #send_d#:0 #face#:10 #band#:9000000 #band_f#:20000000
1548908300.000004 ccnd[24746]: #send_g#:12795008 #send_d#:0 #face#:10 #band#:9000000 #band_f#:20000000
1548908301.000004 ccnd[24746]: #send_g#:10334656 #send_d#:0 #face#:10 #band#:9000000 #band_f#:20000000
1548908302.000005 ccnd[24746]: #send_g#:10069696 #send_d#:0 #face#:10 #band#:9000000 #band_f#:20000000
1548908303.009328 ccnd[24746]: #send_g#:7835408 #send_d#:0 #face#:10 #band#:9000000 #band_f#:20000000
1548908304.000003 ccnd[24746]: #send_g#:9993816 #send_d#:0 #face#:10 #band#:9000000 #band_f#:20000000
1548908305.000003 ccnd[24746]: #send_g#:9009720 #send_d#:0 #face#:10 #band#:9000000 #band_f#:20000000
1548908306.001558 ccnd[24746]: #send_g#:8404032 #send_d#:0 #face#:10 #band#:9000000 #band_f#:20000000
1548908307.000766 ccnd[24746]: #send_g#:6212104 #send_d#:0 #face#:10 #band#:9000000 #band_f#:20000000
1548908308.000016 ccnd[24746]: #send_g#:13365168 #send_d#:0 #face#:10 #band#:9000000 #band_f#:20000000
1548908309.000004 ccnd[24746]: #send_g#:18402848 #send_d#:0 #face#:10 #band#:9000000 #band_f#:20000000
1548908310.002604 ccnd[24746]: #send_g#:13210752 #send_d#:0 #face#:10 #band#:9000000 #band_f#:20000000
1548908311.000002 ccnd[24746]: #send_g#:17072960 #send_d#:0 #face#:10 #band#:9000000 #band_f#:20000000
1548908312.000002 ccnd[24746]: #send_g#:8782576 #send_d#:0 #face#:10 #band#:9000000 #band_f#:20000000
1548908313.000004 ccnd[24746]: #send_g#:11053944 #send_d#:0 #face#:10 #band#:9000000 #band_f#:20000000
1548908314.000002 ccnd[24746]: #send_g#:12041856 #send_d#:0 #face#:10 #band#:9000000 #band_f#:20000000
1548908315.000002 ccnd[24746]: #send_g#:15483008 #send_d#:0 #face#:10 #band#:9000000 #band_f#:20000000
1548908316.000003 ccnd[24746]: #send_g#:10183008 #send_d#:0 #face#:10 #band#:9000000 #band_f#:20000000
1548908317.000002 ccnd[24746]: #send_g#:14918176 #send_d#:0 #face#:10 #band#:9000000 #band_f#:20000000
1548908318.000003 ccnd[24746]: #send_g#:11700440 #send_d#:0 #face#:10 #band#:9000000 #band_f#:20000000
1548908319.000003 ccnd[24746]: #send_g#:17716016 #send_d#:0 #face#:10 #band#:9000000 #band_f#:20000000
1548908320.000004 ccnd[24746]: #send_g#:3293208 #send_d#:0 #face#:10 #band#:9000000 #band_f#:20000000
1548908321.000947 ccnd[24746]: #send_g#:5148384 #send_d#:0 #face#:10 #band#:9000000 #band_f#:20000000
1548908322.000003 ccnd[24746]: #send_g#:6284024 #send_d#:0 #face#:10 #band#:9000000 #band_f#:20000000
1548908323.002791 ccnd[24746]: #send_g#:14917808 #send_d#:0 #face#:10 #band#:9000000 #band_f#:20000000
1548908323.899407 ccnd[24746]: 5105 remove
1548908324.000005 ccnd[24746]: #send_g#:12037920 #send_d#:0 #face#:10 #band#:9000000 #band_f#:20000000
1548908325.000003 ccnd[24746]: #send_g#:7306032 #send_d#:0 #face#:10 #band#:9000000 #band_f#:20000000
1548908326.000002 ccnd[24746]: #send_g#:7571168 #send_d#:0 #face#:10 #band#:9000000 #band_f#:20000000
1548908327.001679 ccnd[24746]: #send_g#:13135696 #send_d#:0 #face#:10 #band#:9000000 #band_f#:20000000
1548908328.000002 ccnd[24746]: #send_g#:13669136 #send_d#:0 #face#:10 #band#:9000000 #band_f#:20000000
1548908329.000108 ccnd[24746]: #send_g#:19573720 #send_d#:0 #face#:10 #band#:9000000 #band_f#:20000000
1548908330.000004 ccnd[24746]: #send_g#:14459872 #send_d#:0 #face#:10 #band#:9000000 #band_f#:20000000
1548908331.000005 ccnd[24746]: #send_g#:9160928 #send_d#:0 #face#:10 #band#:9000000 #band_f#:20000000
1548908332.000002 ccnd[24746]: #send_g#:9047328 #send_d#:0 #face#:10 #band#:9000000 #band_f#:20000000
1548908333.000002 ccnd[24746]: #send_g#:12192832 #send_d#:0 #face#:10 #band#:9000000 #band_f#:20000000
1548908334.000004 ccnd[24746]: #send_g#:2876896 #send_d#:0 #face#:10 #band#:9000000 #band_f#:20000000
1548908335.000004 ccnd[24746]: #send_g#:605632 #send_d#:0 #face#:10 #band#:9000000 #band_f#:20000000
1548908336.000003 ccnd[24746]: #send_g#:14005536 #send_d#:0 #face#:10 #band#:9000000 #band_f#:20000000
1548908337.000004 ccnd[24746]: #send_g#:14460880 #send_d#:0 #face#:10 #band#:9000000 #band_f#:20000000
1548908338.000002 ccnd[24746]: #send_g#:13097928 #send_d#:0 #face#:10 #band#:9000000 #band_f#:20000000
1548908339.000002 ccnd[24746]: #send_g#:12268344 #send_d#:0 #face#:10 #band#:9000000 #band_f#:20000000
1548908340.000002 ccnd[24746]: #send_g#:10258464 #send_d#:0 #face#:10 #band#:9000000 #band_f#:20000000
1548908341.000002 ccnd[24746]: #send_g#:13968832 #send_d#:0 #face#:10 #band#:9000000 #band_f#:20000000
1548908342.000003 ccnd[24746]: #send_g#:9501432 #send_d#:0 #face#:10 #band#:9000000 #band_f#:20000000
1548908343.001430 ccnd[24746]: #send_g#:9505056 #send_d#:0 #face#:10 #band#:9000000 #band_f#:20000000
1548908344.000003 ccnd[24746]: #send_g#:13513424 #send_d#:0 #face#:10 #band#:9000000 #band_f#:20000000
1548908344.399150 ccnd[24746]: sendto short
1548908344.399235 ccnd[24746]: sendto short
1548908344.399313 ccnd[24746]: sendto short
1548908344.399382 ccnd[24746]: sendto short
1548908345.000002 ccnd[24746]: #send_g#:19990848 #send_d#:0 #face#:10 #band#:9000000 #band_f#:20000000
1548908346.000003 ccnd[24746]: #send_g#:14612384 #send_d#:0 #face#:10 #band#:9000000 #band_f#:20000000
1548908346.576715 ccnd[24746]: 5105 remove
1548908346.576733 ccnd[24746]: 5105 remove
1548908347.000003 ccnd[24746]: #send_g#:7343864 #send_d#:0 #face#:10 #band#:9000000 #band_f#:20000000
1548908348.000003 ccnd[24746]: #send_g#:6098088 #send_d#:0 #face#:10 #band#:9000000 #band_f#:20000000
1548908348.973034 ccnd[24746]: sendto short
1548908348.973112 ccnd[24746]: sendto short
1548908348.973183 ccnd[24746]: sendto short
1548908348.973255 ccnd[24746]: sendto short
1548908348.973326 ccnd[24746]: sendto short
1548908348.973401 ccnd[24746]: sendto short
1548908348.973473 ccnd[24746]: sendto short
1548908348.973547 ccnd[24746]: sendto short
1548908348.973578 ccnd[24746]: sendto short
1548908348.973610 ccnd[24746]: sendto short
1548908349.000003 ccnd[24746]: #send_g#:11697296 #send_d#:0 #face#:10 #band#:9000000 #band_f#:20000000
1548908350.000005 ccnd[24746]: #send_g#:9539400 #send_d#:0 #face#:10 #band#:9000000 #band_f#:20000000
1548908351.000003 ccnd[24746]: #send_g#:11015880 #send_d#:0 #face#:10 #band#:9000000 #band_f#:20000000
1548908352.000002 ccnd[24746]: #send_g#:8782096 #send_d#:0 #face#:10 #band#:9000000 #band_f#:20000000
1548908353.000004 ccnd[24746]: #send_g#:16280448 #send_d#:0 #face#:10 #band#:9000000 #band_f#:20000000
1548908354.000002 ccnd[24746]: #send_g#:19987744 #send_d#:0 #face#:10 #band#:9000000 #band_f#:20000000
1548908355.000003 ccnd[24746]: #send_g#:19986544 #send_d#:0 #face#:10 #band#:9000000 #band_f#:20000000
1548908356.000071 ccnd[24746]: #send_g#:11697056 #send_d#:0 #face#:10 #band#:9000000 #band_f#:20000000
1548908357.001754 ccnd[24746]: #send_g#:7419760 #send_d#:0 #face#:10 #band#:9000000 #band_f#:20000000
1548908358.000003 ccnd[24746]: #send_g#:11549504 #send_d#:0 #face#:10 #band#:9000000 #band_f#:20000000
1548908359.000003 ccnd[24746]: #send_g#:18548536 #send_d#:0 #face#:10 #band#:9000000 #band_f#:20000000
1548908360.000003 ccnd[24746]: #send_g#:12721496 #send_d#:0 #face#:10 #band#:9000000 #band_f#:20000000
1548908361.000004 ccnd[24746]: #send_g#:9236160 #send_d#:0 #face#:10 #band#:9000000 #band_f#:20000000
1548908362.011115 ccnd[24746]: #send_g#:11886448 #send_d#:0 #face#:10 #band#:6000000 #band_f#:20000000
1548908363.000004 ccnd[24746]: #send_g#:9539688 #send_d#:0 #face#:10 #band#:9000000 #band_f#:20000000
1548908364.000002 ccnd[24746]: #send_g#:16053616 #send_d#:0 #face#:10 #band#:9000000 #band_f#:20000000
1548908365.000002 ccnd[24746]: #send_g#:6208184 #send_d#:0 #face#:10 #band#:9000000 #band_f#:20000000
1548908366.000002 ccnd[24746]: #send_g#:12340224 #send_d#:0 #face#:10 #band#:9000000 #band_f#:20000000
1548908367.000003 ccnd[24746]: #send_g#:8858304 #send_d#:0 #face#:10 #band#:9000000 #band_f#:20000000
1548908368.000002 ccnd[24746]: #send_g#:11095032 #send_d#:0 #face#:10 #band#:9000000 #band_f#:20000000
1548908369.000001 ccnd[24746]: #send_g#:12984576 #send_d#:0 #face#:10 #band#:9000000 #band_f#:20000000
1548908370.000004 ccnd[24746]: #send_g#:12227184 #send_d#:0 #face#:10 #band#:9000000 #band_f#:20000000
1548908371.000002 ccnd[24746]: #send_g#:7949008 #send_d#:0 #face#:10 #band#:9000000 #band_f#:20000000
1548908371.883494 ccnd[24746]: 5105 remove
1548908372.000002 ccnd[24746]: #send_g#:11507776 #send_d#:0 #face#:10 #band#:9000000 #band_f#:20000000
1548908373.000004 ccnd[24746]: #send_g#:5489088 #send_d#:0 #face#:10 #band#:9000000 #band_f#:20000000
1548908374.000003 ccnd[24746]: #send_g#:14767312 #send_d#:0 #face#:10 #band#:9000000 #band_f#:20000000
1548908375.000003 ccnd[24746]: #send_g#:6738352 #send_d#:0 #face#:10 #band#:9000000 #band_f#:20000000
1548908376.000003 ccnd[24746]: #send_g#:2574192 #send_d#:0 #face#:10 #band#:9000000 #band_f#:20000000
1548908377.000002 ccnd[24746]: #send_g#:8596648 #send_d#:0 #face#:10 #band#:9000000 #band_f#:20000000
1548908378.000002 ccnd[24746]: #send_g#:16806672 #send_d#:0 #face#:10 #band#:9000000 #band_f#:20000000
1548908379.000003 ccnd[24746]: #send_g#:9615248 #send_d#:0 #face#:10 #band#:9000000 #band_f#:20000000
1548908380.000002 ccnd[24746]: #send_g#:18019344 #send_d#:0 #face#:10 #band#:9000000 #band_f#:20000000
1548908381.000003 ccnd[24746]: #send_g#:15599552 #send_d#:0 #face#:10 #band#:9000000 #band_f#:20000000
1548908382.009793 ccnd[24746]: #send_g#:11129656 #send_d#:0 #face#:10 #band#:9000000 #band_f#:20000000
1548908383.000016 ccnd[24746]: #send_g#:9429600 #send_d#:0 #face#:10 #band#:9000000 #band_f#:20000000
1548908384.000004 ccnd[24746]: #send_g#:11469640 #send_d#:0 #face#:10 #band#:6000000 #band_f#:20000000
1548908385.000002 ccnd[24746]: #send_g#:15292488 #send_d#:0 #face#:10 #band#:6000000 #band_f#:20000000
1548908386.000003 ccnd[24746]: #send_g#:10977784 #send_d#:0 #face#:10 #band#:9000000 #band_f#:20000000
1548908387.000003 ccnd[24746]: #send_g#:8781712 #send_d#:0 #face#:10 #band#:9000000 #band_f#:20000000
1548908388.000003 ccnd[24746]: #send_g#:7876592 #send_d#:0 #face#:10 #band#:9000000 #band_f#:20000000
1548908389.000004 ccnd[24746]: #send_g#:8251704 #send_d#:0 #face#:10 #band#:9000000 #band_f#:20000000
1548908390.000003 ccnd[24746]: #send_g#:4315584 #send_d#:0 #face#:10 #band#:9000000 #band_f#:20000000
1548908391.000003 ccnd[24746]: #send_g#:2801344 #send_d#:0 #face#:10 #band#:9000000 #band_f#:20000000
1548908392.000002 ccnd[24746]: #send_g#:7722624 #send_d#:0 #face#:10 #band#:9000000 #band_f#:20000000
1548908393.000002 ccnd[24746]: #send_g#:9429864 #send_d#:0 #face#:10 #band#:9000000 #band_f#:20000000
1548908394.000003 ccnd[24746]: #send_g#:16882768 #send_d#:0 #face#:10 #band#:9000000 #band_f#:20000000
1548908395.000002 ccnd[24746]: #send_g#:15445216 #send_d#:0 #face#:10 #band#:9000000 #band_f#:20000000
1548908396.000002 ccnd[24746]: #send_g#:13325312 #send_d#:0 #face#:10 #band#:6000000 #band_f#:20000000
1548908397.000004 ccnd[24746]: #send_g#:7874048 #send_d#:0 #face#:10 #band#:9000000 #band_f#:20000000
1548908398.000002 ccnd[24746]: #send_g#:10602576 #send_d#:0 #face#:10 #band#:9000000 #band_f#:20000000
1548908399.000001 ccnd[24746]: #send_g#:15906184 #send_d#:0 #face#:10 #band#:9000000 #band_f#:20000000
1548908400.000002 ccnd[24746]: #send_g#:17753488 #send_d#:0 #face#:10 #band#:9000000 #band_f#:20000000
1548908401.000003 ccnd[24746]: #send_g#:14801696 #send_d#:0 #face#:10 #band#:9000000 #band_f#:20000000
1548908402.000005 ccnd[24746]: #send_g#:10183264 #send_d#:0 #face#:10 #band#:9000000 #band_f#:20000000
1548908403.000003 ccnd[24746]: #send_g#:9921752 #send_d#:0 #face#:10 #band#:9000000 #band_f#:20000000
1548908404.000002 ccnd[24746]: #send_g#:10902472 #send_d#:0 #face#:10 #band#:9000000 #band_f#:20000000
1548908405.000003 ccnd[24746]: #send_g#:13930992 #send_d#:0 #face#:10 #band#:9000000 #band_f#:20000000
1548908406.000005 ccnd[24746]: #send_g#:14839536 #send_d#:0 #face#:10 #band#:9000000 #band_f#:20000000
1548908407.000002 ccnd[24746]: #send_g#:14233488 #send_d#:0 #face#:10 #band#:9000000 #band_f#:20000000
1548908408.000002 ccnd[24746]: #send_g#:6325264 #send_d#:0 #face#:10 #band#:9000000 #band_f#:20000000
1548908409.000002 ccnd[24746]: #send_g#:15407056 #send_d#:0 #face#:10 #band#:9000000 #band_f#:20000000
1548908410.000002 ccnd[24746]: #send_g#:3179568 #send_d#:0 #face#:10 #band#:6000000 #band_f#:20000000
1548908411.000002 ccnd[24746]: #send_g#:10106736 #send_d#:0 #face#:10 #band#:6000000 #band_f#:20000000
1548908412.000004 ccnd[24746]: #send_g#:11242320 #send_d#:0 #face#:10 #band#:9000000 #band_f#:20000000
1548908413.000003 ccnd[24746]: #send_g#:10069616 #send_d#:0 #face#:10 #band#:9000000 #band_f#:20000000
1548908414.000002 ccnd[24746]: #send_g#:11170104 #send_d#:0 #face#:10 #band#:9000000 #band_f#:20000000
1548908415.000005 ccnd[24746]: #send_g#:9009704 #send_d#:0 #face#:10 #band#:9000000 #band_f#:20000000
1548908416.000002 ccnd[24746]: #send_g#:8781184 #send_d#:0 #face#:10 #band#:9000000 #band_f#:20000000
1548908417.000003 ccnd[24746]: #send_g#:12113232 #send_d#:0 #face#:10 #band#:9000000 #band_f#:20000000
1548908418.000004 ccnd[24746]: #send_g#:6776208 #send_d#:0 #face#:10 #band#:9000000 #band_f#:20000000
1548908418.573963 ccnd[24746]: 5105 remove
1548908418.573987 ccnd[24746]: 5105 remove
1548908419.000002 ccnd[24746]: #send_g#:9956112 #send_d#:0 #face#:10 #band#:9000000 #band_f#:20000000
1548908420.000005 ccnd[24746]: #send_g#:6245608 #send_d#:0 #face#:10 #band#:9000000 #band_f#:20000000
1548908421.000002 ccnd[24746]: #send_g#:7533344 #send_d#:0 #face#:10 #band#:9000000 #band_f#:20000000
1548908422.000003 ccnd[24746]: #send_g#:4391280 #send_d#:0 #face#:10 #band#:9000000 #band_f#:20000000
1548908423.000004 ccnd[24746]: #send_g#:5908768 #send_d#:0 #face#:10 #band#:9000000 #band_f#:20000000
1548908424.000004 ccnd[24746]: #send_g#:16314352 #send_d#:0 #face#:10 #band#:9000000 #band_f#:20000000
1548908425.000002 ccnd[24746]: #send_g#:19647264 #send_d#:0 #face#:10 #band#:9000000 #band_f#:20000000
1548908425.041279 ccnd[24746]: sendto short
1548908425.041368 ccnd[24746]: sendto short
1548908425.041442 ccnd[24746]: sendto short
1548908426.000662 ccnd[24746]: #send_g#:10296832 #send_d#:0 #face#:10 #band#:9000000 #band_f#:20000000
1548908427.000003 ccnd[24746]: #send_g#:10413576 #send_d#:0 #face#:10 #band#:9000000 #band_f#:20000000
1548908428.000002 ccnd[24746]: #send_g#:9202112 #send_d#:0 #face#:10 #band#:9000000 #band_f#:20000000
1548908429.000001 ccnd[24746]: #send_g#:16995864 #send_d#:0 #face#:10 #band#:9000000 #band_f#:20000000
1548908430.000002 ccnd[24746]: #send_g#:16618784 #send_d#:0 #face#:10 #band#:9000000 #band_f#:20000000
1548908431.000003 ccnd[24746]: #send_g#:11470320 #send_d#:0 #face#:10 #band#:9000000 #band_f#:20000000
1548908432.000004 ccnd[24746]: #send_g#:8366112 #send_d#:0 #face#:10 #band#:9000000 #band_f#:20000000
1548908433.000002 ccnd[24746]: #send_g#:4810992 #send_d#:0 #face#:10 #band#:9000000 #band_f#:20000000
1548908434.000004 ccnd[24746]: #send_g#:12113848 #send_d#:0 #face#:10 #band#:9000000 #band_f#:20000000
1548908434.280329 ccnd[24746]: sendto short
1548908434.280362 ccnd[24746]: sendto short
1548908434.280383 ccnd[24746]: sendto short
1548908435.000002 ccnd[24746]: #send_g#:15179984 #send_d#:0 #face#:10 #band#:9000000 #band_f#:20000000
1548908436.000003 ccnd[24746]: #send_g#:11393304 #send_d#:0 #face#:10 #band#:9000000 #band_f#:20000000
1548908437.000005 ccnd[24746]: #send_g#:7911200 #send_d#:0 #face#:10 #band#:9000000 #band_f#:20000000
1548908438.000002 ccnd[24746]: #send_g#:9274720 #send_d#:0 #face#:10 #band#:9000000 #band_f#:20000000
1548908439.000002 ccnd[24746]: #send_g#:12685248 #send_d#:0 #face#:10 #band#:9000000 #band_f#:20000000
1548908440.000005 ccnd[24746]: #send_g#:11697456 #send_d#:0 #face#:10 #band#:9000000 #band_f#:20000000
1548908441.000004 ccnd[24746]: #send_g#:8179808 #send_d#:0 #face#:10 #band#:9000000 #band_f#:20000000
1548908442.000004 ccnd[24746]: #send_g#:2346864 #send_d#:0 #face#:10 #band#:9000000 #band_f#:20000000
1548908442.593242 ccnd[24746]: 5105 remove
1548908442.593260 ccnd[24746]: 5105 remove
1548908442.593265 ccnd[24746]: 5105 remove
1548908443.000002 ccnd[24746]: #send_g#:8448584 #send_d#:0 #face#:10 #band#:9000000 #band_f#:20000000
1548908444.000003 ccnd[24746]: #send_g#:16204928 #send_d#:0 #face#:10 #band#:9000000 #band_f#:20000000
1548908445.000004 ccnd[24746]: #send_g#:15407104 #send_d#:0 #face#:10 #band#:9000000 #band_f#:20000000
1548908446.000004 ccnd[24746]: #send_g#:13855232 #send_d#:0 #face#:10 #band#:9000000 #band_f#:20000000
1548908447.000003 ccnd[24746]: #send_g#:18889968 #send_d#:0 #face#:10 #band#:9000000 #band_f#:20000000
1548908448.000002 ccnd[24746]: #send_g#:12227280 #send_d#:0 #face#:10 #band#:6000000 #band_f#:20000000
1548908449.000002 ccnd[24746]: #send_g#:12003408 #send_d#:0 #face#:10 #band#:9000000 #band_f#:20000000
1548908450.000005 ccnd[24746]: #send_g#:14082080 #send_d#:0 #face#:10 #band#:9000000 #band_f#:20000000
1548908450.657428 ccnd[24746]: 5105 remove
1548908450.657447 ccnd[24746]: 5105 remove
1548908451.000002 ccnd[24746]: #send_g#:8668032 #send_d#:0 #face#:10 #band#:9000000 #band_f#:20000000
1548908452.000002 ccnd[24746]: #send_g#:13362384 #send_d#:0 #face#:10 #band#:9000000 #band_f#:20000000
1548908453.001913 ccnd[24746]: #send_g#:12454624 #send_d#:0 #face#:10 #band#:9000000 #band_f#:20000000
1548908454.000004 ccnd[24746]: #send_g#:7725784 #send_d#:0 #face#:10 #band#:9000000 #band_f#:20000000
1548908455.000002 ccnd[24746]: #send_g#:13248048 #send_d#:0 #face#:10 #band#:9000000 #band_f#:20000000
1548908456.000004 ccnd[24746]: #send_g#:14120288 #send_d#:0 #face#:10 #band#:9000000 #band_f#:20000000
1548908457.000003 ccnd[24746]: #send_g#:8252608 #send_d#:0 #face#:10 #band#:9000000 #band_f#:20000000
1548908458.000004 ccnd[24746]: #send_g#:13817128 #send_d#:0 #face#:10 #band#:9000000 #band_f#:20000000
1548908459.000005 ccnd[24746]: #send_g#:17793728 #send_d#:0 #face#:10 #band#:9000000 #band_f#:20000000
1548908459.885562 ccnd[24746]: 5105 remove
1548908459.885581 ccnd[24746]: 5105 remove
1548908459.885586 ccnd[24746]: 5105 remove
1548908460.002069 ccnd[24746]: #send_g#:13893136 #send_d#:0 #face#:10 #band#:9000000 #band_f#:20000000
1548908461.000003 ccnd[24746]: #send_g#:12038000 #send_d#:0 #face#:10 #band#:9000000 #band_f#:20000000
1548908462.000003 ccnd[24746]: #send_g#:7268352 #send_d#:0 #face#:10 #band#:9000000 #band_f#:20000000
1548908463.000004 ccnd[24746]: #send_g#:5795672 #send_d#:0 #face#:10 #band#:9000000 #band_f#:20000000
1548908464.000001 ccnd[24746]: #send_g#:7384216 #send_d#:0 #face#:10 #band#:9000000 #band_f#:20000000
1548908465.000002 ccnd[24746]: #send_g#:8857720 #send_d#:0 #face#:10 #band#:9000000 #band_f#:20000000
1548908466.000003 ccnd[24746]: #send_g#:3255600 #send_d#:0 #face#:10 #band#:6000000 #band_f#:20000000
1548908466.600366 ccnd[24746]: 5105 remove
1548908467.000002 ccnd[24746]: #send_g#:11432312 #send_d#:0 #face#:10 #band#:6000000 #band_f#:20000000
1548908468.000002 ccnd[24746]: #send_g#:6359776 #send_d#:0 #face#:10 #band#:9000000 #band_f#:20000000
1548908469.000002 ccnd[24746]: #send_g#:9539680 #send_d#:0 #face#:10 #band#:9000000 #band_f#:20000000
1548908470.000005 ccnd[24746]: #send_g#:4164144 #send_d#:0 #face#:10 #band#:9000000 #band_f#:20000000
1548908471.000005 ccnd[24746]: #send_g#:16088640 #send_d#:0 #face#:10 #band#:9000000 #band_f#:20000000
1548908472.000002 ccnd[24746]: #send_g#:7041216 #send_d#:0 #face#:10 #band#:9000000 #band_f#:20000000
1548908473.000036 ccnd[24746]: #send_g#:9277536 #send_d#:0 #face#:10 #band#:9000000 #band_f#:20000000
1548908474.000001 ccnd[24746]: #send_g#:19990544 #send_d#:0 #face#:10 #band#:9000000 #band_f#:20000000
1548908475.000004 ccnd[24746]: #send_g#:13097816 #send_d#:0 #face#:10 #band#:9000000 #band_f#:20000000
1548908476.000005 ccnd[24746]: #send_g#:4659200 #send_d#:0 #face#:10 #band#:9000000 #band_f#:20000000
1548908477.000005 ccnd[24746]: #send_g#:12113800 #send_d#:0 #face#:10 #band#:9000000 #band_f#:20000000
1548908478.000002 ccnd[24746]: #send_g#:11848656 #send_d#:0 #face#:10 #band#:9000000 #band_f#:20000000
1548908479.000003 ccnd[24746]: #send_g#:13290632 #send_d#:0 #face#:10 #band#:9000000 #band_f#:20000000
1548908480.012440 ccnd[24746]: #send_g#:13438256 #send_d#:0 #face#:10 #band#:9000000 #band_f#:20000000
1548908481.000005 ccnd[24746]: #send_g#:7381856 #send_d#:0 #face#:10 #band#:9000000 #band_f#:20000000
1548908482.000004 ccnd[24746]: #send_g#:8555032 #send_d#:0 #face#:10 #band#:9000000 #band_f#:20000000
1548908483.000002 ccnd[24746]: #send_g#:9501696 #send_d#:0 #face#:10 #band#:9000000 #band_f#:20000000
1548908483.895181 ccnd[24746]: 5105 remove
1548908484.000001 ccnd[24746]: #send_g#:8520992 #send_d#:0 #face#:10 #band#:9000000 #band_f#:20000000
1548908485.000002 ccnd[24746]: #send_g#:7381112 #send_d#:0 #face#:10 #band#:9000000 #band_f#:20000000
1548908486.000004 ccnd[24746]: #send_g#:10031456 #send_d#:0 #face#:10 #band#:9000000 #band_f#:20000000
1548908487.000002 ccnd[24746]: #send_g#:9538496 #send_d#:0 #face#:10 #band#:9000000 #band_f#:20000000
1548908488.000001 ccnd[24746]: #send_g#:13552040 #send_d#:0 #face#:10 #band#:9000000 #band_f#:20000000
1548908489.000005 ccnd[24746]: #send_g#:14237152 #send_d#:0 #face#:10 #band#:9000000 #band_f#:20000000
1548908490.000003 ccnd[24746]: #send_g#:14501384 #send_d#:0 #face#:10 #band#:9000000 #band_f#:20000000
1548908491.000004 ccnd[24746]: #send_g#:8592376 #send_d#:0 #face#:10 #band#:9000000 #band_f#:20000000
1548908492.000004 ccnd[24746]: #send_g#:10750552 #send_d#:0 #face#:10 #band#:9000000 #band_f#:20000000
1548908493.000003 ccnd[24746]: #send_g#:2691496 #send_d#:0 #face#:10 #band#:9000000 #band_f#:20000000
1548908494.000001 ccnd[24746]: #send_g#:14951088 #send_d#:0 #face#:10 #band#:9000000 #band_f#:20000000
1548908495.000004 ccnd[24746]: #send_g#:8858304 #send_d#:0 #face#:10 #band#:9000000 #band_f#:20000000
1548908496.000003 ccnd[24746]: #send_g#:8024984 #send_d#:0 #face#:10 #band#:9000000 #band_f#:20000000
1548908497.000002 ccnd[24746]: #send_g#:8820432 #send_d#:0 #face#:10 #band#:9000000 #band_f#:20000000
1548908498.000002 ccnd[24746]: #send_g#:11211848 #send_d#:0 #face#:10 #band#:9000000 #band_f#:20000000
1548908499.000002 ccnd[24746]: #send_g#:15596536 #send_d#:0 #face#:10 #band#:9000000 #band_f#:20000000
1548908499.951529 ccnd[24746]: 5105 remove
1548908500.000004 ccnd[24746]: #send_g#:8214744 #send_d#:0 #face#:10 #band#:9000000 #band_f#:20000000
1548908501.000002 ccnd[24746]: #send_g#:5791968 #send_d#:0 #face#:10 #band#:9000000 #band_f#:20000000
1548908502.000004 ccnd[24746]: #send_g#:9804704 #send_d#:0 #face#:10 #band#:9000000 #band_f#:20000000
1548908503.000004 ccnd[24746]: #send_g#:12265344 #send_d#:0 #face#:10 #band#:9000000 #band_f#:20000000
1548908504.000001 ccnd[24746]: #send_g#:6855304 #send_d#:0 #face#:10 #band#:9000000 #band_f#:20000000
1548908505.000003 ccnd[24746]: #send_g#:10523624 #send_d#:0 #face#:10 #band#:9000000 #band_f#:20000000
1548908506.000005 ccnd[24746]: #send_g#:17035152 #send_d#:0 #face#:10 #band#:9000000 #band_f#:20000000
1548908506.566711 ccnd[24746]: 5105 remove
1548908507.000003 ccnd[24746]: #send_g#:15293808 #send_d#:0 #face#:10 #band#:9000000 #band_f#:20000000
1548908508.000002 ccnd[24746]: #send_g#:3974848 #send_d#:0 #face#:10 #band#:9000000 #band_f#:20000000
1548908509.000002 ccnd[24746]: #send_g#:10867128 #send_d#:0 #face#:10 #band#:9000000 #band_f#:20000000
1548908510.000002 ccnd[24746]: #send_g#:18055592 #send_d#:0 #face#:10 #band#:9000000 #band_f#:20000000
1548908510.764392 ccnd[24746]: sendto short
1548908510.764437 ccnd[24746]: sendto short
1548908510.764467 ccnd[24746]: sendto short
1548908510.764497 ccnd[24746]: sendto short
1548908510.764525 ccnd[24746]: sendto short
1548908510.764555 ccnd[24746]: sendto short
1548908510.764586 ccnd[24746]: sendto short
1548908510.764660 ccnd[24746]: sendto short
1548908510.764738 ccnd[24746]: sendto short
1548908510.764813 ccnd[24746]: sendto short
1548908510.764888 ccnd[24746]: sendto short
1548908510.764961 ccnd[24746]: sendto short
1548908510.765032 ccnd[24746]: sendto short
1548908511.000003 ccnd[24746]: #send_g#:19873832 #send_d#:0 #face#:10 #band#:9000000 #band_f#:20000000
1548908512.000004 ccnd[24746]: #send_g#:10485912 #send_d#:0 #face#:10 #band#:9000000 #band_f#:20000000
1548908513.000004 ccnd[24746]: #send_g#:8820424 #send_d#:0 #face#:10 #band#:9000000 #band_f#:20000000
1548908514.000003 ccnd[24746]: #send_g#:16961936 #send_d#:0 #face#:10 #band#:9000000 #band_f#:20000000
1548908515.000366 ccnd[24746]: #send_g#:15823296 #send_d#:0 #face#:10 #band#:9000000 #band_f#:20000000
1548908515.885390 ccnd[24746]: 5105 remove
1548908515.885409 ccnd[24746]: 5105 remove
1548908516.000003 ccnd[24746]: #send_g#:19760480 #send_d#:0 #face#:10 #band#:9000000 #band_f#:20000000
1548908517.000005 ccnd[24746]: #send_g#:5981152 #send_d#:0 #face#:10 #band#:9000000 #band_f#:20000000
1548908518.000004 ccnd[24746]: #send_g#:9463968 #send_d#:0 #face#:10 #band#:9000000 #band_f#:20000000
1548908519.000079 ccnd[24746]: #send_g#:9807904 #send_d#:0 #face#:10 #band#:9000000 #band_f#:20000000
1548908520.000002 ccnd[24746]: #send_g#:9918056 #send_d#:0 #face#:10 #band#:9000000 #band_f#:20000000
1548908521.000002 ccnd[24746]: #send_g#:12265056 #send_d#:0 #face#:10 #band#:9000000 #band_f#:20000000
1548908522.000002 ccnd[24746]: #send_g#:13514560 #send_d#:0 #face#:10 #band#:9000000 #band_f#:20000000
1548908523.000003 ccnd[24746]: #send_g#:9917960 #send_d#:0 #face#:10 #band#:9000000 #band_f#:20000000
1548908523.884685 ccnd[24746]: 5105 remove
1548908523.884707 ccnd[24746]: 5105 remove
1548908524.000002 ccnd[24746]: #send_g#:12910728 #send_d#:0 #face#:10 #band#:9000000 #band_f#:20000000
1548908525.000002 ccnd[24746]: #send_g#:14993752 #send_d#:0 #face#:10 #band#:9000000 #band_f#:20000000
1548908526.000002 ccnd[24746]: #send_g#:8858288 #send_d#:0 #face#:10 #band#:9000000 #band_f#:20000000
1548908527.000002 ccnd[24746]: #send_g#:13590280 #send_d#:0 #face#:10 #band#:9000000 #band_f#:20000000
1548908528.000002 ccnd[24746]: #send_g#:5413032 #send_d#:0 #face#:10 #band#:9000000 #band_f#:20000000
1548908529.000002 ccnd[24746]: #send_g#:16468632 #send_d#:0 #face#:10 #band#:9000000 #band_f#:20000000
1548908530.002011 ccnd[24746]: #send_g#:14536688 #send_d#:0 #face#:10 #band#:9000000 #band_f#:20000000
1548908530.140717 ccnd[24746]: sendto short
1548908530.140801 ccnd[24746]: sendto short
1548908531.000005 ccnd[24746]: #send_g#:12681728 #send_d#:0 #face#:10 #band#:9000000 #band_f#:20000000
1548908532.002230 ccnd[24746]: #send_g#:5072688 #send_d#:0 #face#:10 #band#:9000000 #band_f#:20000000
1548908533.000003 ccnd[24746]: #send_g#:8975368 #send_d#:0 #face#:10 #band#:9000000 #band_f#:20000000
1548908534.000003 ccnd[24746]: #send_g#:15519680 #send_d#:0 #face#:10 #band#:9000000 #band_f#:20000000
1548908535.000002 ccnd[24746]: #send_g#:16391168 #send_d#:0 #face#:10 #band#:9000000 #band_f#:20000000
1548908536.008463 ccnd[24746]: #send_g#:8706808 #send_d#:0 #face#:10 #band#:9000000 #band_f#:20000000
1548908537.000005 ccnd[24746]: #send_g#:7874048 #send_d#:0 #face#:10 #band#:9000000 #band_f#:20000000
1548908538.000096 ccnd[24746]: sendto short
1548908538.000190 ccnd[24746]: sendto short
1548908538.013154 ccnd[24746]: #send_g#:9804704 #send_d#:0 #face#:10 #band#:9000000 #band_f#:20000000
1548908538.602479 ccnd[24746]: 5105 remove
1548908538.602500 ccnd[24746]: 5105 remove
1548908539.000004 ccnd[24746]: #send_g#:14237424 #send_d#:0 #face#:10 #band#:9000000 #band_f#:20000000
1548908540.010231 ccnd[24746]: #send_g#:16580696 #send_d#:0 #face#:10 #band#:9000000 #band_f#:20000000
1548908541.000004 ccnd[24746]: #send_g#:7460544 #send_d#:0 #face#:10 #band#:9000000 #band_f#:20000000
1548908542.000004 ccnd[24746]: #send_g#:10258952 #send_d#:0 #face#:10 #band#:9000000 #band_f#:20000000
1548908543.000002 ccnd[24746]: #send_g#:12571296 #send_d#:0 #face#:10 #band#:9000000 #band_f#:20000000
1548908544.000003 ccnd[24746]: #send_g#:16846568 #send_d#:0 #face#:10 #band#:9000000 #band_f#:20000000
1548908545.000001 ccnd[24746]: #send_g#:15445224 #send_d#:0 #face#:10 #band#:9000000 #band_f#:20000000
1548908546.000002 ccnd[24746]: #send_g#:16959472 #send_d#:0 #face#:10 #band#:9000000 #band_f#:20000000
1548908547.000003 ccnd[24746]: #send_g#:10713216 #send_d#:0 #face#:10 #band#:9000000 #band_f#:20000000
1548908548.000004 ccnd[24746]: #send_g#:6927296 #send_d#:0 #face#:10 #band#:9000000 #band_f#:20000000
1548908549.000002 ccnd[24746]: #send_g#:10110928 #send_d#:0 #face#:10 #band#:9000000 #band_f#:20000000
1548908550.000002 ccnd[24746]: #send_g#:11582896 #send_d#:0 #face#:10 #band#:9000000 #band_f#:20000000
1548908551.009339 ccnd[24746]: #send_g#:7722592 #send_d#:0 #face#:10 #band#:9000000 #band_f#:20000000
1548908551.376584 ccnd[24746]: sendto short
1548908551.376667 ccnd[24746]: sendto short
1548908551.376739 ccnd[24746]: sendto short
1548908551.376808 ccnd[24746]: sendto short
1548908551.376836 ccnd[24746]: sendto short
1548908551.376863 ccnd[24746]: sendto short
1548908551.376887 ccnd[24746]: sendto short
1548908551.376912 ccnd[24746]: sendto short
1548908551.376938 ccnd[24746]: sendto short
1548908551.377011 ccnd[24746]: sendto short
1548908551.377082 ccnd[24746]: sendto short
1548908551.377153 ccnd[24746]: sendto short
1548908551.377224 ccnd[24746]: sendto short
1548908552.000229 ccnd[24746]: #send_g#:12833160 #send_d#:0 #face#:10 #band#:9000000 #band_f#:20000000
1548908553.009811 ccnd[24746]: #send_g#:8744720 #send_d#:0 #face#:10 #band#:9000000 #band_f#:20000000
1548908554.005893 ccnd[24746]: #send_g#:15183400 #send_d#:0 #face#:10 #band#:9000000 #band_f#:20000000
1548908555.000002 ccnd[24746]: #send_g#:13211712 #send_d#:0 #face#:10 #band#:9000000 #band_f#:20000000
1548908556.000002 ccnd[24746]: #send_g#:13514304 #send_d#:0 #face#:10 #band#:9000000 #band_f#:20000000
1548908557.000004 ccnd[24746]: #send_g#:9123064 #send_d#:0 #face#:10 #band#:9000000 #band_f#:20000000
1548908558.000003 ccnd[24746]: #send_g#:7798064 #send_d#:0 #face#:10 #band#:9000000 #band_f#:20000000
1548908559.000004 ccnd[24746]: #send_g#:11095400 #send_d#:0 #face#:10 #band#:9000000 #band_f#:20000000
1548908560.000003 ccnd[24746]: #send_g#:17035160 #send_d#:0 #face#:10 #band#:9000000 #band_f#:20000000
1548908561.000003 ccnd[24746]: #send_g#:8630976 #send_d#:0 #face#:10 #band#:9000000 #band_f#:20000000
1548908562.000003 ccnd[24746]: #send_g#:9012584 #send_d#:0 #face#:10 #band#:9000000 #band_f#:20000000
1548908563.000003 ccnd[24746]: #send_g#:19993704 #send_d#:0 #face#:10 #band#:9000000 #band_f#:20000000
1548908563.884326 ccnd[24746]: 5105 remove
1548908564.000002 ccnd[24746]: #send_g#:11431960 #send_d#:0 #face#:10 #band#:9000000 #band_f#:20000000
1548908565.000003 ccnd[24746]: #send_g#:12188288 #send_d#:0 #face#:10 #band#:9000000 #band_f#:20000000
1548908566.000002 ccnd[24746]: #send_g#:10902368 #send_d#:0 #face#:10 #band#:9000000 #band_f#:20000000
1548908567.005760 ccnd[24746]: #send_g#:8479744 #send_d#:0 #face#:10 #band#:9000000 #band_f#:20000000
1548908568.000002 ccnd[24746]: #send_g#:8861896 #send_d#:0 #face#:10 #band#:9000000 #band_f#:20000000
1548908569.000002 ccnd[24746]: #send_g#:11621760 #send_d#:0 #face#:10 #band#:9000000 #band_f#:20000000
1548908570.000003 ccnd[24746]: #send_g#:12836152 #send_d#:0 #face#:10 #band#:9000000 #band_f#:20000000
1548908571.000004 ccnd[24746]: #send_g#:8176320 #send_d#:0 #face#:10 #band#:9000000 #band_f#:20000000
1548908571.880779 ccnd[24746]: 5105 remove
1548908571.880802 ccnd[24746]: 5105 remove
1548908572.000004 ccnd[24746]: #send_g#:5526512 #send_d#:0 #face#:10 #band#:9000000 #band_f#:20000000
1548908573.000002 ccnd[24746]: #send_g#:9689648 #send_d#:0 #face#:10 #band#:9000000 #band_f#:20000000
1548908574.000002 ccnd[24746]: #send_g#:12609456 #send_d#:0 #face#:10 #band#:9000000 #band_f#:20000000
1548908575.002428 ccnd[24746]: #send_g#:12151696 #send_d#:0 #face#:10 #band#:9000000 #band_f#:20000000
1548908576.000003 ccnd[24746]: #send_g#:10561792 #send_d#:0 #face#:10 #band#:9000000 #band_f#:20000000
1548908577.004661 ccnd[24746]: #send_g#:10675384 #send_d#:0 #face#:10 #band#:9000000 #band_f#:20000000
1548908578.004899 ccnd[24746]: #send_g#:8176728 #send_d#:0 #face#:10 #band#:9000000 #band_f#:20000000
1548908578.618001 ccnd[24746]: 5105 remove
1548908579.000004 ccnd[24746]: #send_g#:4584168 #send_d#:0 #face#:10 #band#:9000000 #band_f#:20000000
1548908580.000005 ccnd[24746]: #send_g#:9463144 #send_d#:0 #face#:10 #band#:9000000 #band_f#:20000000
1548908581.000004 ccnd[24746]: #send_g#:15368272 #send_d#:0 #face#:10 #band#:9000000 #band_f#:20000000
1548908582.000003 ccnd[24746]: #send_g#:11962336 #send_d#:0 #face#:10 #band#:9000000 #band_f#:20000000
1548908583.000002 ccnd[24746]: #send_g#:10258704 #send_d#:0 #face#:10 #band#:9000000 #band_f#:20000000
1548908584.000003 ccnd[24746]: #send_g#:11281032 #send_d#:0 #face#:10 #band#:9000000 #band_f#:20000000
1548908585.000004 ccnd[24746]: #send_g#:10109888 #send_d#:0 #face#:10 #band#:9000000 #band_f#:20000000
1548908586.006743 ccnd[24746]: #send_g#:15444360 #send_d#:0 #face#:10 #band#:9000000 #band_f#:20000000
1548908586.567904 ccnd[24746]: 5105 remove
1548908586.567924 ccnd[24746]: 5105 remove
1548908587.000005 ccnd[24746]: #send_g#:10751040 #send_d#:0 #face#:10 #band#:9000000 #band_f#:20000000
1548908588.000003 ccnd[24746]: #send_g#:6662624 #send_d#:0 #face#:10 #band#:9000000 #band_f#:20000000
1548908589.000004 ccnd[24746]: #send_g#:10413840 #send_d#:0 #face#:10 #band#:9000000 #band_f#:20000000
1548908590.002681 ccnd[24746]: #send_g#:13400128 #send_d#:0 #face#:10 #band#:9000000 #band_f#:20000000
1548908591.000004 ccnd[24746]: #send_g#:15107432 #send_d#:0 #face#:10 #band#:9000000 #band_f#:20000000
1548908592.005065 ccnd[24746]: #send_g#:7873808 #send_d#:0 #face#:10 #band#:9000000 #band_f#:20000000
1548908593.000003 ccnd[24746]: #send_g#:13930736 #send_d#:0 #face#:10 #band#:9000000 #band_f#:20000000
1548908594.000002 ccnd[24746]: #send_g#:9917880 #send_d#:0 #face#:10 #band#:9000000 #band_f#:20000000
1548908594.676622 ccnd[24746]: 5105 remove
1548908594.676644 ccnd[24746]: 5105 remove
1548908595.000002 ccnd[24746]: #send_g#:15066688 #send_d#:0 #face#:10 #band#:9000000 #band_f#:20000000
1548908596.000005 ccnd[24746]: #send_g#:10940336 #send_d#:0 #face#:10 #band#:9000000 #band_f#:20000000
1548908597.000002 ccnd[24746]: #send_g#:12908840 #send_d#:0 #face#:10 #band#:9000000 #band_f#:20000000
1548908598.000002 ccnd[24746]: #send_g#:11287400 #send_d#:0 #face#:10 #band#:9000000 #band_f#:20000000
1548908599.000002 ccnd[24746]: #send_g#:10906208 #send_d#:0 #face#:10 #band#:9000000 #band_f#:20000000
1548908600.000002 ccnd[24746]: #send_g#:9993728 #send_d#:0 #face#:10 #band#:9000000 #band_f#:20000000
1548908601.000003 ccnd[24746]: #send_g#:6476256 #send_d#:0 #face#:10 #band#:9000000 #band_f#:20000000
1548908602.000004 ccnd[24746]: #send_g#:8100896 #send_d#:0 #face#:10 #band#:9000000 #band_f#:20000000
1548908602.747466 ccnd[24746]: 5105 remove
1548908602.747486 ccnd[24746]: 5105 remove
1548908603.000002 ccnd[24746]: #send_g#:6173920 #send_d#:0 #face#:10 #band#:9000000 #band_f#:20000000
1548908604.000003 ccnd[24746]: #send_g#:7949320 #send_d#:0 #face#:10 #band#:9000000 #band_f#:20000000
1548908605.000004 ccnd[24746]: #send_g#:8975344 #send_d#:0 #face#:10 #band#:9000000 #band_f#:20000000
1548908606.000003 ccnd[24746]: #send_g#:6511064 #send_d#:0 #face#:10 #band#:9000000 #band_f#:20000000
1548908607.000441 ccnd[24746]: #send_g#:6283464 #send_d#:0 #face#:10 #band#:9000000 #band_f#:20000000
1548908608.001122 ccnd[24746]: #send_g#:8667648 #send_d#:0 #face#:10 #band#:9000000 #band_f#:20000000
1548908609.000003 ccnd[24746]: #send_g#:4693736 #send_d#:0 #face#:10 #band#:9000000 #band_f#:20000000
1548908610.000001 ccnd[24746]: #send_g#:11318384 #send_d#:0 #face#:10 #band#:9000000 #band_f#:20000000
1548908611.000004 ccnd[24746]: #send_g#:14309384 #send_d#:0 #face#:10 #band#:9000000 #band_f#:20000000
1548908611.894237 ccnd[24746]: 5105 remove
1548908611.894256 ccnd[24746]: 5105 remove
1548908612.000002 ccnd[24746]: #send_g#:5980880 #send_d#:0 #face#:10 #band#:9000000 #band_f#:20000000
1548908613.000004 ccnd[24746]: #send_g#:6060336 #send_d#:0 #face#:10 #band#:9000000 #band_f#:20000000
1548908614.000002 ccnd[24746]: #send_g#:14121504 #send_d#:0 #face#:10 #band#:9000000 #band_f#:20000000
1548908615.000002 ccnd[24746]: #send_g#:13816920 #send_d#:0 #face#:10 #band#:9000000 #band_f#:20000000
1548908616.000002 ccnd[24746]: #send_g#:8858160 #send_d#:0 #face#:10 #band#:9000000 #band_f#:20000000
1548908617.005334 ccnd[24746]: #send_g#:8858288 #send_d#:0 #face#:10 #band#:9000000 #band_f#:20000000
1548908618.000004 ccnd[24746]: #send_g#:16883704 #send_d#:0 #face#:10 #band#:6000000 #band_f#:20000000
1548908618.596936 ccnd[24746]: 5105 remove
1548908619.000001 ccnd[24746]: #send_g#:13630768 #send_d#:0 #face#:10 #band#:9000000 #band_f#:20000000
1548908620.000003 ccnd[24746]: #send_g#:9955952 #send_d#:0 #face#:10 #band#:9000000 #band_f#:20000000
1548908621.000004 ccnd[24746]: #send_g#:7268312 #send_d#:0 #face#:10 #band#:9000000 #band_f#:20000000
1548908622.000002 ccnd[24746]: #send_g#:12608976 #send_d#:0 #face#:10 #band#:9000000 #band_f#:20000000
1548908623.000002 ccnd[24746]: #send_g#:6400336 #send_d#:0 #face#:10 #band#:9000000 #band_f#:20000000
1548908624.000002 ccnd[24746]: #send_g#:6551840 #send_d#:0 #face#:10 #band#:9000000 #band_f#:20000000
1548908625.000003 ccnd[24746]: #send_g#:12075032 #send_d#:0 #face#:10 #band#:9000000 #band_f#:20000000
1548908626.000003 ccnd[24746]: #send_g#:11886728 #send_d#:0 #face#:10 #band#:9000000 #band_f#:20000000
1548908626.585459 ccnd[24746]: 5105 remove
1548908626.585482 ccnd[24746]: 5105 remove
1548908627.000004 ccnd[24746]: #send_g#:7192392 #send_d#:0 #face#:10 #band#:9000000 #band_f#:20000000
1548908628.000005 ccnd[24746]: #send_g#:1892640 #send_d#:0 #face#:10 #band#:9000000 #band_f#:20000000
1548908629.000003 ccnd[24746]: #send_g#:3217608 #send_d#:0 #face#:10 #band#:9000000 #band_f#:20000000
1548908630.000004 ccnd[24746]: #send_g#:12306512 #send_d#:0 #face#:10 #band#:9000000 #band_f#:20000000
1548908631.000003 ccnd[24746]: #send_g#:12226160 #send_d#:0 #face#:10 #band#:9000000 #band_f#:20000000
1548908632.000004 ccnd[24746]: #send_g#:5905200 #send_d#:0 #face#:10 #band#:9000000 #band_f#:20000000
1548908633.000004 ccnd[24746]: #send_g#:1135608 #send_d#:0 #face#:10 #band#:9000000 #band_f#:20000000
1548908634.000002 ccnd[24746]: #send_g#:11697488 #send_d#:0 #face#:10 #band#:9000000 #band_f#:20000000
1548908635.000002 ccnd[24746]: #send_g#:17867176 #send_d#:0 #face#:10 #band#:9000000 #band_f#:20000000
1548908635.888442 ccnd[24746]: 5105 remove
1548908635.888461 ccnd[24746]: 5105 remove
1548908635.888466 ccnd[24746]: 5105 remove
1548908636.000005 ccnd[24746]: #send_g#:9312488 #send_d#:0 #face#:10 #band#:9000000 #band_f#:20000000
1548908637.005825 ccnd[24746]: #send_g#:8521080 #send_d#:0 #face#:10 #band#:9000000 #band_f#:20000000
1548908638.000001 ccnd[24746]: #send_g#:13665736 #send_d#:0 #face#:10 #band#:9000000 #band_f#:20000000
1548908639.000002 ccnd[24746]: #send_g#:12230928 #send_d#:0 #face#:10 #band#:9000000 #band_f#:20000000
1548908640.000002 ccnd[24746]: #send_g#:14725728 #send_d#:0 #face#:10 #band#:9000000 #band_f#:20000000
1548908641.000004 ccnd[24746]: #send_g#:12984416 #send_d#:0 #face#:10 #band#:9000000 #band_f#:20000000
1548908642.006753 ccnd[24746]: #send_g#:8441864 #send_d#:0 #face#:10 #band#:9000000 #band_f#:20000000
1548908642.579345 ccnd[24746]: 5105 remove
1548908643.000002 ccnd[24746]: #send_g#:13021592 #send_d#:0 #face#:10 #band#:9000000 #band_f#:20000000
1548908644.000003 ccnd[24746]: #send_g#:16431512 #send_d#:0 #face#:10 #band#:9000000 #band_f#:20000000
1548908645.000002 ccnd[24746]: #send_g#:19646240 #send_d#:0 #face#:10 #band#:9000000 #band_f#:20000000
1548908646.000004 ccnd[24746]: #send_g#:8252592 #send_d#:0 #face#:10 #band#:9000000 #band_f#:20000000
1548908647.000005 ccnd[24746]: #send_g#:6965152 #send_d#:0 #face#:10 #band#:9000000 #band_f#:20000000
1548908648.000003 ccnd[24746]: #send_g#:12151656 #send_d#:0 #face#:10 #band#:9000000 #band_f#:20000000
1548908649.000002 ccnd[24746]: #send_g#:7423192 #send_d#:0 #face#:10 #band#:9000000 #band_f#:20000000
1548908650.000003 ccnd[24746]: #send_g#:17678080 #send_d#:0 #face#:10 #band#:9000000 #band_f#:20000000
1548908650.585551 ccnd[24746]: 5105 remove
1548908650.585572 ccnd[24746]: 5105 remove
1548908650.769831 ccnd[24746]: sendto short
1548908650.769983 ccnd[24746]: sendto short
1548908651.010878 ccnd[24746]: #send_g#:8327824 #send_d#:0 #face#:10 #band#:9000000 #band_f#:20000000
1548908651.985845 ccnd[24746]: sendto short
1548908652.004248 ccnd[24746]: #send_g#:7798096 #send_d#:0 #face#:10 #band#:9000000 #band_f#:20000000
1548908653.005809 ccnd[24746]: #send_g#:7419728 #send_d#:0 #face#:10 #band#:9000000 #band_f#:20000000
1548908654.005837 ccnd[24746]: #send_g#:7688312 #send_d#:0 #face#:10 #band#:9000000 #band_f#:20000000
1548908655.000003 ccnd[24746]: #send_g#:10485928 #send_d#:0 #face#:10 #band#:9000000 #band_f#:20000000
1548908656.001445 ccnd[24746]: #send_g#:7987264 #send_d#:0 #face#:10 #band#:9000000 #band_f#:20000000
1548908657.000004 ccnd[24746]: #send_g#:9691128 #send_d#:0 #face#:10 #band#:9000000 #band_f#:20000000
1548908658.000002 ccnd[24746]: #send_g#:10602280 #send_d#:0 #face#:10 #band#:9000000 #band_f#:20000000
1548908659.000002 ccnd[24746]: #send_g#:12495672 #send_d#:0 #face#:10 #band#:9000000 #band_f#:20000000
1548908660.000004 ccnd[24746]: #send_g#:5601840 #send_d#:0 #face#:10 #band#:9000000 #band_f#:20000000
1548908661.000004 ccnd[24746]: #send_g#:8138792 #send_d#:0 #face#:10 #band#:9000000 #band_f#:20000000
1548908662.000002 ccnd[24746]: #send_g#:6624776 #send_d#:0 #face#:10 #band#:9000000 #band_f#:20000000
1548908663.000004 ccnd[24746]: #send_g#:9160880 #send_d#:0 #face#:10 #band#:9000000 #band_f#:20000000
1548908664.000005 ccnd[24746]: #send_g#:6662312 #send_d#:0 #face#:10 #band#:9000000 #band_f#:20000000
1548908665.000002 ccnd[24746]: #send_g#:7650200 #send_d#:0 #face#:10 #band#:9000000 #band_f#:20000000
1548908666.000002 ccnd[24746]: #send_g#:8028104 #send_d#:0 #face#:10 #band#:9000000 #band_f#:20000000
1548908666.567256 ccnd[24746]: 5105 remove
1548908666.567277 ccnd[24746]: 5105 remove
1548908666.567283 ccnd[24746]: 5105 remove
1548908667.000004 ccnd[24746]: #send_g#:7949520 #send_d#:0 #face#:10 #band#:9000000 #band_f#:20000000
1548908668.000004 ccnd[24746]: #send_g#:8252528 #send_d#:0 #face#:10 #band#:9000000 #band_f#:20000000
1548908669.000004 ccnd[24746]: #send_g#:15066552 #send_d#:0 #face#:10 #band#:9000000 #band_f#:20000000
1548908670.000003 ccnd[24746]: #send_g#:9123120 #send_d#:0 #face#:10 #band#:9000000 #band_f#:20000000
1548908671.000004 ccnd[24746]: #send_g#:14195232 #send_d#:0 #face#:10 #band#:9000000 #band_f#:20000000
1548908672.000004 ccnd[24746]: #send_g#:11318928 #send_d#:0 #face#:10 #band#:9000000 #band_f#:20000000
1548908673.007371 ccnd[24746]: #send_g#:10943776 #send_d#:0 #face#:10 #band#:9000000 #band_f#:20000000
1548908674.000048 ccnd[24746]: #send_g#:13741232 #send_d#:0 #face#:10 #band#:9000000 #band_f#:20000000
1548908675.000003 ccnd[24746]: #send_g#:7650200 #send_d#:0 #face#:10 #band#:9000000 #band_f#:20000000
1548908676.000005 ccnd[24746]: #send_g#:6093592 #send_d#:0 #face#:10 #band#:9000000 #band_f#:20000000
1548908677.000004 ccnd[24746]: #send_g#:9614584 #send_d#:0 #face#:10 #band#:9000000 #band_f#:20000000
1548908678.000004 ccnd[24746]: #send_g#:7006240 #send_d#:0 #face#:10 #band#:9000000 #band_f#:20000000
1548908679.000005 ccnd[24746]: #send_g#:10716600 #send_d#:0 #face#:10 #band#:9000000 #band_f#:20000000
1548908680.000007 ccnd[24746]: #send_g#:14232880 #send_d#:0 #face#:10 #band#:9000000 #band_f#:20000000
1548908681.000002 ccnd[24746]: #send_g#:19382064 #send_d#:0 #face#:10 #band#:9000000 #band_f#:20000000
1548908682.000003 ccnd[24746]: #send_g#:14877152 #send_d#:0 #face#:10 #band#:9000000 #band_f#:20000000
1548908683.000003 ccnd[24746]: #send_g#:9691104 #send_d#:0 #face#:10 #band#:9000000 #band_f#:20000000
1548908684.000003 ccnd[24746]: #send_g#:7082632 #send_d#:0 #face#:10 #band#:9000000 #band_f#:20000000
1548908685.000002 ccnd[24746]: #send_g#:5715584 #send_d#:0 #face#:10 #band#:9000000 #band_f#:20000000
1548908686.000002 ccnd[24746]: #send_g#:12301464 #send_d#:0 #face#:10 #band#:9000000 #band_f#:20000000
1548908687.000002 ccnd[24746]: #send_g#:9804560 #send_d#:0 #face#:10 #band#:9000000 #band_f#:20000000
1548908688.000002 ccnd[24746]: #send_g#:10107464 #send_d#:0 #face#:10 #band#:9000000 #band_f#:20000000
1548908689.000005 ccnd[24746]: #send_g#:7120056 #send_d#:0 #face#:10 #band#:9000000 #band_f#:20000000
1548908690.000004 ccnd[24746]: #send_g#:17033656 #send_d#:0 #face#:10 #band#:9000000 #band_f#:20000000
1548908690.548378 ccnd[24746]: sendto short
1548908690.548425 ccnd[24746]: sendto short
1548908690.548460 ccnd[24746]: sendto short
1548908690.548495 ccnd[24746]: sendto short
1548908690.548530 ccnd[24746]: sendto short
1548908690.548564 ccnd[24746]: sendto short
1548908690.548601 ccnd[24746]: sendto short
1548908690.548629 ccnd[24746]: sendto short
1548908690.548656 ccnd[24746]: sendto short
1548908690.548683 ccnd[24746]: sendto short
1548908690.548707 ccnd[24746]: sendto short
1548908690.621277 ccnd[24746]: 5105 remove
1548908690.621297 ccnd[24746]: 5105 remove
1548908690.621302 ccnd[24746]: 5105 remove
1548908691.000004 ccnd[24746]: #send_g#:13021792 #send_d#:0 #face#:10 #band#:9000000 #band_f#:20000000
1548908692.000003 ccnd[24746]: #send_g#:8176688 #send_d#:0 #face#:10 #band#:9000000 #band_f#:20000000
1548908693.000005 ccnd[24746]: #send_g#:10637312 #send_d#:0 #face#:10 #band#:9000000 #band_f#:20000000
1548908694.000002 ccnd[24746]: #send_g#:7192592 #send_d#:0 #face#:10 #band#:9000000 #band_f#:20000000
1548908694.594861 ccnd[24746]: sendto short
1548908694.595631 ccnd[24746]: sendto short
1548908694.595717 ccnd[24746]: sendto short
1548908694.595787 ccnd[24746]: sendto short
1548908694.596033 ccnd[24746]: sendto short
1548908695.000002 ccnd[24746]: #send_g#:12495200 #send_d#:0 #face#:10 #band#:9000000 #band_f#:20000000
1548908696.000049 ccnd[24746]: #send_g#:3409744 #send_d#:0 #face#:10 #band#:9000000 #band_f#:20000000
1548908697.000003 ccnd[24746]: #send_g#:14119384 #send_d#:0 #face#:10 #band#:9000000 #band_f#:20000000
1548908698.000004 ccnd[24746]: #send_g#:14423136 #send_d#:0 #face#:10 #band#:9000000 #band_f#:20000000
1548908698.582399 ccnd[24746]: 5105 remove
1548908698.582418 ccnd[24746]: 5105 remove
1548908699.000003 ccnd[24746]: #send_g#:19987872 #send_d#:0 #face#:10 #band#:9000000 #band_f#:20000000
1548908700.000002 ccnd[24746]: #send_g#:9353328 #send_d#:0 #face#:10 #band#:9000000 #band_f#:20000000
1548908701.000001 ccnd[24746]: #send_g#:11166928 #send_d#:0 #face#:10 #band#:9000000 #band_f#:20000000
1548908702.000005 ccnd[24746]: #send_g#:14195960 #send_d#:0 #face#:10 #band#:9000000 #band_f#:20000000
1548908703.000004 ccnd[24746]: #send_g#:9353936 #send_d#:0 #face#:10 #band#:9000000 #band_f#:20000000
1548908704.000004 ccnd[24746]: #send_g#:4470392 #send_d#:0 #face#:10 #band#:9000000 #band_f#:20000000
1548908705.000001 ccnd[24746]: #send_g#:7040456 #send_d#:0 #face#:10 #band#:9000000 #band_f#:20000000
1548908706.000002 ccnd[24746]: #send_g#:10413272 #send_d#:0 #face#:10 #band#:9000000 #band_f#:20000000
1548908706.588057 ccnd[24746]: 5105 remove
1548908706.588077 ccnd[24746]: 5105 remove
1548908707.000003 ccnd[24746]: #send_g#:9653128 #send_d#:0 #face#:10 #band#:9000000 #band_f#:20000000
1548908708.000004 ccnd[24746]: #send_g#:3634096 #send_d#:0 #face#:10 #band#:9000000 #band_f#:20000000
1548908709.000003 ccnd[24746]: #send_g#:11625280 #send_d#:0 #face#:10 #band#:9000000 #band_f#:20000000
1548908710.000002 ccnd[24746]: #send_g#:14119944 #send_d#:0 #face#:10 #band#:9000000 #band_f#:20000000
1548908711.000003 ccnd[24746]: #send_g#:17110800 #send_d#:0 #face#:10 #band#:9000000 #band_f#:20000000
1548908712.000003 ccnd[24746]: #send_g#:16012528 #send_d#:0 #face#:10 #band#:9000000 #band_f#:20000000
1548908713.000003 ccnd[24746]: #send_g#:8290224 #send_d#:0 #face#:10 #band#:9000000 #band_f#:20000000
1548908714.000002 ccnd[24746]: #send_g#:14422800 #send_d#:0 #face#:10 #band#:9000000 #band_f#:20000000
1548908714.569280 ccnd[24746]: 5105 remove
1548908714.569301 ccnd[24746]: 5105 remove
1548908714.672744 ccnd[24746]: sendto short
1548908715.000002 ccnd[24746]: #send_g#:19271576 #send_d#:0 #face#:10 #band#:9000000 #band_f#:20000000
1548908716.000002 ccnd[24746]: #send_g#:14233000 #send_d#:0 #face#:10 #band#:9000000 #band_f#:20000000
1548908717.000003 ccnd[24746]: #send_g#:8971856 #send_d#:0 #face#:10 #band#:9000000 #band_f#:20000000
1548908718.000004 ccnd[24746]: #send_g#:7003344 #send_d#:0 #face#:10 #band#:9000000 #band_f#:20000000
1548908719.000004 ccnd[24746]: #send_g#:14877072 #send_d#:0 #face#:10 #band#:9000000 #band_f#:20000000
1548908720.000002 ccnd[24746]: #send_g#:19990840 #send_d#:0 #face#:10 #band#:9000000 #band_f#:20000000
1548908721.000004 ccnd[24746]: #send_g#:16769344 #send_d#:0 #face#:10 #band#:9000000 #band_f#:20000000
1548908722.000003 ccnd[24746]: #send_g#:10296664 #send_d#:0 #face#:10 #band#:9000000 #band_f#:20000000
1548908722.597351 ccnd[24746]: 5105 remove
1548908722.597377 ccnd[24746]: 5105 remove
1548908722.597384 ccnd[24746]: 5105 remove
1548908723.000005 ccnd[24746]: #send_g#:10220800 #send_d#:0 #face#:10 #band#:9000000 #band_f#:20000000
1548908724.000003 ccnd[24746]: #send_g#:12377720 #send_d#:0 #face#:10 #band#:9000000 #band_f#:20000000
1548908725.000003 ccnd[24746]: #send_g#:15144832 #send_d#:0 #face#:10 #band#:9000000 #band_f#:20000000
1548908726.000005 ccnd[24746]: #send_g#:8101184 #send_d#:0 #face#:10 #band#:9000000 #band_f#:20000000
1548908727.000005 ccnd[24746]: #send_g#:9993336 #send_d#:0 #face#:10 #band#:9000000 #band_f#:20000000
1548908728.000004 ccnd[24746]: #send_g#:13173640 #send_d#:0 #face#:10 #band#:9000000 #band_f#:20000000
1548908729.000004 ccnd[24746]: #send_g#:10372184 #send_d#:0 #face#:10 #band#:9000000 #band_f#:20000000
1548908730.000003 ccnd[24746]: #send_g#:11659632 #send_d#:0 #face#:10 #band#:9000000 #band_f#:20000000
1548908730.593984 ccnd[24746]: 5105 remove
1548908730.594005 ccnd[24746]: 5105 remove
1548908731.000002 ccnd[24746]: #send_g#:12606048 #send_d#:0 #face#:10 #band#:9000000 #band_f#:20000000
1548908732.001895 ccnd[24746]: #send_g#:9542640 #send_d#:0 #face#:10 #band#:9000000 #band_f#:20000000
1548908733.000002 ccnd[24746]: #send_g#:9652640 #send_d#:0 #face#:10 #band#:9000000 #band_f#:20000000
1548908734.005218 ccnd[24746]: #send_g#:12079064 #send_d#:0 #face#:10 #band#:9000000 #band_f#:20000000
1548908735.000003 ccnd[24746]: #send_g#:12457704 #send_d#:0 #face#:10 #band#:9000000 #band_f#:20000000
1548908736.000002 ccnd[24746]: #send_g#:12567816 #send_d#:0 #face#:10 #band#:9000000 #band_f#:20000000
1548908737.000004 ccnd[24746]: #send_g#:10334616 #send_d#:0 #face#:10 #band#:9000000 #band_f#:20000000
1548908738.000004 ccnd[24746]: #send_g#:6397256 #send_d#:0 #face#:10 #band#:9000000 #band_f#:20000000
1548908739.000046 ccnd[24746]: #send_g#:6212032 #send_d#:0 #face#:10 #band#:9000000 #band_f#:20000000
1548908739.900175 ccnd[24746]: 5105 remove
1548908739.900195 ccnd[24746]: 5105 remove
1548908739.900201 ccnd[24746]: 5105 remove
1548908740.000005 ccnd[24746]: #send_g#:8706544 #send_d#:0 #face#:10 #band#:9000000 #band_f#:20000000
1548908741.000008 ccnd[24746]: #send_g#:12192160 #send_d#:0 #face#:10 #band#:9000000 #band_f#:20000000
1548908742.000004 ccnd[24746]: #send_g#:9652552 #send_d#:0 #face#:10 #band#:9000000 #band_f#:20000000
1548908743.000004 ccnd[24746]: #send_g#:6814056 #send_d#:0 #face#:10 #band#:9000000 #band_f#:20000000
1548908744.000004 ccnd[24746]: #send_g#:13099872 #send_d#:0 #face#:10 #band#:9000000 #band_f#:20000000
1548908745.000004 ccnd[24746]: #send_g#:9387048 #send_d#:0 #face#:10 #band#:9000000 #band_f#:20000000
1548908746.000002 ccnd[24746]: #send_g#:17071896 #send_d#:0 #face#:10 #band#:9000000 #band_f#:20000000
1548908747.000005 ccnd[24746]: #send_g#:16656632 #send_d#:0 #face#:10 #band#:9000000 #band_f#:20000000
1548908748.000003 ccnd[24746]: #send_g#:6700488 #send_d#:0 #face#:10 #band#:9000000 #band_f#:20000000
1548908749.000004 ccnd[24746]: #send_g#:7574720 #send_d#:0 #face#:10 #band#:9000000 #band_f#:20000000
1548908750.000002 ccnd[24746]: #send_g#:14044424 #send_d#:0 #face#:10 #band#:9000000 #band_f#:20000000
1548908751.000004 ccnd[24746]: #send_g#:15218088 #send_d#:0 #face#:10 #band#:9000000 #band_f#:20000000
1548908752.020347 ccnd[24746]: #send_g#:10183136 #send_d#:0 #face#:10 #band#:9000000 #band_f#:20000000
1548908753.000003 ccnd[24746]: #send_g#:12719152 #send_d#:0 #face#:10 #band#:9000000 #band_f#:20000000
1548908754.000002 ccnd[24746]: #send_g#:11470320 #send_d#:0 #face#:10 #band#:9000000 #band_f#:20000000
1548908755.000004 ccnd[24746]: #send_g#:11703488 #send_d#:0 #face#:10 #band#:9000000 #band_f#:20000000
1548908755.894164 ccnd[24746]: 5105 remove
1548908755.894183 ccnd[24746]: 5105 remove
1548908755.894189 ccnd[24746]: 5105 remove
1548908756.001740 ccnd[24746]: #send_g#:17147360 #send_d#:0 #face#:10 #band#:9000000 #band_f#:20000000
1548908757.000002 ccnd[24746]: #send_g#:8365808 #send_d#:0 #face#:10 #band#:9000000 #band_f#:20000000
1548908758.000003 ccnd[24746]: #send_g#:12643736 #send_d#:0 #face#:10 #band#:9000000 #band_f#:20000000
1548908759.002331 ccnd[24746]: #send_g#:12461248 #send_d#:0 #face#:10 #band#:9000000 #band_f#:20000000
1548908760.000003 ccnd[24746]: #send_g#:13286344 #send_d#:0 #face#:10 #band#:9000000 #band_f#:20000000
1548908761.000002 ccnd[24746]: #send_g#:6549024 #send_d#:0 #face#:10 #band#:9000000 #band_f#:20000000
1548908762.001755 ccnd[24746]: #send_g#:11167136 #send_d#:0 #face#:10 #band#:9000000 #band_f#:20000000
1548908763.000004 ccnd[24746]: #send_g#:10675248 #send_d#:0 #face#:10 #band#:9000000 #band_f#:20000000
1548908764.000003 ccnd[24746]: #send_g#:9690880 #send_d#:0 #face#:10 #band#:9000000 #band_f#:20000000
1548908765.000001 ccnd[24746]: #send_g#:6779120 #send_d#:0 #face#:10 #band#:9000000 #band_f#:20000000
1548908766.000004 ccnd[24746]: #send_g#:15557536 #send_d#:0 #face#:10 #band#:9000000 #band_f#:20000000
1548908767.000005 ccnd[24746]: #send_g#:9085392 #send_d#:0 #face#:10 #band#:9000000 #band_f#:20000000
1548908768.000002 ccnd[24746]: #send_g#:10410232 #send_d#:0 #face#:10 #band#:9000000 #band_f#:20000000
1548908769.000002 ccnd[24746]: #send_g#:9955672 #send_d#:0 #face#:10 #band#:9000000 #band_f#:20000000
1548908770.000003 ccnd[24746]: #send_g#:17110896 #send_d#:0 #face#:10 #band#:9000000 #band_f#:20000000
1548908770.589918 ccnd[24746]: 5105 remove
1548908770.589936 ccnd[24746]: 5105 remove
1548908771.009822 ccnd[24746]: #send_g#:8366176 #send_d#:0 #face#:10 #band#:9000000 #band_f#:20000000
1548908771.117749 ccnd[24746]: sendto short
1548908771.117839 ccnd[24746]: sendto short
1548908771.117919 ccnd[24746]: sendto short
1548908771.117991 ccnd[24746]: sendto short
1548908771.118062 ccnd[24746]: sendto short
1548908772.000005 ccnd[24746]: #send_g#:4429152 #send_d#:0 #face#:10 #band#:9000000 #band_f#:20000000
1548908773.000005 ccnd[24746]: #send_g#:1438512 #send_d#:0 #face#:10 #band#:9000000 #band_f#:20000000
1548908774.000002 ccnd[24746]: #send_g#:8448744 #send_d#:0 #face#:10 #band#:9000000 #band_f#:20000000
1548908775.000002 ccnd[24746]: #send_g#:11583864 #send_d#:0 #face#:10 #band#:9000000 #band_f#:20000000
1548908776.000003 ccnd[24746]: #send_g#:13325280 #send_d#:0 #face#:10 #band#:9000000 #band_f#:20000000
1548908777.000004 ccnd[24746]: #send_g#:13968472 #send_d#:0 #face#:10 #band#:9000000 #band_f#:20000000
1548908778.000005 ccnd[24746]: #send_g#:10980224 #send_d#:0 #face#:10 #band#:9000000 #band_f#:20000000
1548908778.590501 ccnd[24746]: 5105 remove
1548908778.590521 ccnd[24746]: 5105 remove
1548908779.000004 ccnd[24746]: #send_g#:4735328 #send_d#:0 #face#:10 #band#:9000000 #band_f#:20000000
1548908780.000005 ccnd[24746]: #send_g#:5567640 #send_d#:0 #face#:10 #band#:9000000 #band_f#:20000000
1548908781.000004 ccnd[24746]: #send_g#:9239760 #send_d#:0 #face#:10 #band#:9000000 #band_f#:20000000
1548908782.000002 ccnd[24746]: #send_g#:9803384 #send_d#:0 #face#:10 #band#:9000000 #band_f#:20000000
1548908783.000002 ccnd[24746]: #send_g#:4239416 #send_d#:0 #face#:10 #band#:9000000 #band_f#:20000000
1548908784.000002 ccnd[24746]: #send_g#:15368760 #send_d#:0 #face#:10 #band#:9000000 #band_f#:20000000
1548908785.000002 ccnd[24746]: #send_g#:16431792 #send_d#:0 #face#:10 #band#:9000000 #band_f#:20000000
1548908786.000002 ccnd[24746]: #send_g#:17110632 #send_d#:0 #face#:10 #band#:9000000 #band_f#:20000000
1548908786.619341 ccnd[24746]: 5105 remove
1548908786.619364 ccnd[24746]: 5105 remove
1548908787.000003 ccnd[24746]: #send_g#:10751088 #send_d#:0 #face#:10 #band#:9000000 #band_f#:20000000
1548908788.000002 ccnd[24746]: #send_g#:11886752 #send_d#:0 #face#:10 #band#:9000000 #band_f#:20000000
1548908789.000002 ccnd[24746]: #send_g#:13404728 #send_d#:0 #face#:10 #band#:9000000 #band_f#:20000000
1548908790.000004 ccnd[24746]: #send_g#:10068712 #send_d#:0 #face#:10 #band#:9000000 #band_f#:20000000
1548908791.000005 ccnd[24746]: #send_g#:10107296 #send_d#:0 #face#:10 #band#:9000000 #band_f#:20000000
1548908792.000004 ccnd[24746]: #send_g#:10864040 #send_d#:0 #face#:10 #band#:9000000 #band_f#:20000000
1548908793.006679 ccnd[24746]: #send_g#:9501792 #send_d#:0 #face#:10 #band#:9000000 #band_f#:20000000
1548908794.002151 ccnd[24746]: #send_g#:12382192 #send_d#:0 #face#:10 #band#:9000000 #band_f#:20000000
1548908794.582197 ccnd[24746]: 5105 remove
1548908794.582216 ccnd[24746]: 5105 remove
1548908795.004961 ccnd[24746]: #send_g#:11621152 #send_d#:0 #face#:10 #band#:9000000 #band_f#:20000000
1548908796.001138 ccnd[24746]: #send_g#:12529168 #send_d#:0 #face#:10 #band#:9000000 #band_f#:20000000
1548908797.000004 ccnd[24746]: #send_g#:8290312 #send_d#:0 #face#:10 #band#:9000000 #band_f#:20000000
1548908798.005830 ccnd[24746]: #send_g#:8214712 #send_d#:0 #face#:10 #band#:9000000 #band_f#:20000000
1548908799.000002 ccnd[24746]: #send_g#:11773184 #send_d#:0 #face#:10 #band#:9000000 #band_f#:20000000
1548908800.000003 ccnd[24746]: #send_g#:17756624 #send_d#:0 #face#:10 #band#:9000000 #band_f#:20000000
1548908801.000003 ccnd[24746]: #send_g#:10069648 #send_d#:0 #face#:10 #band#:9000000 #band_f#:20000000
1548908802.000004 ccnd[24746]: #send_g#:5943376 #send_d#:0 #face#:10 #band#:9000000 #band_f#:20000000
1548908803.000005 ccnd[24746]: #send_g#:11773200 #send_d#:0 #face#:10 #band#:9000000 #band_f#:20000000
1548908804.000002 ccnd[24746]: #send_g#:12568144 #send_d#:0 #face#:10 #band#:9000000 #band_f#:20000000
1548908805.000004 ccnd[24746]: #send_g#:15259432 #send_d#:0 #face#:10 #band#:9000000 #band_f#:20000000
1548908806.000005 ccnd[24746]: #send_g#:5678368 #send_d#:0 #face#:10 #band#:9000000 #band_f#:20000000
1548908807.000002 ccnd[24746]: #send_g#:8214736 #send_d#:0 #face#:10 #band#:9000000 #band_f#:20000000
1548908808.000003 ccnd[24746]: #send_g#:10977592 #send_d#:0 #face#:10 #band#:9000000 #band_f#:20000000
1548908809.000002 ccnd[24746]: #send_g#:11583872 #send_d#:0 #face#:10 #band#:9000000 #band_f#:20000000
1548908810.000002 ccnd[24746]: #send_g#:9883656 #send_d#:0 #face#:10 #band#:9000000 #band_f#:20000000
1548908811.005720 ccnd[24746]: #send_g#:14384768 #send_d#:0 #face#:10 #band#:9000000 #band_f#:20000000
1548908811.888430 ccnd[24746]: 5105 remove
1548908812.000003 ccnd[24746]: #send_g#:13476272 #send_d#:0 #face#:10 #band#:9000000 #band_f#:20000000
1548908813.000002 ccnd[24746]: #send_g#:11469560 #send_d#:0 #face#:10 #band#:9000000 #band_f#:20000000
1548908813.233304 ccnd[24746]: sendto short
1548908814.000002 ccnd[24746]: #send_g#:11355976 #send_d#:0 #face#:10 #band#:9000000 #band_f#:20000000
1548908815.000021 ccnd[24746]: #send_g#:15522808 #send_d#:0 #face#:10 #band#:9000000 #band_f#:20000000
1548908816.000002 ccnd[24746]: #send_g#:19154704 #send_d#:0 #face#:10 #band#:9000000 #band_f#:20000000
1548908817.000004 ccnd[24746]: #send_g#:14385168 #send_d#:0 #face#:10 #band#:9000000 #band_f#:20000000
1548908818.000004 ccnd[24746]: #send_g#:12984592 #send_d#:0 #face#:10 #band#:9000000 #band_f#:20000000
1548908819.000251 ccnd[24746]: #send_g#:11511000 #send_d#:0 #face#:10 #band#:9000000 #band_f#:20000000
1548908820.000003 ccnd[24746]: #send_g#:10030760 #send_d#:0 #face#:10 #band#:9000000 #band_f#:20000000
1548908821.000004 ccnd[24746]: #send_g#:13135256 #send_d#:0 #face#:10 #band#:9000000 #band_f#:20000000
1548908822.000005 ccnd[24746]: #send_g#:12643896 #send_d#:0 #face#:10 #band#:9000000 #band_f#:20000000
1548908823.000002 ccnd[24746]: #send_g#:19722976 #send_d#:0 #face#:10 #band#:9000000 #band_f#:20000000
1548908824.000004 ccnd[24746]: #send_g#:6246224 #send_d#:0 #face#:10 #band#:9000000 #band_f#:20000000
1548908825.000001 ccnd[24746]: #send_g#:16470688 #send_d#:0 #face#:10 #band#:9000000 #band_f#:20000000
1548908826.000002 ccnd[24746]: #send_g#:16589416 #send_d#:0 #face#:10 #band#:9000000 #band_f#:20000000
1548908827.000003 ccnd[24746]: #send_g#:19986608 #send_d#:0 #face#:10 #band#:9000000 #band_f#:20000000
1548908827.888910 ccnd[24746]: 5105 remove
1548908827.888931 ccnd[24746]: 5105 remove
1548908828.000003 ccnd[24746]: #send_g#:11546080 #send_d#:0 #face#:10 #band#:9000000 #band_f#:20000000
1548908829.000002 ccnd[24746]: #send_g#:13931008 #send_d#:0 #face#:10 #band#:9000000 #band_f#:20000000
1548908830.000002 ccnd[24746]: #send_g#:15637576 #send_d#:0 #face#:10 #band#:9000000 #band_f#:20000000
1548908831.000002 ccnd[24746]: #send_g#:19987672 #send_d#:0 #face#:10 #band#:9000000 #band_f#:20000000
1548908832.000002 ccnd[24746]: #send_g#:7154768 #send_d#:0 #face#:10 #band#:9000000 #band_f#:20000000
1548908833.000001 ccnd[24746]: #send_g#:6851920 #send_d#:0 #face#:10 #band#:9000000 #band_f#:20000000
1548908834.000002 ccnd[24746]: #send_g#:13854808 #send_d#:0 #face#:10 #band#:9000000 #band_f#:20000000
1548908835.000003 ccnd[24746]: #send_g#:18435808 #send_d#:0 #face#:10 #band#:9000000 #band_f#:20000000
1548908836.000004 ccnd[24746]: #send_g#:13590304 #send_d#:0 #face#:10 #band#:9000000 #band_f#:20000000
1548908837.000130 ccnd[24746]: #send_g#:15104544 #send_d#:0 #face#:10 #band#:9000000 #band_f#:20000000
1548908838.001754 ccnd[24746]: #send_g#:11583864 #send_d#:0 #face#:10 #band#:9000000 #band_f#:20000000
1548908839.017857 ccnd[24746]: #send_g#:10413272 #send_d#:0 #face#:10 #band#:9000000 #band_f#:20000000
1548908840.000137 ccnd[24746]: #send_g#:12950112 #send_d#:0 #face#:10 #band#:9000000 #band_f#:20000000
1548908841.000002 ccnd[24746]: #send_g#:10296440 #send_d#:0 #face#:10 #band#:9000000 #band_f#:20000000
1548908842.000004 ccnd[24746]: #send_g#:8176864 #send_d#:0 #face#:10 #band#:9000000 #band_f#:20000000
1548908843.000002 ccnd[24746]: #send_g#:15369224 #send_d#:0 #face#:10 #band#:9000000 #band_f#:20000000
1548908844.000003 ccnd[24746]: #send_g#:10333824 #send_d#:0 #face#:10 #band#:9000000 #band_f#:20000000
1548908845.000901 ccnd[24746]: #send_g#:11435968 #send_d#:0 #face#:10 #band#:9000000 #band_f#:20000000
1548908846.000022 ccnd[24746]: #send_g#:8138992 #send_d#:0 #face#:10 #band#:9000000 #band_f#:20000000
1548908847.000005 ccnd[24746]: #send_g#:12378880 #send_d#:0 #face#:10 #band#:9000000 #band_f#:20000000
1548908848.000004 ccnd[24746]: #send_g#:8252432 #send_d#:0 #face#:10 #band#:9000000 #band_f#:20000000
1548908849.001325 ccnd[24746]: #send_g#:13627992 #send_d#:0 #face#:10 #band#:9000000 #band_f#:20000000
1548908850.000005 ccnd[24746]: #send_g#:11359632 #send_d#:0 #face#:10 #band#:9000000 #band_f#:20000000
1548908851.000004 ccnd[24746]: #send_g#:9879816 #send_d#:0 #face#:10 #band#:9000000 #band_f#:20000000
1548908851.886797 ccnd[24746]: 5105 remove
1548908851.886819 ccnd[24746]: 5105 remove
1548908851.886824 ccnd[24746]: 5105 remove
1548908852.001336 ccnd[24746]: #send_g#:9996704 #send_d#:0 #face#:10 #band#:9000000 #band_f#:20000000
1548908853.000004 ccnd[24746]: #send_g#:6514104 #send_d#:0 #face#:10 #band#:9000000 #band_f#:20000000
1548908854.000004 ccnd[24746]: #send_g#:12953120 #send_d#:0 #face#:10 #band#:9000000 #band_f#:20000000
1548908855.000002 ccnd[24746]: #send_g#:17107832 #send_d#:0 #face#:10 #band#:9000000 #band_f#:20000000
1548908856.007353 ccnd[24746]: #send_g#:10977880 #send_d#:0 #face#:10 #band#:9000000 #band_f#:20000000
1548908857.000002 ccnd[24746]: #send_g#:8971872 #send_d#:0 #face#:10 #band#:9000000 #band_f#:20000000
1548908858.001790 ccnd[24746]: #send_g#:4731560 #send_d#:0 #face#:10 #band#:9000000 #band_f#:20000000
1548908859.000002 ccnd[24746]: #send_g#:11624480 #send_d#:0 #face#:10 #band#:9000000 #band_f#:20000000
1548908860.000002 ccnd[24746]: #send_g#:7040992 #send_d#:0 #face#:10 #band#:9000000 #band_f#:20000000
1548908861.000002 ccnd[24746]: #send_g#:6662640 #send_d#:0 #face#:10 #band#:9000000 #band_f#:20000000
1548908862.003220 ccnd[24746]: #send_g#:4391280 #send_d#:0 #face#:10 #band#:9000000 #band_f#:20000000
1548908863.000003 ccnd[24746]: #send_g#:4959120 #send_d#:0 #face#:10 #band#:9000000 #band_f#:20000000
1548908864.000004 ccnd[24746]: #send_g#:11700000 #send_d#:0 #face#:10 #band#:9000000 #band_f#:20000000
1548908864.635932 ccnd[24746]: sendto short
1548908864.636021 ccnd[24746]: sendto short
1548908864.636100 ccnd[24746]: sendto short
1548908864.636180 ccnd[24746]: sendto short
1548908864.636259 ccnd[24746]: sendto short
1548908865.000002 ccnd[24746]: #send_g#:19987344 #send_d#:0 #face#:10 #band#:9000000 #band_f#:20000000
1548908866.000003 ccnd[24746]: #send_g#:12719608 #send_d#:0 #face#:10 #band#:9000000 #band_f#:20000000
1548908866.565763 ccnd[24746]: 5105 remove
1548908866.565785 ccnd[24746]: 5105 remove
1548908867.000004 ccnd[24746]: #send_g#:10372544 #send_d#:0 #face#:10 #band#:9000000 #band_f#:20000000
1548908868.000004 ccnd[24746]: #send_g#:6321672 #send_d#:0 #face#:10 #band#:9000000 #band_f#:20000000
1548908869.000003 ccnd[24746]: #send_g#:12303152 #send_d#:0 #face#:10 #band#:9000000 #band_f#:20000000
1548908870.000002 ccnd[24746]: #send_g#:7839688 #send_d#:0 #face#:10 #band#:9000000 #band_f#:20000000
1548908871.000002 ccnd[24746]: #send_g#:14497008 #send_d#:0 #face#:10 #band#:9000000 #band_f#:20000000
1548908872.000003 ccnd[24746]: #send_g#:9842176 #send_d#:0 #face#:10 #band#:9000000 #band_f#:20000000
1548908873.000003 ccnd[24746]: #send_g#:8971832 #send_d#:0 #face#:10 #band#:9000000 #band_f#:20000000
1548908874.000004 ccnd[24746]: #send_g#:8214736 #send_d#:0 #face#:10 #band#:9000000 #band_f#:20000000
1548908875.000005 ccnd[24746]: #send_g#:10564752 #send_d#:0 #face#:10 #band#:9000000 #band_f#:20000000
1548908875.892493 ccnd[24746]: 5105 remove
1548908875.892512 ccnd[24746]: 5105 remove
1548908875.892517 ccnd[24746]: 5105 remove
1548908876.000003 ccnd[24746]: #send_g#:12117320 #send_d#:0 #face#:10 #band#:9000000 #band_f#:20000000
1548908877.000004 ccnd[24746]: #send_g#:9842512 #send_d#:0 #face#:10 #band#:9000000 #band_f#:20000000
1548908878.000004 ccnd[24746]: #send_g#:7154552 #send_d#:0 #face#:10 #band#:9000000 #band_f#:20000000
1548908879.000002 ccnd[24746]: #send_g#:7230448 #send_d#:0 #face#:10 #band#:9000000 #band_f#:20000000
1548908880.000003 ccnd[24746]: #send_g#:7684632 #send_d#:0 #face#:10 #band#:9000000 #band_f#:20000000
1548908881.000005 ccnd[24746]: #send_g#:8896128 #send_d#:0 #face#:10 #band#:9000000 #band_f#:20000000
1548908882.000003 ccnd[24746]: #send_g#:12340824 #send_d#:0 #face#:10 #band#:9000000 #band_f#:20000000
1548908883.013952 ccnd[24746]: #send_g#:3672008 #send_d#:0 #face#:10 #band#:9000000 #band_f#:20000000
1548908883.899471 ccnd[24746]: 5105 remove
1548908883.899493 ccnd[24746]: 5105 remove
1548908884.001776 ccnd[24746]: #send_g#:8905736 #send_d#:0 #face#:10 #band#:9000000 #band_f#:20000000
1548908885.000004 ccnd[24746]: #send_g#:11279000 #send_d#:0 #face#:10 #band#:9000000 #band_f#:20000000
1548908886.000002 ccnd[24746]: #send_g#:1627776 #send_d#:0 #face#:10 #band#:9000000 #band_f#:20000000
1548908887.001838 ccnd[24746]: #send_g#:11848856 #send_d#:0 #face#:10 #band#:9000000 #band_f#:20000000
1548908888.000170 ccnd[24746]: #send_g#:10031656 #send_d#:0 #face#:10 #band#:9000000 #band_f#:20000000
1548908889.000002 ccnd[24746]: #send_g#:3637464 #send_d#:0 #face#:10 #band#:9000000 #band_f#:20000000
1548908890.013369 ccnd[24746]: #send_g#:13020704 #send_d#:0 #face#:10 #band#:9000000 #band_f#:20000000
1548908890.659300 ccnd[24746]: 5105 remove
1548908891.000002 ccnd[24746]: #send_g#:3634072 #send_d#:0 #face#:10 #band#:9000000 #band_f#:20000000
1548908892.000002 ccnd[24746]: #send_g#:5299840 #send_d#:0 #face#:10 #band#:9000000 #band_f#:20000000
1548908893.000004 ccnd[24746]: #send_g#:10940376 #send_d#:0 #face#:10 #band#:9000000 #band_f#:20000000
1548908894.000004 ccnd[24746]: #send_g#:12154432 #send_d#:0 #face#:10 #band#:9000000 #band_f#:20000000
1548908895.000658 ccnd[24746]: #send_g#:9085392 #send_d#:0 #face#:10 #band#:9000000 #band_f#:20000000
1548908896.000004 ccnd[24746]: #send_g#:17377960 #send_d#:0 #face#:10 #band#:9000000 #band_f#:20000000
1548908897.001356 ccnd[24746]: #send_g#:13097784 #send_d#:0 #face#:10 #band#:9000000 #band_f#:20000000
1548908898.009739 ccnd[24746]: #send_g#:10561552 #send_d#:0 #face#:10 #band#:9000000 #band_f#:20000000
1548908898.600393 ccnd[24746]: 5105 remove
1548908898.600416 ccnd[24746]: 5105 remove
1548908899.000002 ccnd[24746]: #send_g#:7949728 #send_d#:0 #face#:10 #band#:9000000 #band_f#:20000000
1548908900.000002 ccnd[24746]: #send_g#:7536760 #send_d#:0 #face#:10 #band#:9000000 #band_f#:20000000
1548908901.000003 ccnd[24746]: #send_g#:13741504 #send_d#:0 #face#:10 #band#:9000000 #band_f#:20000000
1548908902.000795 ccnd[24746]: #send_g#:7003080 #send_d#:0 #face#:10 #band#:6000000 #band_f#:20000000
1548908903.001069 ccnd[24746]: #send_g#:5147888 #send_d#:0 #face#:10 #band#:9000000 #band_f#:20000000
1548908904.000005 ccnd[24746]: #send_g#:9123280 #send_d#:0 #face#:10 #band#:9000000 #band_f#:20000000
1548908905.000003 ccnd[24746]: #send_g#:13745096 #send_d#:0 #face#:10 #band#:9000000 #band_f#:20000000
1548908906.000002 ccnd[24746]: #send_g#:15180040 #send_d#:0 #face#:10 #band#:9000000 #band_f#:20000000
1548908906.577899 ccnd[24746]: 5105 remove
1548908906.577919 ccnd[24746]: 5105 remove
1548908907.000004 ccnd[24746]: #send_g#:9161120 #send_d#:0 #face#:10 #band#:9000000 #band_f#:20000000
1548908908.000004 ccnd[24746]: #send_g#:10220976 #send_d#:0 #face#:10 #band#:9000000 #band_f#:20000000
1548908909.000005 ccnd[24746]: #send_g#:8820272 #send_d#:0 #face#:10 #band#:9000000 #band_f#:20000000
1548908910.000002 ccnd[24746]: #send_g#:10640944 #send_d#:0 #face#:10 #band#:9000000 #band_f#:20000000
1548908911.000003 ccnd[24746]: #send_g#:14687736 #send_d#:0 #face#:10 #band#:9000000 #band_f#:20000000
1548908912.000003 ccnd[24746]: #send_g#:9993720 #send_d#:0 #face#:10 #band#:9000000 #band_f#:20000000
1548908913.000002 ccnd[24746]: #send_g#:5867600 #send_d#:0 #face#:10 #band#:9000000 #band_f#:20000000
1548908914.000003 ccnd[24746]: #send_g#:10830376 #send_d#:0 #face#:10 #band#:9000000 #band_f#:20000000
1548908915.000002 ccnd[24746]: #send_g#:15898056 #send_d#:0 #face#:10 #band#:9000000 #band_f#:20000000
1548908916.000005 ccnd[24746]: #send_g#:10977192 #send_d#:0 #face#:10 #band#:9000000 #band_f#:20000000
1548908917.000002 ccnd[24746]: #send_g#:12529800 #send_d#:0 #face#:10 #band#:9000000 #band_f#:20000000
1548908918.000005 ccnd[24746]: #send_g#:9274400 #send_d#:0 #face#:10 #band#:9000000 #band_f#:20000000
1548908919.000003 ccnd[24746]: #send_g#:11129616 #send_d#:0 #face#:10 #band#:9000000 #band_f#:20000000
1548908920.000002 ccnd[24746]: #send_g#:12987552 #send_d#:0 #face#:10 #band#:9000000 #band_f#:20000000
1548908921.000002 ccnd[24746]: #send_g#:14838872 #send_d#:0 #face#:10 #band#:9000000 #band_f#:20000000
1548908922.000004 ccnd[24746]: #send_g#:10523808 #send_d#:0 #face#:10 #band#:9000000 #band_f#:20000000
1548908923.000005 ccnd[24746]: #send_g#:7154784 #send_d#:0 #face#:10 #band#:9000000 #band_f#:20000000
1548908923.902613 ccnd[24746]: 5105 remove
1548908923.902631 ccnd[24746]: 5105 remove
1548908924.000004 ccnd[24746]: #send_g#:6208352 #send_d#:0 #face#:10 #band#:9000000 #band_f#:20000000
1548908925.000003 ccnd[24746]: #send_g#:10868184 #send_d#:0 #face#:10 #band#:9000000 #band_f#:20000000
1548908926.000004 ccnd[24746]: #send_g#:13438048 #send_d#:0 #face#:10 #band#:9000000 #band_f#:20000000
1548908927.000002 ccnd[24746]: #send_g#:11053472 #send_d#:0 #face#:10 #band#:9000000 #band_f#:20000000
1548908928.000002 ccnd[24746]: #send_g#:8634040 #send_d#:0 #face#:10 #band#:9000000 #band_f#:20000000
1548908929.008717 ccnd[24746]: #send_g#:12227328 #send_d#:0 #face#:10 #band#:9000000 #band_f#:20000000
1548908930.000002 ccnd[24746]: #send_g#:10451728 #send_d#:0 #face#:10 #band#:9000000 #band_f#:20000000
1548908931.000002 ccnd[24746]: #send_g#:12265248 #send_d#:0 #face#:10 #band#:9000000 #band_f#:20000000
1548908932.001834 ccnd[24746]: #send_g#:7079040 #send_d#:0 #face#:10 #band#:9000000 #band_f#:20000000
1548908933.001784 ccnd[24746]: #send_g#:12189256 #send_d#:0 #face#:10 #band#:9000000 #band_f#:20000000
1548908934.000138 ccnd[24746]: #send_g#:11052992 #send_d#:0 #face#:10 #band#:9000000 #band_f#:20000000
1548908935.000004 ccnd[24746]: #send_g#:10829744 #send_d#:0 #face#:10 #band#:9000000 #band_f#:20000000
1548908936.000003 ccnd[24746]: #send_g#:14005808 #send_d#:0 #face#:10 #band#:9000000 #band_f#:20000000
1548908937.000002 ccnd[24746]: #send_g#:11927512 #send_d#:0 #face#:10 #band#:9000000 #band_f#:20000000
1548908938.013850 ccnd[24746]: #send_g#:10751000 #send_d#:0 #face#:10 #band#:9000000 #band_f#:20000000
1548908939.000004 ccnd[24746]: #send_g#:9424248 #send_d#:0 #face#:10 #band#:9000000 #band_f#:20000000
1548908939.894837 ccnd[24746]: 5105 remove
1548908939.894858 ccnd[24746]: 5105 remove
1548908940.005926 ccnd[24746]: #send_g#:15939824 #send_d#:0 #face#:10 #band#:9000000 #band_f#:20000000
1548908941.000003 ccnd[24746]: #send_g#:13968568 #send_d#:0 #face#:10 #band#:9000000 #band_f#:20000000
1548908942.007961 ccnd[24746]: #send_g#:6706368 #send_d#:0 #face#:10 #band#:9000000 #band_f#:20000000
1548908943.000004 ccnd[24746]: #send_g#:9766808 #send_d#:0 #face#:10 #band#:9000000 #band_f#:20000000
1548908944.000003 ccnd[24746]: #send_g#:13665984 #send_d#:0 #face#:10 #band#:9000000 #band_f#:20000000
1548908945.000003 ccnd[24746]: #send_g#:15787440 #send_d#:0 #face#:10 #band#:9000000 #band_f#:20000000
1548908946.000002 ccnd[24746]: #send_g#:10410368 #send_d#:0 #face#:10 #band#:9000000 #band_f#:20000000
1548908946.586688 ccnd[24746]: 5105 remove
1548908947.006218 ccnd[24746]: #send_g#:13401024 #send_d#:0 #face#:10 #band#:9000000 #band_f#:20000000
1548908948.000177 ccnd[24746]: #send_g#:9312576 #send_d#:0 #face#:10 #band#:9000000 #band_f#:20000000
1548908949.003125 ccnd[24746]: #send_g#:10940376 #send_d#:0 #face#:10 #band#:9000000 #band_f#:20000000
1548908950.000004 ccnd[24746]: #send_g#:7120648 #send_d#:0 #face#:10 #band#:9000000 #band_f#:20000000
1548908951.000003 ccnd[24746]: #send_g#:15367968 #send_d#:0 #face#:10 #band#:9000000 #band_f#:20000000
1548908952.000004 ccnd[24746]: #send_g#:7192080 #send_d#:0 #face#:10 #band#:9000000 #band_f#:20000000
1548908953.000003 ccnd[24746]: #send_g#:10637496 #send_d#:0 #face#:10 #band#:9000000 #band_f#:20000000
1548908954.000002 ccnd[24746]: #send_g#:14009632 #send_d#:0 #face#:10 #band#:9000000 #band_f#:20000000
1548908955.000003 ccnd[24746]: #send_g#:9391168 #send_d#:0 #face#:10 #band#:9000000 #band_f#:20000000
1548908956.000004 ccnd[24746]: #send_g#:11242632 #send_d#:0 #face#:10 #band#:9000000 #band_f#:20000000
1548908957.003562 ccnd[24746]: #send_g#:8328256 #send_d#:0 #face#:10 #band#:9000000 #band_f#:20000000
1548908958.000005 ccnd[24746]: #send_g#:8934016 #send_d#:0 #face#:10 #band#:9000000 #band_f#:20000000
1548908959.000002 ccnd[24746]: #send_g#:6738040 #send_d#:0 #face#:10 #band#:9000000 #band_f#:20000000
1548908959.760640 ccnd[24746]: sendto short
1548908959.760722 ccnd[24746]: sendto short
1548908959.760799 ccnd[24746]: sendto short
1548908959.760871 ccnd[24746]: sendto short
1548908960.000005 ccnd[24746]: #send_g#:13517816 #send_d#:0 #face#:10 #band#:9000000 #band_f#:20000000
1548908961.000002 ccnd[24746]: #send_g#:4466536 #send_d#:0 #face#:10 #band#:9000000 #band_f#:20000000
1548908962.000003 ccnd[24746]: #send_g#:7041184 #send_d#:0 #face#:10 #band#:9000000 #band_f#:20000000
1548908963.000004 ccnd[24746]: #send_g#:7306192 #send_d#:0 #face#:10 #band#:9000000 #band_f#:20000000
1548908963.883112 ccnd[24746]: 5105 remove
1548908964.000005 ccnd[24746]: #send_g#:11621368 #send_d#:0 #face#:10 #band#:9000000 #band_f#:20000000
1548908965.003898 ccnd[24746]: #send_g#:7763200 #send_d#:0 #face#:10 #band#:9000000 #band_f#:20000000
1548908966.000005 ccnd[24746]: #send_g#:13627976 #send_d#:0 #face#:10 #band#:9000000 #band_f#:20000000
1548908967.005817 ccnd[24746]: #send_g#:5867664 #send_d#:0 #face#:10 #band#:9000000 #band_f#:20000000
1548908967.297000 ccnd[24746]: sendto short
1548908967.297085 ccnd[24746]: sendto short
1548908967.297155 ccnd[24746]: sendto short
1548908967.297225 ccnd[24746]: sendto short
1548908967.297295 ccnd[24746]: sendto short
1548908967.297366 ccnd[24746]: sendto short
1548908968.017842 ccnd[24746]: #send_g#:10675192 #send_d#:0 #face#:10 #band#:9000000 #band_f#:20000000
1548908969.007164 ccnd[24746]: #send_g#:9388256 #send_d#:0 #face#:10 #band#:9000000 #band_f#:20000000
1548908969.112122 ccnd[24746]: sendto short
1548908969.112220 ccnd[24746]: sendto short
1548908970.001124 ccnd[24746]: #send_g#:15297256 #send_d#:0 #face#:10 #band#:9000000 #band_f#:20000000
1548908970.585315 ccnd[24746]: 5105 remove
1548908970.585334 ccnd[24746]: 5105 remove
1548908971.000002 ccnd[24746]: #send_g#:14384344 #send_d#:0 #face#:10 #band#:9000000 #band_f#:20000000
1548908972.000003 ccnd[24746]: #send_g#:15519856 #send_d#:0 #face#:10 #band#:6000000 #band_f#:20000000
1548908973.001863 ccnd[24746]: #send_g#:14157952 #send_d#:0 #face#:10 #band#:6000000 #band_f#:20000000
1548908974.000002 ccnd[24746]: #send_g#:4769608 #send_d#:0 #face#:10 #band#:9000000 #band_f#:20000000
1548908975.000003 ccnd[24746]: #send_g#:14956488 #send_d#:0 #face#:10 #band#:9000000 #band_f#:20000000
1548908976.000002 ccnd[24746]: #send_g#:13741272 #send_d#:0 #face#:10 #band#:9000000 #band_f#:20000000
1548908977.000002 ccnd[24746]: #send_g#:11545776 #send_d#:0 #face#:10 #band#:9000000 #band_f#:20000000
1548908978.000004 ccnd[24746]: #send_g#:7949616 #send_d#:0 #face#:10 #band#:9000000 #band_f#:20000000
1548908978.580105 ccnd[24746]: 5105 remove
1548908978.580127 ccnd[24746]: 5105 remove
1548908979.000002 ccnd[24746]: #send_g#:5337664 #send_d#:0 #face#:10 #band#:9000000 #band_f#:20000000
1548908980.000003 ccnd[24746]: #send_g#:5454960 #send_d#:0 #face#:10 #band#:9000000 #band_f#:20000000
1548908981.000005 ccnd[24746]: #send_g#:7270840 #send_d#:0 #face#:10 #band#:9000000 #band_f#:20000000
1548908982.000002 ccnd[24746]: #send_g#:6548992 #send_d#:0 #face#:10 #band#:9000000 #band_f#:20000000
1548908983.000002 ccnd[24746]: #send_g#:14044008 #send_d#:0 #face#:10 #band#:9000000 #band_f#:20000000
1548908984.000005 ccnd[24746]: #send_g#:14082040 #send_d#:0 #face#:10 #band#:9000000 #band_f#:20000000
1548908985.000003 ccnd[24746]: #send_g#:14536536 #send_d#:0 #face#:10 #band#:9000000 #band_f#:20000000
1548908986.000486 ccnd[24746]: #send_g#:11927912 #send_d#:0 #face#:10 #band#:9000000 #band_f#:20000000
1548908986.589611 ccnd[24746]: 5105 remove
1548908986.589636 ccnd[24746]: 5105 remove
1548908987.000005 ccnd[24746]: #send_g#:11356800 #send_d#:0 #face#:10 #band#:9000000 #band_f#:20000000
1548908988.000003 ccnd[24746]: #send_g#:17034208 #send_d#:0 #face#:10 #band#:9000000 #band_f#:20000000
1548908989.000003 ccnd[24746]: #send_g#:5905240 #send_d#:0 #face#:10 #band#:9000000 #band_f#:20000000
1548908990.000005 ccnd[24746]: #send_g#:9315544 #send_d#:0 #face#:10 #band#:9000000 #band_f#:20000000
1548908991.000392 ccnd[24746]: #send_g#:12757184 #send_d#:0 #face#:10 #band#:9000000 #band_f#:20000000
1548908992.000002 ccnd[24746]: #send_g#:12567752 #send_d#:0 #face#:10 #band#:9000000 #band_f#:20000000
1548908993.000002 ccnd[24746]: #send_g#:10182424 #send_d#:0 #face#:10 #band#:9000000 #band_f#:20000000
1548908994.000002 ccnd[24746]: #send_g#:12832288 #send_d#:0 #face#:10 #band#:9000000 #band_f#:20000000
1548908994.589434 ccnd[24746]: 5105 remove
1548908994.589452 ccnd[24746]: 5105 remove
1548908995.000004 ccnd[24746]: #send_g#:7461024 #send_d#:0 #face#:10 #band#:9000000 #band_f#:20000000
1548908996.000002 ccnd[24746]: #send_g#:13400728 #send_d#:0 #face#:10 #band#:9000000 #band_f#:20000000
1548908997.000004 ccnd[24746]: #send_g#:7949168 #send_d#:0 #face#:10 #band#:9000000 #band_f#:20000000
1548908998.010034 ccnd[24746]: #send_g#:14421792 #send_d#:0 #face#:10 #band#:9000000 #band_f#:20000000
1548908999.000002 ccnd[24746]: #send_g#:12870392 #send_d#:0 #face#:10 #band#:9000000 #band_f#:20000000
1548909000.000002 ccnd[24746]: #send_g#:11546048 #send_d#:0 #face#:10 #band#:9000000 #band_f#:20000000
1548909001.000002 ccnd[24746]: #send_g#:12227472 #send_d#:0 #face#:10 #band#:9000000 #band_f#:20000000
1548909002.000004 ccnd[24746]: #send_g#:14006472 #send_d#:0 #face#:10 #band#:9000000 #band_f#:20000000
1548909002.597588 ccnd[24746]: 5105 remove
1548909002.597613 ccnd[24746]: 5105 remove
1548909003.000653 ccnd[24746]: #send_g#:13476736 #send_d#:0 #face#:10 #band#:9000000 #band_f#:20000000
1548909004.001345 ccnd[24746]: #send_g#:12833176 #send_d#:0 #face#:10 #band#:9000000 #band_f#:20000000
1548909005.000005 ccnd[24746]: #send_g#:19344408 #send_d#:0 #face#:10 #band#:9000000 #band_f#:20000000
1548909006.000004 ccnd[24746]: #send_g#:4050528 #send_d#:0 #face#:10 #band#:9000000 #band_f#:20000000
1548909007.005813 ccnd[24746]: #send_g#:13476736 #send_d#:0 #face#:10 #band#:9000000 #band_f#:20000000
1548909008.000003 ccnd[24746]: #send_g#:10978240 #send_d#:0 #face#:10 #band#:6000000 #band_f#:20000000
1548909009.000698 ccnd[24746]: #send_g#:12946752 #send_d#:0 #face#:10 #band#:9000000 #band_f#:20000000
1548909010.000003 ccnd[24746]: #send_g#:10829744 #send_d#:0 #face#:10 #band#:9000000 #band_f#:20000000
1548909011.000002 ccnd[24746]: #send_g#:1097824 #send_d#:0 #face#:10 #band#:9000000 #band_f#:20000000
1548909012.000003 ccnd[24746]: #send_g#:8934016 #send_d#:0 #face#:10 #band#:9000000 #band_f#:20000000
1548909013.000002 ccnd[24746]: #send_g#:17148768 #send_d#:0 #face#:10 #band#:9000000 #band_f#:20000000
1548909014.000003 ccnd[24746]: #send_g#:5678400 #send_d#:0 #face#:10 #band#:9000000 #band_f#:20000000
1548909015.000002 ccnd[24746]: #send_g#:11129664 #send_d#:0 #face#:10 #band#:9000000 #band_f#:20000000
1548909016.000003 ccnd[24746]: #send_g#:2690704 #send_d#:0 #face#:10 #band#:9000000 #band_f#:20000000
1548909017.000413 ccnd[24746]: #send_g#:16164512 #send_d#:0 #face#:10 #band#:9000000 #band_f#:20000000
1548909018.000002 ccnd[24746]: #send_g#:16883776 #send_d#:0 #face#:10 #band#:9000000 #band_f#:20000000
1548909018.586147 ccnd[24746]: 5105 remove
1548909018.586166 ccnd[24746]: 5105 remove
1548909019.000002 ccnd[24746]: #send_g#:11511152 #send_d#:0 #face#:10 #band#:9000000 #band_f#:20000000
1548909020.000003 ccnd[24746]: #send_g#:1022112 #send_d#:0 #face#:10 #band#:9000000 #band_f#:20000000
1548909021.016406 ccnd[24746]: #send_g#:17073056 #send_d#:0 #face#:10 #band#:9000000 #band_f#:20000000
1548909022.000003 ccnd[24746]: #send_g#:16202368 #send_d#:0 #face#:10 #band#:9000000 #band_f#:20000000
1548909023.000002 ccnd[24746]: #send_g#:10791888 #send_d#:0 #face#:10 #band#:9000000 #band_f#:20000000
1548909024.001972 ccnd[24746]: #send_g#:14196000 #send_d#:0 #face#:10 #band#:9000000 #band_f#:20000000
1548909025.000002 ccnd[24746]: #send_g#:10675392 #send_d#:0 #face#:10 #band#:9000000 #band_f#:20000000
1548909026.000002 ccnd[24746]: #send_g#:15445248 #send_d#:0 #face#:10 #band#:6000000 #band_f#:20000000
1548909026.569722 ccnd[24746]: 5105 remove
1548909026.569742 ccnd[24746]: 5105 remove
1548909027.000002 ccnd[24746]: #send_g#:18249520 #send_d#:0 #face#:10 #band#:6000000 #band_f#:20000000
1548909028.000002 ccnd[24746]: #send_g#:12189632 #send_d#:0 #face#:10 #band#:6000000 #band_f#:20000000
1548909029.000002 ccnd[24746]: #send_g#:151424 #send_d#:0 #face#:10 #band#:6000000 #band_f#:20000000
1548909030.000002 ccnd[24746]: #send_g#:14347424 #send_d#:0 #face#:10 #band#:3000000 #band_f#:20000000
1548909031.000002 ccnd[24746]: #send_g#:17754464 #send_d#:0 #face#:10 #band#:6000000 #band_f#:20000000
1548909032.000002 ccnd[24746]: #send_g#:18249520 #send_d#:0 #face#:10 #band#:6000000 #band_f#:20000000
1548909033.000002 ccnd[24746]: #send_g#:19987968 #send_d#:0 #face#:10 #band#:6000000 #band_f#:20000000
1548909034.000002 ccnd[24746]: #send_g#:18095168 #send_d#:0 #face#:10 #band#:3000000 #band_f#:20000000
1548909034.586789 ccnd[24746]: 5105 remove
1548909034.586807 ccnd[24746]: 5105 remove
1548909035.000002 ccnd[24746]: #send_g#:3028480 #send_d#:0 #face#:10 #band#:3000000 #band_f#:20000000
1548909036.000004 ccnd[24746]: #send_g#:9996912 #send_d#:0 #face#:10 #band#:3000000 #band_f#:20000000
1548909065.511642 ccnd[24746]: 5105 remove
1548909065.511667 ccnd[24746]: 5105 remove
1548909065.511672 ccnd[24746]: 5105 remove
1548909122.935913 ccnd[24746]: 5105 remove
1548909122.935936 ccnd[24746]: 5105 remove
1548909222.334550 ccnd[24746]: accepted client fd=8 id=11
1548909222.336047 ccnd[24746]: accepted client fd=10 id=12
1548909222.336059 ccnd[24746]: stopping (/tmp/.ccnd.sock gone)
1548909222.336062 ccnd[24746]: exiting.
1548909222.336069 ccnd[24746]: closing fd 3 while finalizing face 1
1548909222.336072 ccnd[24746]: releasing face id 1 (slot 1)
1548909222.336078 ccnd[24746]: closing fd 5 while finalizing face 3
1548909222.336081 ccnd[24746]: releasing face id 3 (slot 3)
1548909222.336086 ccnd[24746]: closing fd 7 while finalizing face 5
1548909222.336088 ccnd[24746]: releasing face id 5 (slot 5)
1548909222.336093 ccnd[24746]: closing fd 4 while finalizing face 2
1548909222.336096 ccnd[24746]: releasing face id 2 (slot 2)
1548909222.336100 ccnd[24746]: closing fd 6 while finalizing face 4
1548909222.336103 ccnd[24746]: releasing face id 4 (slot 4)
1548909222.336412 ccnd[24746]: releasing face id 8 (slot 8)
1548909222.336417 ccnd[24746]: releasing face id 10 (slot 10)
1548909222.336423 ccnd[24746]: closing fd 8 while finalizing face 11
1548909222.336426 ccnd[24746]: releasing face id 11 (slot 11)
1548909222.336437 ccnd[24746]: closing fd 10 while finalizing face 12
1548909222.336440 ccnd[24746]: recycling face id 12 (slot 12)
1548909222.336460 ccnr[24751]: lost connection to ccnd
1548909222.336467 ccnr[24751]: exiting.
1548909222.336681 ccnd[24746]: closing fd 9 while finalizing face 7
1548909222.336688 ccnd[24746]: releasing face id 7 (slot 7)
