1548577305.000000 ccnd[6759]:  ____________________ Sun Jan 27 17:21:45 2019
1548577305.473625 00000000.ccnd[6759]: =======================ex index n: 0
1548577305.473668 00000000.ccnd[6759]: =======================ex index l: 12
1548577305.473674 ccnd[6759]: CCND_DEBUG=1 CCND_CAP=50
1548577305.473676 ccnd[6759]: CCND_DEBUG=1 CCND_CAP_G=50
1548577305.473716 ccnd[6759]: listening on /tmp/.ccnd.sock
1548577305.473733 ccnd[6759]: accepting ipv4 datagrams on fd 4 rcvbuf 212992
1548577305.473742 ccnd[6759]: accepting ipv4 connections on fd 5
1548577305.473753 ccnd[6759]: accepting ipv6 datagrams on fd 6 rcvbuf 212992
1548577305.473762 ccnd[6759]: accepting ipv6 connections on fd 7
1548577305.526934 ccnd[6759]: accepted client fd=8 id=6
1548577305.527004 ccnd[6759]: shutdown client fd=8 id=6
1548577305.527011 ccnd[6759]: recycling face id 6 (slot 6)
1548577305.528145 ccnd[6759]: accepted client fd=8 id=6
1548577305.528833 ccnr[6764]: CCNR_DEBUG=7 CCNR_DIRECTORY=. CCNR_STATUS_PORT=
1548577305.528959 ccnr[6764]: Repository file is indexed
1548577305.532025 ccnd[6759]: accepted client fd=9 id=7
1548577305.541717 ccnd[6759]: accepted datagram client id=8 (flags=0x40012) 192.168.122.102 port 9695
1548577305.547606 ccnd[6759]: shutdown client fd=8 id=6
1548577305.547617 ccnd[6759]: releasing face id 6 (slot 6)
1548577305.548512 ccnd[6759]: accepted client fd=8 id=9
1548577305.552484 ccnd[6759]: accepted datagram client id=10 (flags=0x40012) 192.168.122.103 port 9695
1548577305.553633 ccnd[6759]: shutdown client fd=8 id=9
1548577305.553643 ccnd[6759]: releasing face id 9 (slot 9)
1548577384.000021 ccnd[6759]: #CANUSE#:10000000 #FACE#:10 #SENDAMOUNT#:4731
1548577607.000003 ccnd[6759]: #CANUSE#:5000000 #FACE#:10 #SENDAMOUNT#:9462
1548577963.000006 ccnd[6759]: #CANUSE#:10000000 #FACE#:10 #SENDAMOUNT#:18924
1548578110.000004 ccnd[6759]: #CANUSE#:10000000 #FACE#:10 #SENDAMOUNT#:23655
1548578196.000006 ccnd[6759]: #CANUSE#:10000000 #FACE#:10 #SENDAMOUNT#:33117
1548578266.566812 ccnd[6759]: accepted client fd=8 id=11
1548578266.568293 ccnd[6759]: accepted client fd=10 id=12
1548578266.568305 ccnd[6759]: stopping (/tmp/.ccnd.sock gone)
1548578266.568308 ccnd[6759]: exiting.
1548578266.568314 ccnd[6759]: closing fd 3 while finalizing face 1
1548578266.568317 ccnd[6759]: releasing face id 1 (slot 1)
1548578266.568323 ccnd[6759]: closing fd 5 while finalizing face 3
1548578266.568326 ccnd[6759]: releasing face id 3 (slot 3)
1548578266.568331 ccnd[6759]: closing fd 7 while finalizing face 5
1548578266.568333 ccnd[6759]: releasing face id 5 (slot 5)
1548578266.568338 ccnd[6759]: closing fd 4 while finalizing face 2
1548578266.568341 ccnd[6759]: releasing face id 2 (slot 2)
1548578266.568351 ccnd[6759]: closing fd 6 while finalizing face 4
1548578266.568354 ccnd[6759]: releasing face id 4 (slot 4)
1548578266.568410 ccnd[6759]: releasing face id 10 (slot 10)
1548578266.568415 ccnd[6759]: releasing face id 8 (slot 8)
1548578266.568420 ccnd[6759]: closing fd 8 while finalizing face 11
1548578266.568422 ccnd[6759]: releasing face id 11 (slot 11)
1548578266.568432 ccnd[6759]: closing fd 10 while finalizing face 12
1548578266.568435 ccnd[6759]: recycling face id 12 (slot 12)
1548578266.568441 ccnd[6759]: closing fd 9 while finalizing face 7
1548578266.568445 ccnd[6759]: releasing face id 7 (slot 7)
1548578266.568501 ccnr[6764]: lost connection to ccnd
1548578266.568510 ccnr[6764]: exiting.
