1548577351.000000 ccnd[4319]:  ____________________ Sun Jan 27 17:22:31 2019
1548577351.736578 00000000.ccnd[4319]: =======================ex index n: 0
1548577351.736632 00000000.ccnd[4319]: =======================ex index l: 12
1548577351.736639 ccnd[4319]: CCND_DEBUG=1 CCND_CAP=50
1548577351.736642 ccnd[4319]: CCND_DEBUG=1 CCND_CAP_G=50
1548577351.736693 ccnd[4319]: listening on /tmp/.ccnd.sock
1548577351.736712 ccnd[4319]: accepting ipv4 datagrams on fd 4 rcvbuf 212992
1548577351.736723 ccnd[4319]: accepting ipv4 connections on fd 5
1548577351.736736 ccnd[4319]: accepting ipv6 datagrams on fd 6 rcvbuf 212992
1548577351.736747 ccnd[4319]: accepting ipv6 connections on fd 7
1548577351.787313 ccnd[4319]: accepted client fd=8 id=6
1548577351.787385 ccnd[4319]: shutdown client fd=8 id=6
1548577351.787392 ccnd[4319]: recycling face id 6 (slot 6)
1548577351.788245 ccnr[4324]: CCNR_DEBUG=7 CCNR_DIRECTORY=. CCNR_STATUS_PORT=
1548577351.788370 ccnr[4324]: Repository file is indexed
1548577351.791437 ccnd[4319]: accepted client fd=8 id=6
1548577351.793217 ccnd[4319]: accepted client fd=9 id=7
1548577351.806973 ccnd[4319]: accepted datagram client id=8 (flags=0x40012) 192.168.122.103 port 9695
1548577351.813712 ccnd[4319]: shutdown client fd=9 id=7
1548577351.813722 ccnd[4319]: releasing face id 7 (slot 7)
1548577355.198722 ccnd[4319]: accepted client fd=9 id=9
1548577355.389285 ccnd[4319]: accepted client fd=10 id=10
1548577356.000028 ccnd[4319]: #CANUSE#:9999999 #FACE#:10 #SENDAMOUNT#:43036
1548577357.000007 ccnd[4319]: #CANUSE#:10000000 #FACE#:10 #SENDAMOUNT#:459276
1548577358.000008 ccnd[4319]: #CANUSE#:9999998 #FACE#:10 #SENDAMOUNT#:1982497
1548577359.000010 ccnd[4319]: #CANUSE#:10000000 #FACE#:10 #SENDAMOUNT#:2606989
1548577360.000007 ccnd[4319]: #CANUSE#:10000000 #FACE#:10 #SENDAMOUNT#:3855973
1548577361.000007 ccnd[4319]: #CANUSE#:10000000 #FACE#:10 #SENDAMOUNT#:3955324
1548577362.000006 ccnd[4319]: #CANUSE#:10000000 #FACE#:10 #SENDAMOUNT#:5204308
1548577363.000007 ccnd[4319]: #CANUSE#:10000000 #FACE#:10 #SENDAMOUNT#:5540209
1548577364.000010 ccnd[4319]: #CANUSE#:10000000 #FACE#:10 #SENDAMOUNT#:6183625
1548577365.000008 ccnd[4319]: #CANUSE#:10000000 #FACE#:10 #SENDAMOUNT#:7432609
1548577366.000008 ccnd[4319]: #CANUSE#:10000000 #FACE#:10 #SENDAMOUNT#:8681593
1548577367.000009 ccnd[4319]: #CANUSE#:10000000 #FACE#:10 #SENDAMOUNT#:9930577
1548577368.000007 ccnd[4319]: #CANUSE#:10000000 #FACE#:10 #SENDAMOUNT#:11179561
1548577369.000009 ccnd[4319]: #CANUSE#:10000000 #FACE#:10 #SENDAMOUNT#:11425573
1548577370.000009 ccnd[4319]: #CANUSE#:10000000 #FACE#:10 #SENDAMOUNT#:11435035
1548577370.745657 ccnd[4319]: shutdown client fd=10 id=10
1548577370.745677 ccnd[4319]: releasing face id 10 (slot 10)
1548577370.745703 ccnd[4319]: shutdown client fd=9 id=9
1548577370.745709 ccnd[4319]: releasing face id 9 (slot 9)
1548577380.067686 ccnd[4319]: accepted client fd=9 id=11
1548577380.217318 ccnd[4319]: accepted client fd=10 id=12
1548577381.000008 ccnd[4319]: #CANUSE#:10000000 #FACE#:12 #SENDAMOUNT#:369407
1548577382.000007 ccnd[4319]: #CANUSE#:10000000 #FACE#:12 #SENDAMOUNT#:993767
1548577384.000007 ccnd[4319]: #CANUSE#:10000000 #FACE#:12 #SENDAMOUNT#:2469790
1548577385.000007 ccnd[4319]: #CANUSE#:10000000 #FACE#:12 #SENDAMOUNT#:3718774
1548577386.000007 ccnd[4319]: #CANUSE#:10000000 #FACE#:12 #SENDAMOUNT#:4967758
1548577387.000009 ccnd[4319]: #CANUSE#:10000000 #FACE#:12 #SENDAMOUNT#:6216742
1548577388.000006 ccnd[4319]: #CANUSE#:10000000 #FACE#:12 #SENDAMOUNT#:7465726
1548577389.000010 ccnd[4319]: #CANUSE#:10000000 #FACE#:12 #SENDAMOUNT#:8714710
1548577390.000008 ccnd[4319]: #CANUSE#:10000000 #FACE#:12 #SENDAMOUNT#:9963694
1548577391.000008 ccnd[4319]: #CANUSE#:10000000 #FACE#:12 #SENDAMOUNT#:10649689
1548577392.000008 ccnd[4319]: #CANUSE#:10000000 #FACE#:12 #SENDAMOUNT#:11898673
1548577392.620807 ccnd[4319]: shutdown client fd=10 id=12
1548577392.620826 ccnd[4319]: releasing face id 12 (slot 12)
1548577392.620869 ccnd[4319]: shutdown client fd=9 id=11
1548577392.620877 ccnd[4319]: releasing face id 11 (slot 11)
1548577397.163632 ccnd[4319]: accepted client fd=9 id=13
1548577397.335110 ccnd[4319]: accepted client fd=10 id=14
1548577398.000009 ccnd[4319]: #CANUSE#:9999998 #FACE#:14 #SENDAMOUNT#:624827
1548577399.000010 ccnd[4319]: #CANUSE#:10000000 #FACE#:14 #SENDAMOUNT#:1438434
1548577400.000007 ccnd[4319]: #CANUSE#:10000000 #FACE#:14 #SENDAMOUNT#:2062926
1548577401.000006 ccnd[4319]: #CANUSE#:10000000 #FACE#:14 #SENDAMOUNT#:3311910
1548577402.000009 ccnd[4319]: #CANUSE#:10000000 #FACE#:14 #SENDAMOUNT#:4560894
1548577403.000007 ccnd[4319]: #CANUSE#:10000000 #FACE#:14 #SENDAMOUNT#:5620638
1548577404.000008 ccnd[4319]: #CANUSE#:10000000 #FACE#:14 #SENDAMOUNT#:6869622
1548577405.000007 ccnd[4319]: #CANUSE#:10000000 #FACE#:14 #SENDAMOUNT#:8118606
1548577406.000010 ccnd[4319]: #CANUSE#:10000000 #FACE#:14 #SENDAMOUNT#:9003303
1548577407.000010 ccnd[4319]: #CANUSE#:10000000 #FACE#:14 #SENDAMOUNT#:10252287
1548577408.000009 ccnd[4319]: #CANUSE#:10000000 #FACE#:14 #SENDAMOUNT#:11501271
1548577409.000007 ccnd[4319]: #CANUSE#:10000000 #FACE#:14 #SENDAMOUNT#:12225479
1548577409.113614 ccnd[4319]: error on face 14: Connection reset by peer (104)
1548577409.113633 ccnd[4319]: shutdown client fd=10 id=14
1548577409.113643 ccnd[4319]: releasing face id 14 (slot 14)
1548577409.113693 ccnd[4319]: shutdown client fd=9 id=13
1548577409.113701 ccnd[4319]: releasing face id 13 (slot 13)
1548577413.754951 ccnd[4319]: accepted client fd=9 id=15
1548577413.911402 ccnd[4319]: accepted client fd=10 id=16
1548577414.000011 ccnd[4319]: #CANUSE#:10000000 #FACE#:16 #SENDAMOUNT#:9460
1548577415.000009 ccnd[4319]: #CANUSE#:10000000 #FACE#:16 #SENDAMOUNT#:634287
1548577416.000008 ccnd[4319]: #CANUSE#:10000000 #FACE#:16 #SENDAMOUNT#:1783795
1548577417.003339 ccnd[4319]: #CANUSE#:10000000 #FACE#:16 #SENDAMOUNT#:3023317
1548577418.000008 ccnd[4319]: #CANUSE#:10000000 #FACE#:16 #SENDAMOUNT#:3198364
1548577421.000007 ccnd[4319]: #CANUSE#:10000000 #FACE#:16 #SENDAMOUNT#:4447348
1548577422.000008 ccnd[4319]: #CANUSE#:10000000 #FACE#:16 #SENDAMOUNT#:4646050
1548577423.000009 ccnd[4319]: #CANUSE#:10000000 #FACE#:16 #SENDAMOUNT#:5895034
1548577424.000009 ccnd[4319]: #CANUSE#:10000000 #FACE#:16 #SENDAMOUNT#:6221473
1548577425.000008 ccnd[4319]: #CANUSE#:10000000 #FACE#:16 #SENDAMOUNT#:7470457
1548577426.000007 ccnd[4319]: #CANUSE#:10000000 #FACE#:16 #SENDAMOUNT#:8719441
1548577427.000009 ccnd[4319]: #CANUSE#:10000000 #FACE#:16 #SENDAMOUNT#:9968425
1548577428.000008 ccnd[4319]: #CANUSE#:10000000 #FACE#:16 #SENDAMOUNT#:11217409
1548577428.625613 ccnd[4319]: shutdown client fd=10 id=16
1548577428.625634 ccnd[4319]: releasing face id 16 (slot 16)
1548577428.625664 ccnd[4319]: shutdown client fd=9 id=15
1548577428.625677 ccnd[4319]: releasing face id 15 (slot 15)
1548577433.257922 ccnd[4319]: accepted client fd=9 id=17
1548577433.461439 ccnd[4319]: accepted client fd=10 id=18
1548577434.000010 ccnd[4319]: #CANUSE#:9999996 #FACE#:18 #SENDAMOUNT#:407247
1548577435.000006 ccnd[4319]: #CANUSE#:10000000 #FACE#:18 #SENDAMOUNT#:719427
1548577436.000008 ccnd[4319]: #CANUSE#:10000000 #FACE#:18 #SENDAMOUNT#:1533053
1548577437.000009 ccnd[4319]: #CANUSE#:10000000 #FACE#:18 #SENDAMOUNT#:2782037
1548577438.000007 ccnd[4319]: #CANUSE#:10000000 #FACE#:18 #SENDAMOUNT#:3553190
1548577439.000006 ccnd[4319]: #CANUSE#:10000000 #FACE#:18 #SENDAMOUNT#:3737699
1548577441.000007 ccnd[4319]: #CANUSE#:10000000 #FACE#:18 #SENDAMOUNT#:4986683
1548577442.000009 ccnd[4319]: #CANUSE#:10000000 #FACE#:18 #SENDAMOUNT#:6235667
1548577443.000008 ccnd[4319]: #CANUSE#:10000000 #FACE#:18 #SENDAMOUNT#:7484651
1548577444.000009 ccnd[4319]: #CANUSE#:10000000 #FACE#:18 #SENDAMOUNT#:8733635
1548577445.000008 ccnd[4319]: #CANUSE#:10000000 #FACE#:18 #SENDAMOUNT#:9982619
1548577446.000007 ccnd[4319]: #CANUSE#:10000000 #FACE#:18 #SENDAMOUNT#:11231603
1548577447.000008 ccnd[4319]: #CANUSE#:10000000 #FACE#:18 #SENDAMOUNT#:12206554
1548577447.128972 ccnd[4319]: shutdown client fd=10 id=18
1548577447.128990 ccnd[4319]: releasing face id 18 (slot 18)
1548577447.129037 ccnd[4319]: shutdown client fd=9 id=17
1548577447.129045 ccnd[4319]: releasing face id 17 (slot 17)
1548577451.616315 ccnd[4319]: accepted client fd=9 id=19
1548577451.742905 ccnd[4319]: accepted client fd=10 id=20
1548577452.000009 ccnd[4319]: #CANUSE#:10000000 #FACE#:20 #SENDAMOUNT#:9460
1548577453.000007 ccnd[4319]: #CANUSE#:10000000 #FACE#:20 #SENDAMOUNT#:724157
1548577454.000008 ccnd[4319]: #CANUSE#:9999998 #FACE#:20 #SENDAMOUNT#:1850029
1548577455.000017 ccnd[4319]: #CANUSE#:10000000 #FACE#:20 #SENDAMOUNT#:2474521
1548577456.000007 ccnd[4319]: #CANUSE#:10000000 #FACE#:20 #SENDAMOUNT#:3723505
1548577457.000006 ccnd[4319]: #CANUSE#:10000000 #FACE#:20 #SENDAMOUNT#:4972489
1548577458.000008 ccnd[4319]: #CANUSE#:10000000 #FACE#:20 #SENDAMOUNT#:6221473
1548577459.000008 ccnd[4319]: #CANUSE#:10000000 #FACE#:20 #SENDAMOUNT#:7470457
1548577460.000008 ccnd[4319]: #CANUSE#:10000000 #FACE#:20 #SENDAMOUNT#:8719441
1548577461.000008 ccnd[4319]: #CANUSE#:10000000 #FACE#:20 #SENDAMOUNT#:9651448
1548577462.000010 ccnd[4319]: #CANUSE#:10000000 #FACE#:20 #SENDAMOUNT#:9968425
1548577463.000008 ccnd[4319]: #CANUSE#:10000000 #FACE#:20 #SENDAMOUNT#:11217409
1548577464.000011 ccnd[4319]: #CANUSE#:10000000 #FACE#:20 #SENDAMOUNT#:12206553
1548577464.100987 ccnd[4319]: shutdown client fd=10 id=20
1548577464.101006 ccnd[4319]: releasing face id 20 (slot 20)
1548577464.101036 ccnd[4319]: shutdown client fd=9 id=19
1548577464.101047 ccnd[4319]: releasing face id 19 (slot 19)
1548577468.663651 ccnd[4319]: accepted client fd=9 id=21
1548577468.869978 ccnd[4319]: accepted client fd=10 id=22
1548577469.000011 ccnd[4319]: #CANUSE#:10000000 #FACE#:22 #SENDAMOUNT#:9460
1548577471.000007 ccnd[4319]: #CANUSE#:10000000 #FACE#:22 #SENDAMOUNT#:1173507
1548577472.000009 ccnd[4319]: #CANUSE#:10000000 #FACE#:22 #SENDAMOUNT#:1831106
1548577473.000010 ccnd[4319]: #CANUSE#:10000000 #FACE#:22 #SENDAMOUNT#:2455598
1548577474.000010 ccnd[4319]: #CANUSE#:10000000 #FACE#:22 #SENDAMOUNT#:3269330
1548577475.000008 ccnd[4319]: #CANUSE#:10000000 #FACE#:22 #SENDAMOUNT#:4518314
1548577476.000010 ccnd[4319]: #CANUSE#:10000000 #FACE#:22 #SENDAMOUNT#:5767298
1548577477.000009 ccnd[4319]: #CANUSE#:10000000 #FACE#:22 #SENDAMOUNT#:7016282
1548577478.000011 ccnd[4319]: #CANUSE#:10000000 #FACE#:22 #SENDAMOUNT#:8265266
1548577479.000008 ccnd[4319]: #CANUSE#:10000000 #FACE#:22 #SENDAMOUNT#:9514250
1548577480.000010 ccnd[4319]: #CANUSE#:10000000 #FACE#:22 #SENDAMOUNT#:10763234
1548577481.000006 ccnd[4319]: #CANUSE#:10000000 #FACE#:22 #SENDAMOUNT#:12012218
1548577482.000008 ccnd[4319]: #CANUSE#:10000000 #FACE#:22 #SENDAMOUNT#:12216016
1548577483.505692 ccnd[4319]: shutdown client fd=10 id=22
1548577483.505713 ccnd[4319]: releasing face id 22 (slot 22)
1548577483.505758 ccnd[4319]: shutdown client fd=9 id=21
1548577483.505766 ccnd[4319]: releasing face id 21 (slot 21)
1548577488.095322 ccnd[4319]: accepted client fd=9 id=23
1548577488.324119 ccnd[4319]: accepted client fd=10 id=24
1548577489.000010 ccnd[4319]: #CANUSE#:10000000 #FACE#:24 #SENDAMOUNT#:634287
1548577490.002761 ccnd[4319]: #CANUSE#:9999998 #FACE#:24 #SENDAMOUNT#:1589825
1548577491.000009 ccnd[4319]: #CANUSE#:10000000 #FACE#:24 #SENDAMOUNT#:2214317
1548577492.000010 ccnd[4319]: #CANUSE#:10000000 #FACE#:24 #SENDAMOUNT#:3463301
1548577493.000012 ccnd[4319]: #CANUSE#:10000000 #FACE#:24 #SENDAMOUNT#:4712285
1548577494.000010 ccnd[4319]: #CANUSE#:10000000 #FACE#:24 #SENDAMOUNT#:5961269
1548577495.000011 ccnd[4319]: #CANUSE#:10000000 #FACE#:24 #SENDAMOUNT#:7210253
1548577496.000009 ccnd[4319]: #CANUSE#:10000000 #FACE#:24 #SENDAMOUNT#:8459237
1548577497.000010 ccnd[4319]: #CANUSE#:10000000 #FACE#:24 #SENDAMOUNT#:9708221
1548577498.000097 ccnd[4319]: #CANUSE#:10000000 #FACE#:24 #SENDAMOUNT#:10673345
1548577499.000007 ccnd[4319]: #CANUSE#:10000000 #FACE#:24 #SENDAMOUNT#:11922329
1548577499.374067 ccnd[4319]: shutdown client fd=10 id=24
1548577499.374085 ccnd[4319]: releasing face id 24 (slot 24)
1548577499.374122 ccnd[4319]: shutdown client fd=9 id=23
1548577499.374128 ccnd[4319]: releasing face id 23 (slot 23)
1548577503.899841 ccnd[4319]: accepted client fd=9 id=25
1548577504.060470 ccnd[4319]: accepted client fd=10 id=26
1548577505.000008 ccnd[4319]: #CANUSE#:10000000 #FACE#:26 #SENDAMOUNT#:634287
1548577506.000010 ccnd[4319]: #CANUSE#:10000000 #FACE#:26 #SENDAMOUNT#:832947
1548577507.000010 ccnd[4319]: #CANUSE#:9999998 #FACE#:26 #SENDAMOUNT#:2058193
1548577508.000008 ccnd[4319]: #CANUSE#:10000000 #FACE#:26 #SENDAMOUNT#:2682685
1548577509.000010 ccnd[4319]: #CANUSE#:10000000 #FACE#:26 #SENDAMOUNT#:3931669
1548577510.000010 ccnd[4319]: #CANUSE#:10000000 #FACE#:26 #SENDAMOUNT#:5180653
1548577511.000008 ccnd[4319]: #CANUSE#:10000000 #FACE#:26 #SENDAMOUNT#:6098467
1548577512.000007 ccnd[4319]: #CANUSE#:10000000 #FACE#:26 #SENDAMOUNT#:7347451
1548577513.000008 ccnd[4319]: #CANUSE#:10000000 #FACE#:26 #SENDAMOUNT#:8596435
1548577514.000008 ccnd[4319]: #CANUSE#:10000000 #FACE#:26 #SENDAMOUNT#:9845419
1548577515.000009 ccnd[4319]: #CANUSE#:10000000 #FACE#:26 #SENDAMOUNT#:11094403
1548577516.000006 ccnd[4319]: #CANUSE#:10000000 #FACE#:26 #SENDAMOUNT#:12206553
1548577516.151301 ccnd[4319]: shutdown client fd=10 id=26
1548577516.151320 ccnd[4319]: releasing face id 26 (slot 26)
1548577516.151363 ccnd[4319]: shutdown client fd=9 id=25
1548577516.151370 ccnd[4319]: releasing face id 25 (slot 25)
1548577520.748715 ccnd[4319]: accepted client fd=9 id=27
1548577520.907061 ccnd[4319]: accepted client fd=10 id=28
1548577521.000007 ccnd[4319]: #CANUSE#:10000000 #FACE#:28 #SENDAMOUNT#:9460
1548577522.000006 ccnd[4319]: #CANUSE#:10000000 #FACE#:28 #SENDAMOUNT#:686317
1548577523.000008 ccnd[4319]: #CANUSE#:10000000 #FACE#:28 #SENDAMOUNT#:866057
1548577524.000008 ccnd[4319]: #CANUSE#:10000000 #FACE#:28 #SENDAMOUNT#:1760140
1548577525.000008 ccnd[4319]: #CANUSE#:10000000 #FACE#:28 #SENDAMOUNT#:2384632
1548577526.000008 ccnd[4319]: #CANUSE#:10000000 #FACE#:28 #SENDAMOUNT#:3633616
1548577527.000008 ccnd[4319]: #CANUSE#:10000000 #FACE#:28 #SENDAMOUNT#:4882600
1548577528.000007 ccnd[4319]: #CANUSE#:10000000 #FACE#:28 #SENDAMOUNT#:6131584
1548577529.000007 ccnd[4319]: #CANUSE#:10000000 #FACE#:28 #SENDAMOUNT#:7380568
1548577530.000007 ccnd[4319]: #CANUSE#:10000000 #FACE#:28 #SENDAMOUNT#:8629552
1548577531.000008 ccnd[4319]: #CANUSE#:10000000 #FACE#:28 #SENDAMOUNT#:9878536
1548577532.000007 ccnd[4319]: #CANUSE#:10000000 #FACE#:28 #SENDAMOUNT#:11127520
1548577533.000007 ccnd[4319]: #CANUSE#:10000000 #FACE#:28 #SENDAMOUNT#:11785129
1548577533.731495 ccnd[4319]: shutdown client fd=10 id=28
1548577533.731516 ccnd[4319]: releasing face id 28 (slot 28)
1548577533.731562 ccnd[4319]: shutdown client fd=9 id=27
1548577533.731569 ccnd[4319]: releasing face id 27 (slot 27)
1548577538.452049 ccnd[4319]: accepted client fd=9 id=29
1548577538.672461 ccnd[4319]: accepted client fd=10 id=30
1548577539.000011 ccnd[4319]: #CANUSE#:10000000 #FACE#:30 #SENDAMOUNT#:9460
1548577540.000009 ccnd[4319]: #CANUSE#:10000000 #FACE#:30 #SENDAMOUNT#:1007957
1548577541.000008 ccnd[4319]: #CANUSE#:9999998 #FACE#:30 #SENDAMOUNT#:1850029
1548577542.000009 ccnd[4319]: #CANUSE#:10000000 #FACE#:30 #SENDAMOUNT#:2474521
1548577543.000009 ccnd[4319]: #CANUSE#:10000000 #FACE#:30 #SENDAMOUNT#:3723505
1548577544.000008 ccnd[4319]: #CANUSE#:10000000 #FACE#:30 #SENDAMOUNT#:4972489
1548577545.000008 ccnd[4319]: #CANUSE#:10000000 #FACE#:30 #SENDAMOUNT#:6060619
1548577546.000009 ccnd[4319]: #CANUSE#:10000000 #FACE#:30 #SENDAMOUNT#:7309603
1548577547.000009 ccnd[4319]: #CANUSE#:10000000 #FACE#:30 #SENDAMOUNT#:8558587
1548577548.000008 ccnd[4319]: #CANUSE#:10000000 #FACE#:30 #SENDAMOUNT#:9807571
1548577549.000009 ccnd[4319]: #CANUSE#:10000000 #FACE#:30 #SENDAMOUNT#:11056555
1548577550.000007 ccnd[4319]: #CANUSE#:10000000 #FACE#:30 #SENDAMOUNT#:12239670
1548577550.105483 ccnd[4319]: shutdown client fd=10 id=30
1548577550.105500 ccnd[4319]: releasing face id 30 (slot 30)
1548577550.105521 ccnd[4319]: shutdown client fd=9 id=29
1548577550.105526 ccnd[4319]: releasing face id 29 (slot 29)
1548577554.816051 ccnd[4319]: accepted client fd=9 id=31
1548577555.073246 ccnd[4319]: accepted client fd=10 id=32
1548577556.000007 ccnd[4319]: #CANUSE#:10000000 #FACE#:32 #SENDAMOUNT#:875517
1548577557.000034 ccnd[4319]: #CANUSE#:10000000 #FACE#:32 #SENDAMOUNT#:1850031
1548577558.000009 ccnd[4319]: #CANUSE#:10000000 #FACE#:32 #SENDAMOUNT#:2474523
1548577559.000034 ccnd[4319]: #CANUSE#:10000000 #FACE#:32 #SENDAMOUNT#:3548460
1548577560.002844 ccnd[4319]: #CANUSE#:10000000 #FACE#:32 #SENDAMOUNT#:4740672
1548577561.000009 ccnd[4319]: #CANUSE#:10000000 #FACE#:32 #SENDAMOUNT#:5989656
1548577562.000007 ccnd[4319]: #CANUSE#:10000000 #FACE#:32 #SENDAMOUNT#:7238640
1548577563.000009 ccnd[4319]: #CANUSE#:10000000 #FACE#:32 #SENDAMOUNT#:7971945
1548577564.000012 ccnd[4319]: #CANUSE#:10000000 #FACE#:32 #SENDAMOUNT#:8094951
1548577565.000008 ccnd[4319]: #CANUSE#:10000000 #FACE#:32 #SENDAMOUNT#:9343935
1548577566.000010 ccnd[4319]: #CANUSE#:10000000 #FACE#:32 #SENDAMOUNT#:10592919
1548577567.000010 ccnd[4319]: #CANUSE#:10000000 #FACE#:32 #SENDAMOUNT#:11841903
1548577567.377035 ccnd[4319]: shutdown client fd=10 id=32
1548577567.377056 ccnd[4319]: releasing face id 32 (slot 32)
1548577567.377100 ccnd[4319]: shutdown client fd=9 id=31
1548577567.377109 ccnd[4319]: releasing face id 31 (slot 31)
1548577571.957950 ccnd[4319]: accepted client fd=9 id=33
1548577572.178518 ccnd[4319]: accepted client fd=10 id=34
1548577573.000008 ccnd[4319]: #CANUSE#:10000000 #FACE#:34 #SENDAMOUNT#:549147
1548577574.000006 ccnd[4319]: #CANUSE#:9999998 #FACE#:34 #SENDAMOUNT#:1220817
1548577575.000006 ccnd[4319]: #CANUSE#:10000000 #FACE#:34 #SENDAMOUNT#:1892609
1548577576.000008 ccnd[4319]: #CANUSE#:10000000 #FACE#:34 #SENDAMOUNT#:3141593
1548577577.000007 ccnd[4319]: #CANUSE#:10000000 #FACE#:34 #SENDAMOUNT#:4390577
1548577578.000011 ccnd[4319]: #CANUSE#:10000000 #FACE#:34 #SENDAMOUNT#:5639561
1548577579.000010 ccnd[4319]: #CANUSE#:10000000 #FACE#:34 #SENDAMOUNT#:6888545
1548577580.000008 ccnd[4319]: #CANUSE#:10000000 #FACE#:34 #SENDAMOUNT#:8137529
1548577581.000010 ccnd[4319]: #CANUSE#:10000000 #FACE#:34 #SENDAMOUNT#:9386513
1548577582.000010 ccnd[4319]: #CANUSE#:10000000 #FACE#:34 #SENDAMOUNT#:10635497
1548577583.000008 ccnd[4319]: #CANUSE#:10000000 #FACE#:34 #SENDAMOUNT#:11884481
1548577583.549051 ccnd[4319]: shutdown client fd=10 id=34
1548577583.549072 ccnd[4319]: releasing face id 34 (slot 34)
1548577583.549109 ccnd[4319]: shutdown client fd=9 id=33
1548577583.549116 ccnd[4319]: releasing face id 33 (slot 33)
1548577588.189915 ccnd[4319]: accepted client fd=9 id=35
1548577588.386499 ccnd[4319]: accepted client fd=10 id=36
1548577589.000012 ccnd[4319]: #CANUSE#:9999999 #FACE#:36 #SENDAMOUNT#:591717
1548577591.000007 ccnd[4319]: #CANUSE#:10000000 #FACE#:36 #SENDAMOUNT#:1007957
1548577592.000008 ccnd[4319]: #CANUSE#:10000000 #FACE#:36 #SENDAMOUNT#:2299472
1548577593.000009 ccnd[4319]: #CANUSE#:10000000 #FACE#:36 #SENDAMOUNT#:3548456
1548577594.000011 ccnd[4319]: #CANUSE#:10000000 #FACE#:36 #SENDAMOUNT#:4797440
1548577595.000008 ccnd[4319]: #CANUSE#:10000000 #FACE#:36 #SENDAMOUNT#:6046424
1548577596.000009 ccnd[4319]: #CANUSE#:10000000 #FACE#:36 #SENDAMOUNT#:7295408
1548577597.000007 ccnd[4319]: #CANUSE#:10000000 #FACE#:36 #SENDAMOUNT#:8544392
1548577598.000010 ccnd[4319]: #CANUSE#:10000000 #FACE#:36 #SENDAMOUNT#:9793376
1548577599.000010 ccnd[4319]: #CANUSE#:10000000 #FACE#:36 #SENDAMOUNT#:11042360
1548577600.000010 ccnd[4319]: #CANUSE#:10000000 #FACE#:36 #SENDAMOUNT#:12239668
1548577600.023315 ccnd[4319]: shutdown client fd=9 id=35
1548577600.023415 ccnd[4319]: releasing face id 35 (slot 35)
1548577600.023441 ccnd[4319]: shutdown client fd=10 id=36
1548577600.023451 ccnd[4319]: releasing face id 36 (slot 36)
1548577604.651524 ccnd[4319]: accepted client fd=9 id=37
1548577604.872357 ccnd[4319]: accepted client fd=10 id=38
1548577605.000009 ccnd[4319]: #CANUSE#:10000000 #FACE#:38 #SENDAMOUNT#:9460
1548577606.000006 ccnd[4319]: #CANUSE#:10000000 #FACE#:38 #SENDAMOUNT#:634287
1548577607.000008 ccnd[4319]: #CANUSE#:10000000 #FACE#:38 #SENDAMOUNT#:1845299
1548577608.000010 ccnd[4319]: #CANUSE#:10000000 #FACE#:38 #SENDAMOUNT#:3094283
1548577609.000010 ccnd[4319]: #CANUSE#:10000000 #FACE#:38 #SENDAMOUNT#:4163489
1548577610.000009 ccnd[4319]: #CANUSE#:10000000 #FACE#:38 #SENDAMOUNT#:5412473
1548577611.000010 ccnd[4319]: #CANUSE#:10000000 #FACE#:38 #SENDAMOUNT#:6661457
1548577612.000010 ccnd[4319]: #CANUSE#:10000000 #FACE#:38 #SENDAMOUNT#:7910441
1548577613.000006 ccnd[4319]: #CANUSE#:10000000 #FACE#:38 #SENDAMOUNT#:9159425
1548577614.000011 ccnd[4319]: #CANUSE#:10000000 #FACE#:38 #SENDAMOUNT#:10408409
1548577615.000012 ccnd[4319]: #CANUSE#:10000000 #FACE#:38 #SENDAMOUNT#:11657393
1548577616.000007 ccnd[4319]: #CANUSE#:10000000 #FACE#:38 #SENDAMOUNT#:12182899
1548577616.099028 ccnd[4319]: shutdown client fd=10 id=38
1548577616.099046 ccnd[4319]: releasing face id 38 (slot 38)
1548577616.099070 ccnd[4319]: shutdown client fd=9 id=37
1548577616.099077 ccnd[4319]: releasing face id 37 (slot 37)
1548577620.757362 ccnd[4319]: accepted client fd=9 id=39
1548577620.990650 ccnd[4319]: accepted client fd=10 id=40
1548577622.000008 ccnd[4319]: #CANUSE#:10000000 #FACE#:40 #SENDAMOUNT#:681587
1548577623.000010 ccnd[4319]: #CANUSE#:10000000 #FACE#:40 #SENDAMOUNT#:2337322
1548577624.000008 ccnd[4319]: #CANUSE#:10000000 #FACE#:40 #SENDAMOUNT#:2465059
1548577625.000008 ccnd[4319]: #CANUSE#:10000000 #FACE#:40 #SENDAMOUNT#:3714043
1548577626.000011 ccnd[4319]: #CANUSE#:10000000 #FACE#:40 #SENDAMOUNT#:4830559
1548577627.000074 ccnd[4319]: #CANUSE#:10000000 #FACE#:40 #SENDAMOUNT#:6079543
1548577628.000009 ccnd[4319]: #CANUSE#:10000000 #FACE#:40 #SENDAMOUNT#:7328527
1548577629.000008 ccnd[4319]: #CANUSE#:10000000 #FACE#:40 #SENDAMOUNT#:8577511
1548577630.000009 ccnd[4319]: #CANUSE#:10000000 #FACE#:40 #SENDAMOUNT#:9826495
1548577631.000008 ccnd[4319]: #CANUSE#:10000000 #FACE#:40 #SENDAMOUNT#:11075479
1548577632.000007 ccnd[4319]: #CANUSE#:10000000 #FACE#:40 #SENDAMOUNT#:11666854
1548577632.620852 ccnd[4319]: shutdown client fd=9 id=39
1548577632.620871 ccnd[4319]: releasing face id 39 (slot 39)
1548577632.620892 ccnd[4319]: shutdown client fd=10 id=40
1548577632.620914 ccnd[4319]: releasing face id 40 (slot 40)
1548577637.075561 ccnd[4319]: accepted client fd=9 id=41
1548577637.221724 ccnd[4319]: accepted client fd=10 id=42
1548577638.000010 ccnd[4319]: #CANUSE#:10000000 #FACE#:42 #SENDAMOUNT#:430897
1548577639.000010 ccnd[4319]: #CANUSE#:10000000 #FACE#:42 #SENDAMOUNT#:1055257
1548577641.000010 ccnd[4319]: #CANUSE#:10000000 #FACE#:42 #SENDAMOUNT#:2469790
1548577642.000010 ccnd[4319]: #CANUSE#:10000000 #FACE#:42 #SENDAMOUNT#:3718774
1548577643.000009 ccnd[4319]: #CANUSE#:10000000 #FACE#:42 #SENDAMOUNT#:4967758
1548577644.000008 ccnd[4319]: #CANUSE#:10000000 #FACE#:42 #SENDAMOUNT#:6216742
1548577645.000007 ccnd[4319]: #CANUSE#:10000000 #FACE#:42 #SENDAMOUNT#:7465726
1548577646.000009 ccnd[4319]: #CANUSE#:10000000 #FACE#:42 #SENDAMOUNT#:8714710
1548577647.000006 ccnd[4319]: #CANUSE#:10000000 #FACE#:42 #SENDAMOUNT#:9963694
1548577648.000010 ccnd[4319]: #CANUSE#:10000000 #FACE#:42 #SENDAMOUNT#:11212678
1548577649.000008 ccnd[4319]: #CANUSE#:10000000 #FACE#:42 #SENDAMOUNT#:12234939
1548577649.111609 ccnd[4319]: shutdown client fd=10 id=42
1548577649.111631 ccnd[4319]: releasing face id 42 (slot 42)
1548577649.111676 ccnd[4319]: shutdown client fd=9 id=41
1548577649.111685 ccnd[4319]: releasing face id 41 (slot 41)
1548577653.747014 ccnd[4319]: accepted client fd=9 id=43
1548577653.965625 ccnd[4319]: accepted client fd=10 id=44
1548577654.000009 ccnd[4319]: #CANUSE#:10000000 #FACE#:44 #SENDAMOUNT#:9460
1548577655.000009 ccnd[4319]: #CANUSE#:10000000 #FACE#:44 #SENDAMOUNT#:634287
1548577656.000006 ccnd[4319]: #CANUSE#:10000000 #FACE#:44 #SENDAMOUNT#:1850029
1548577657.000007 ccnd[4319]: #CANUSE#:10000000 #FACE#:44 #SENDAMOUNT#:3099013
1548577658.000013 ccnd[4319]: #CANUSE#:10000000 #FACE#:44 #SENDAMOUNT#:4347997
1548577659.000010 ccnd[4319]: #CANUSE#:10000000 #FACE#:44 #SENDAMOUNT#:5596981
1548577660.000010 ccnd[4319]: #CANUSE#:10000000 #FACE#:44 #SENDAMOUNT#:6845965
1548577661.000007 ccnd[4319]: #CANUSE#:10000000 #FACE#:44 #SENDAMOUNT#:8094949
1548577662.000008 ccnd[4319]: #CANUSE#:10000000 #FACE#:44 #SENDAMOUNT#:9343933
1548577663.000009 ccnd[4319]: #CANUSE#:10000000 #FACE#:44 #SENDAMOUNT#:10592917
1548577664.000009 ccnd[4319]: #CANUSE#:10000000 #FACE#:44 #SENDAMOUNT#:11841901
1548577664.939234 ccnd[4319]: shutdown client fd=10 id=44
1548577664.939255 ccnd[4319]: releasing face id 44 (slot 44)
1548577664.939300 ccnd[4319]: shutdown client fd=9 id=43
1548577664.939307 ccnd[4319]: releasing face id 43 (slot 43)
1548577669.506365 ccnd[4319]: accepted client fd=9 id=45
1548577669.696741 ccnd[4319]: accepted client fd=10 id=46
1548577670.000008 ccnd[4319]: #CANUSE#:10000000 #FACE#:46 #SENDAMOUNT#:9460
1548577671.000009 ccnd[4319]: #CANUSE#:10000000 #FACE#:46 #SENDAMOUNT#:866057
1548577672.000008 ccnd[4319]: #CANUSE#:9999998 #FACE#:46 #SENDAMOUNT#:1854759
1548577673.000006 ccnd[4319]: #CANUSE#:10000000 #FACE#:46 #SENDAMOUNT#:2479251
1548577674.000009 ccnd[4319]: #CANUSE#:10000000 #FACE#:46 #SENDAMOUNT#:3728235
1548577675.000011 ccnd[4319]: #CANUSE#:10000000 #FACE#:46 #SENDAMOUNT#:4977219
1548577676.000008 ccnd[4319]: #CANUSE#:10000000 #FACE#:46 #SENDAMOUNT#:6226203
1548577677.000010 ccnd[4319]: #CANUSE#:10000000 #FACE#:46 #SENDAMOUNT#:7475187
1548577678.000011 ccnd[4319]: #CANUSE#:10000000 #FACE#:46 #SENDAMOUNT#:8724171
1548577679.000010 ccnd[4319]: #CANUSE#:10000000 #FACE#:46 #SENDAMOUNT#:9973155
1548577680.000008 ccnd[4319]: #CANUSE#:10000000 #FACE#:46 #SENDAMOUNT#:11222139
1548577680.949855 ccnd[4319]: shutdown client fd=10 id=46
1548577680.949874 ccnd[4319]: releasing face id 46 (slot 46)
1548577680.949917 ccnd[4319]: shutdown client fd=9 id=45
1548577680.949926 ccnd[4319]: releasing face id 45 (slot 45)
1548577685.604862 ccnd[4319]: accepted client fd=9 id=47
1548577685.770187 ccnd[4319]: accepted client fd=10 id=48
1548577686.000008 ccnd[4319]: #CANUSE#:10000000 #FACE#:48 #SENDAMOUNT#:9460
1548577687.000008 ccnd[4319]: #CANUSE#:10000000 #FACE#:48 #SENDAMOUNT#:620097
1548577688.000008 ccnd[4319]: #CANUSE#:9999998 #FACE#:48 #SENDAMOUNT#:1850029
1548577689.000022 ccnd[4319]: #CANUSE#:10000000 #FACE#:48 #SENDAMOUNT#:2474521
1548577690.000008 ccnd[4319]: #CANUSE#:10000000 #FACE#:48 #SENDAMOUNT#:3723505
1548577691.000009 ccnd[4319]: #CANUSE#:10000000 #FACE#:48 #SENDAMOUNT#:4972489
1548577692.000009 ccnd[4319]: #CANUSE#:10000000 #FACE#:48 #SENDAMOUNT#:6221473
1548577693.000006 ccnd[4319]: #CANUSE#:10000000 #FACE#:48 #SENDAMOUNT#:7063591
1548577694.000006 ccnd[4319]: #CANUSE#:10000000 #FACE#:48 #SENDAMOUNT#:7082515
1548577695.000009 ccnd[4319]: #CANUSE#:10000000 #FACE#:48 #SENDAMOUNT#:8322037
1548577696.000010 ccnd[4319]: #CANUSE#:10000000 #FACE#:48 #SENDAMOUNT#:9571021
1548577697.000011 ccnd[4319]: #CANUSE#:10000000 #FACE#:48 #SENDAMOUNT#:10820005
1548577698.000008 ccnd[4319]: #CANUSE#:10000000 #FACE#:48 #SENDAMOUNT#:12068989
1548577698.916537 ccnd[4319]: shutdown client fd=10 id=48
1548577698.916556 ccnd[4319]: releasing face id 48 (slot 48)
1548577698.916583 ccnd[4319]: shutdown client fd=9 id=47
1548577698.916591 ccnd[4319]: releasing face id 47 (slot 47)
1548577703.545832 ccnd[4319]: accepted client fd=9 id=49
1548577703.692373 ccnd[4319]: accepted client fd=10 id=50
1548577704.000009 ccnd[4319]: #CANUSE#:10000000 #FACE#:50 #SENDAMOUNT#:9460
1548577705.000010 ccnd[4319]: #CANUSE#:10000000 #FACE#:50 #SENDAMOUNT#:809297
1548577706.000009 ccnd[4319]: #CANUSE#:9999998 #FACE#:50 #SENDAMOUNT#:1854759
1548577707.000009 ccnd[4319]: #CANUSE#:10000000 #FACE#:50 #SENDAMOUNT#:2479251
1548577708.000007 ccnd[4319]: #CANUSE#:10000000 #FACE#:50 #SENDAMOUNT#:3728235
1548577709.000008 ccnd[4319]: #CANUSE#:10000000 #FACE#:50 #SENDAMOUNT#:4977219
1548577710.000008 ccnd[4319]: #CANUSE#:10000000 #FACE#:50 #SENDAMOUNT#:6226203
1548577711.000009 ccnd[4319]: #CANUSE#:10000000 #FACE#:50 #SENDAMOUNT#:7475187
1548577712.000008 ccnd[4319]: #CANUSE#:10000000 #FACE#:50 #SENDAMOUNT#:8724171
1548577713.000006 ccnd[4319]: #CANUSE#:10000000 #FACE#:50 #SENDAMOUNT#:9973155
1548577714.000010 ccnd[4319]: #CANUSE#:10000000 #FACE#:50 #SENDAMOUNT#:11222139
1548577715.000008 ccnd[4319]: #CANUSE#:10000000 #FACE#:50 #SENDAMOUNT#:12225476
1548577715.234836 ccnd[4319]: shutdown client fd=10 id=50
1548577715.234856 ccnd[4319]: releasing face id 50 (slot 50)
1548577715.234901 ccnd[4319]: shutdown client fd=9 id=49
1548577715.234914 ccnd[4319]: releasing face id 49 (slot 49)
1548577719.940416 ccnd[4319]: accepted client fd=9 id=51
1548577720.118249 ccnd[4319]: accepted client fd=10 id=52
1548577721.000008 ccnd[4319]: #CANUSE#:10000000 #FACE#:52 #SENDAMOUNT#:761997
1548577722.000010 ccnd[4319]: #CANUSE#:10000000 #FACE#:52 #SENDAMOUNT#:1911533
1548577723.000010 ccnd[4319]: #CANUSE#:10000000 #FACE#:52 #SENDAMOUNT#:2536025
1548577724.000010 ccnd[4319]: #CANUSE#:10000000 #FACE#:52 #SENDAMOUNT#:3785009
1548577725.000009 ccnd[4319]: #CANUSE#:10000000 #FACE#:52 #SENDAMOUNT#:5033993
1548577726.000011 ccnd[4319]: #CANUSE#:10000000 #FACE#:52 #SENDAMOUNT#:6282977
1548577727.000012 ccnd[4319]: #CANUSE#:10000000 #FACE#:52 #SENDAMOUNT#:7531961
1548577728.000010 ccnd[4319]: #CANUSE#:10000000 #FACE#:52 #SENDAMOUNT#:8780945
1548577729.000010 ccnd[4319]: #CANUSE#:10000000 #FACE#:52 #SENDAMOUNT#:10029929
1548577730.000013 ccnd[4319]: #CANUSE#:10000000 #FACE#:52 #SENDAMOUNT#:11278913
1548577731.000008 ccnd[4319]: #CANUSE#:10000000 #FACE#:52 #SENDAMOUNT#:12145051
1548577731.193251 ccnd[4319]: shutdown client fd=10 id=52
1548577731.193271 ccnd[4319]: releasing face id 52 (slot 52)
1548577731.193318 ccnd[4319]: shutdown client fd=9 id=51
1548577731.193326 ccnd[4319]: releasing face id 51 (slot 51)
1548577735.852835 ccnd[4319]: accepted client fd=9 id=53
1548577736.004068 ccnd[4319]: accepted client fd=10 id=54
1548577736.007719 ccnd[4319]: #CANUSE#:10000000 #FACE#:54 #SENDAMOUNT#:4731
1548577737.000010 ccnd[4319]: #CANUSE#:10000000 #FACE#:54 #SENDAMOUNT#:634287
1548577738.000012 ccnd[4319]: #CANUSE#:10000000 #FACE#:54 #SENDAMOUNT#:1868954
1548577739.000009 ccnd[4319]: #CANUSE#:10000000 #FACE#:54 #SENDAMOUNT#:2493446
1548577740.000010 ccnd[4319]: #CANUSE#:10000000 #FACE#:54 #SENDAMOUNT#:3742430
1548577741.000007 ccnd[4319]: #CANUSE#:10000000 #FACE#:54 #SENDAMOUNT#:4991414
1548577742.000008 ccnd[4319]: #CANUSE#:10000000 #FACE#:54 #SENDAMOUNT#:6240398
1548577743.000007 ccnd[4319]: #CANUSE#:10000000 #FACE#:54 #SENDAMOUNT#:7489382
1548577744.000011 ccnd[4319]: #CANUSE#:10000000 #FACE#:54 #SENDAMOUNT#:8615360
1548577745.000010 ccnd[4319]: #CANUSE#:10000000 #FACE#:54 #SENDAMOUNT#:9864344
1548577746.000007 ccnd[4319]: #CANUSE#:10000000 #FACE#:54 #SENDAMOUNT#:10408409
1548577747.000007 ccnd[4319]: #CANUSE#:10000000 #FACE#:54 #SENDAMOUNT#:11657393
1548577747.407432 ccnd[4319]: shutdown client fd=10 id=54
1548577747.407454 ccnd[4319]: releasing face id 54 (slot 54)
1548577747.407499 ccnd[4319]: shutdown client fd=9 id=53
1548577747.407508 ccnd[4319]: releasing face id 53 (slot 53)
1548577752.004298 ccnd[4319]: accepted client fd=9 id=55
1548577752.128829 ccnd[4319]: accepted client fd=10 id=56
1548577753.000009 ccnd[4319]: #CANUSE#:10000000 #FACE#:56 #SENDAMOUNT#:634287
1548577754.000008 ccnd[4319]: #CANUSE#:9999998 #FACE#:56 #SENDAMOUNT#:2062924
1548577755.000007 ccnd[4319]: #CANUSE#:10000000 #FACE#:56 #SENDAMOUNT#:2474521
1548577756.000014 ccnd[4319]: #CANUSE#:10000000 #FACE#:56 #SENDAMOUNT#:3723505
1548577757.000012 ccnd[4319]: #CANUSE#:10000000 #FACE#:56 #SENDAMOUNT#:4972489
1548577758.000009 ccnd[4319]: #CANUSE#:10000000 #FACE#:56 #SENDAMOUNT#:6221473
1548577759.000009 ccnd[4319]: #CANUSE#:10000000 #FACE#:56 #SENDAMOUNT#:7470457
1548577760.000009 ccnd[4319]: #CANUSE#:10000000 #FACE#:56 #SENDAMOUNT#:8719441
1548577761.000012 ccnd[4319]: #CANUSE#:10000000 #FACE#:56 #SENDAMOUNT#:9968425
1548577762.000009 ccnd[4319]: #CANUSE#:10000000 #FACE#:56 #SENDAMOUNT#:11217409
1548577763.000011 ccnd[4319]: #CANUSE#:10000000 #FACE#:56 #SENDAMOUNT#:12178167
1548577763.136316 ccnd[4319]: shutdown client fd=10 id=56
1548577763.136334 ccnd[4319]: releasing face id 56 (slot 56)
1548577763.136359 ccnd[4319]: shutdown client fd=9 id=55
1548577763.136366 ccnd[4319]: releasing face id 55 (slot 55)
1548577767.643220 ccnd[4319]: accepted client fd=9 id=57
1548577767.823520 ccnd[4319]: accepted client fd=10 id=58
1548577768.000009 ccnd[4319]: #CANUSE#:10000000 #FACE#:58 #SENDAMOUNT#:9460
1548577770.000008 ccnd[4319]: #CANUSE#:10000000 #FACE#:58 #SENDAMOUNT#:1556707
1548577771.000008 ccnd[4319]: #CANUSE#:10000000 #FACE#:58 #SENDAMOUNT#:2181199
1548577772.000165 ccnd[4319]: #CANUSE#:10000000 #FACE#:58 #SENDAMOUNT#:3259867
1548577773.000010 ccnd[4319]: #CANUSE#:10000000 #FACE#:58 #SENDAMOUNT#:4508851
1548577774.000012 ccnd[4319]: #CANUSE#:10000000 #FACE#:58 #SENDAMOUNT#:5757835
1548577775.000013 ccnd[4319]: #CANUSE#:10000000 #FACE#:58 #SENDAMOUNT#:7006819
1548577776.000011 ccnd[4319]: #CANUSE#:10000000 #FACE#:58 #SENDAMOUNT#:8255803
1548577777.000012 ccnd[4319]: #CANUSE#:10000000 #FACE#:58 #SENDAMOUNT#:9504787
1548577778.000008 ccnd[4319]: #CANUSE#:10000000 #FACE#:58 #SENDAMOUNT#:10753771
1548577779.000012 ccnd[4319]: #CANUSE#:10000000 #FACE#:58 #SENDAMOUNT#:12002755
1548577779.350874 ccnd[4319]: shutdown client fd=10 id=58
1548577779.350896 ccnd[4319]: releasing face id 58 (slot 58)
1548577779.350921 ccnd[4319]: shutdown client fd=9 id=57
1548577779.350928 ccnd[4319]: releasing face id 57 (slot 57)
1548577783.971656 ccnd[4319]: accepted client fd=9 id=59
1548577784.192533 ccnd[4319]: accepted client fd=10 id=60
1548577785.000008 ccnd[4319]: #CANUSE#:10000000 #FACE#:60 #SENDAMOUNT#:445087
1548577786.000009 ccnd[4319]: #CANUSE#:10000000 #FACE#:60 #SENDAMOUNT#:1069447
1548577787.000011 ccnd[4319]: #CANUSE#:10000000 #FACE#:60 #SENDAMOUNT#:2119696
1548577788.000010 ccnd[4319]: #CANUSE#:10000000 #FACE#:60 #SENDAMOUNT#:3368680
1548577789.000014 ccnd[4319]: #CANUSE#:10000000 #FACE#:60 #SENDAMOUNT#:4617664
1548577790.000011 ccnd[4319]: #CANUSE#:10000000 #FACE#:60 #SENDAMOUNT#:5048185
1548577791.000010 ccnd[4319]: #CANUSE#:10000000 #FACE#:60 #SENDAMOUNT#:6297169
1548577792.000009 ccnd[4319]: #CANUSE#:10000000 #FACE#:60 #SENDAMOUNT#:7546153
1548577793.000010 ccnd[4319]: #CANUSE#:10000000 #FACE#:60 #SENDAMOUNT#:8795137
1548577794.000008 ccnd[4319]: #CANUSE#:10000000 #FACE#:60 #SENDAMOUNT#:10044121
1548577795.000010 ccnd[4319]: #CANUSE#:10000000 #FACE#:60 #SENDAMOUNT#:11293105
1548577796.000009 ccnd[4319]: #CANUSE#:10000000 #FACE#:60 #SENDAMOUNT#:12182898
1548577796.157936 ccnd[4319]: shutdown client fd=10 id=60
1548577796.157954 ccnd[4319]: releasing face id 60 (slot 60)
1548577796.157978 ccnd[4319]: shutdown client fd=9 id=59
1548577796.157985 ccnd[4319]: releasing face id 59 (slot 59)
1548577800.787439 ccnd[4319]: accepted client fd=9 id=61
1548577801.025806 ccnd[4319]: accepted client fd=10 id=62
1548577802.000010 ccnd[4319]: #CANUSE#:10000000 #FACE#:62 #SENDAMOUNT#:634287
1548577803.000008 ccnd[4319]: #CANUSE#:9999998 #FACE#:62 #SENDAMOUNT#:2067656
1548577804.000009 ccnd[4319]: #CANUSE#:10000000 #FACE#:62 #SENDAMOUNT#:2162276
1548577805.000008 ccnd[4319]: #CANUSE#:10000000 #FACE#:62 #SENDAMOUNT#:2256896
1548577806.000010 ccnd[4319]: #CANUSE#:10000000 #FACE#:62 #SENDAMOUNT#:2815154
1548577807.000009 ccnd[4319]: #CANUSE#:10000000 #FACE#:62 #SENDAMOUNT#:4064138
1548577808.000009 ccnd[4319]: #CANUSE#:10000000 #FACE#:62 #SENDAMOUNT#:5313122
1548577809.000006 ccnd[4319]: #CANUSE#:10000000 #FACE#:62 #SENDAMOUNT#:5663216
1548577811.000008 ccnd[4319]: #CANUSE#:10000000 #FACE#:62 #SENDAMOUNT#:6912200
1548577812.000008 ccnd[4319]: #CANUSE#:10000000 #FACE#:62 #SENDAMOUNT#:8161184
1548577813.000012 ccnd[4319]: #CANUSE#:10000000 #FACE#:62 #SENDAMOUNT#:9410168
1548577814.000010 ccnd[4319]: #CANUSE#:10000000 #FACE#:62 #SENDAMOUNT#:10659152
1548577815.000009 ccnd[4319]: #CANUSE#:10000000 #FACE#:62 #SENDAMOUNT#:11908136
1548577815.361908 ccnd[4319]: shutdown client fd=10 id=62
1548577815.361927 ccnd[4319]: releasing face id 62 (slot 62)
1548577815.361953 ccnd[4319]: shutdown client fd=9 id=61
1548577815.361961 ccnd[4319]: releasing face id 61 (slot 61)
1548577819.968683 ccnd[4319]: accepted client fd=9 id=63
1548577820.177810 ccnd[4319]: accepted client fd=10 id=64
1548577821.000011 ccnd[4319]: #CANUSE#:10000000 #FACE#:64 #SENDAMOUNT#:520767
1548577822.000011 ccnd[4319]: #CANUSE#:9999998 #FACE#:64 #SENDAMOUNT#:1164051
1548577823.000009 ccnd[4319]: #CANUSE#:10000000 #FACE#:64 #SENDAMOUNT#:1868953
1548577824.000009 ccnd[4319]: #CANUSE#:10000000 #FACE#:64 #SENDAMOUNT#:3117937
1548577825.000011 ccnd[4319]: #CANUSE#:10000000 #FACE#:64 #SENDAMOUNT#:4366921
1548577826.000009 ccnd[4319]: #CANUSE#:10000000 #FACE#:64 #SENDAMOUNT#:5615905
1548577827.000007 ccnd[4319]: #CANUSE#:10000000 #FACE#:64 #SENDAMOUNT#:6864889
1548577828.000008 ccnd[4319]: #CANUSE#:10000000 #FACE#:64 #SENDAMOUNT#:8113873
1548577829.000010 ccnd[4319]: #CANUSE#:10000000 #FACE#:64 #SENDAMOUNT#:9362857
1548577830.000009 ccnd[4319]: #CANUSE#:10000000 #FACE#:64 #SENDAMOUNT#:10611841
1548577831.000008 ccnd[4319]: #CANUSE#:10000000 #FACE#:64 #SENDAMOUNT#:11860825
1548577831.383409 ccnd[4319]: shutdown client fd=10 id=64
1548577831.383428 ccnd[4319]: releasing face id 64 (slot 64)
1548577831.383473 ccnd[4319]: shutdown client fd=9 id=63
1548577831.383482 ccnd[4319]: releasing face id 63 (slot 63)
1548577836.102254 ccnd[4319]: accepted client fd=9 id=65
1548577836.376913 ccnd[4319]: accepted client fd=10 id=66
1548577837.000010 ccnd[4319]: #CANUSE#:10000000 #FACE#:66 #SENDAMOUNT#:534957
1548577838.000007 ccnd[4319]: #CANUSE#:10000000 #FACE#:66 #SENDAMOUNT#:563337
1548577839.000013 ccnd[4319]: #CANUSE#:10000000 #FACE#:66 #SENDAMOUNT#:1745948
1548577840.000008 ccnd[4319]: #CANUSE#:10000000 #FACE#:66 #SENDAMOUNT#:2370440
1548577841.000008 ccnd[4319]: #CANUSE#:10000000 #FACE#:66 #SENDAMOUNT#:2753651
1548577842.000007 ccnd[4319]: #CANUSE#:10000000 #FACE#:66 #SENDAMOUNT#:4002635
1548577843.000009 ccnd[4319]: #CANUSE#:10000000 #FACE#:66 #SENDAMOUNT#:5251619
1548577844.000009 ccnd[4319]: #CANUSE#:10000000 #FACE#:66 #SENDAMOUNT#:6500603
1548577845.000009 ccnd[4319]: #CANUSE#:10000000 #FACE#:66 #SENDAMOUNT#:7749587
1548577846.000007 ccnd[4319]: #CANUSE#:10000000 #FACE#:66 #SENDAMOUNT#:8998571
1548577847.000009 ccnd[4319]: #CANUSE#:10000000 #FACE#:66 #SENDAMOUNT#:10247555
1548577848.000011 ccnd[4319]: #CANUSE#:10000000 #FACE#:66 #SENDAMOUNT#:11496539
1548577849.000010 ccnd[4319]: #CANUSE#:10000000 #FACE#:66 #SENDAMOUNT#:12178168
1548577849.176283 ccnd[4319]: shutdown client fd=9 id=65
1548577849.176300 ccnd[4319]: releasing face id 65 (slot 65)
1548577849.176322 ccnd[4319]: shutdown client fd=10 id=66
1548577849.176329 ccnd[4319]: releasing face id 66 (slot 66)
1548577853.716025 ccnd[4319]: accepted client fd=9 id=67
1548577853.915762 ccnd[4319]: accepted client fd=10 id=68
1548577854.000007 ccnd[4319]: #CANUSE#:10000000 #FACE#:68 #SENDAMOUNT#:9460
1548577855.000008 ccnd[4319]: #CANUSE#:10000000 #FACE#:68 #SENDAMOUNT#:634287
1548577857.000007 ccnd[4319]: #CANUSE#:10000000 #FACE#:68 #SENDAMOUNT#:1845299
1548577858.000008 ccnd[4319]: #CANUSE#:10000000 #FACE#:68 #SENDAMOUNT#:2640107
1548577859.000006 ccnd[4319]: #CANUSE#:10000000 #FACE#:68 #SENDAMOUNT#:2659031
1548577860.000012 ccnd[4319]: #CANUSE#:10000000 #FACE#:68 #SENDAMOUNT#:3898553
1548577861.000006 ccnd[4319]: #CANUSE#:10000000 #FACE#:68 #SENDAMOUNT#:4083062
1548577862.000009 ccnd[4319]: #CANUSE#:10000000 #FACE#:68 #SENDAMOUNT#:5332046
1548577863.000012 ccnd[4319]: #CANUSE#:10000000 #FACE#:68 #SENDAMOUNT#:6581030
1548577864.000009 ccnd[4319]: #CANUSE#:10000000 #FACE#:68 #SENDAMOUNT#:7830014
1548577865.000010 ccnd[4319]: #CANUSE#:10000000 #FACE#:68 #SENDAMOUNT#:9078998
1548577866.000009 ccnd[4319]: #CANUSE#:10000000 #FACE#:68 #SENDAMOUNT#:10327982
1548577867.000009 ccnd[4319]: #CANUSE#:10000000 #FACE#:68 #SENDAMOUNT#:10531415
1548577868.000011 ccnd[4319]: #CANUSE#:10000000 #FACE#:68 #SENDAMOUNT#:11780399
1548577868.930203 ccnd[4319]: shutdown client fd=10 id=68
1548577868.930225 ccnd[4319]: releasing face id 68 (slot 68)
1548577868.930271 ccnd[4319]: shutdown client fd=9 id=67
1548577868.930279 ccnd[4319]: releasing face id 67 (slot 67)
1548577873.548546 ccnd[4319]: accepted client fd=9 id=69
1548577873.735017 ccnd[4319]: accepted client fd=10 id=70
1548577874.000008 ccnd[4319]: #CANUSE#:10000000 #FACE#:70 #SENDAMOUNT#:9460
1548577875.000010 ccnd[4319]: #CANUSE#:10000000 #FACE#:70 #SENDAMOUNT#:766727
1548577876.000008 ccnd[4319]: #CANUSE#:9999998 #FACE#:70 #SENDAMOUNT#:1850029
1548577877.000009 ccnd[4319]: #CANUSE#:10000000 #FACE#:70 #SENDAMOUNT#:2474521
1548577878.000008 ccnd[4319]: #CANUSE#:10000000 #FACE#:70 #SENDAMOUNT#:3605230
1548577879.000010 ccnd[4319]: #CANUSE#:10000000 #FACE#:70 #SENDAMOUNT#:4854214
1548577880.000008 ccnd[4319]: #CANUSE#:10000000 #FACE#:70 #SENDAMOUNT#:6103198
1548577881.000010 ccnd[4319]: #CANUSE#:10000000 #FACE#:70 #SENDAMOUNT#:7352182
1548577882.000007 ccnd[4319]: #CANUSE#:10000000 #FACE#:70 #SENDAMOUNT#:8601166
1548577883.000009 ccnd[4319]: #CANUSE#:10000000 #FACE#:70 #SENDAMOUNT#:9850150
1548577884.000012 ccnd[4319]: #CANUSE#:10000000 #FACE#:70 #SENDAMOUNT#:10990321
1548577885.000009 ccnd[4319]: #CANUSE#:10000000 #FACE#:70 #SENDAMOUNT#:11808784
1548577885.390820 ccnd[4319]: shutdown client fd=10 id=70
1548577885.390841 ccnd[4319]: releasing face id 70 (slot 70)
1548577885.390888 ccnd[4319]: shutdown client fd=9 id=69
1548577885.390896 ccnd[4319]: releasing face id 69 (slot 69)
1548577890.053713 ccnd[4319]: accepted client fd=9 id=71
1548577890.262060 ccnd[4319]: accepted client fd=10 id=72
1548577891.000008 ccnd[4319]: #CANUSE#:10000000 #FACE#:72 #SENDAMOUNT#:591717
1548577892.000009 ccnd[4319]: #CANUSE#:9999998 #FACE#:72 #SENDAMOUNT#:1296504
1548577893.000009 ccnd[4319]: #CANUSE#:10000000 #FACE#:72 #SENDAMOUNT#:1935186
1548577894.000009 ccnd[4319]: #CANUSE#:10000000 #FACE#:72 #SENDAMOUNT#:3146322
1548577895.000011 ccnd[4319]: #CANUSE#:10000000 #FACE#:72 #SENDAMOUNT#:4395306
1548577896.000008 ccnd[4319]: #CANUSE#:10000000 #FACE#:72 #SENDAMOUNT#:5644290
1548577897.000009 ccnd[4319]: #CANUSE#:10000000 #FACE#:72 #SENDAMOUNT#:6893274
1548577898.000011 ccnd[4319]: #CANUSE#:10000000 #FACE#:72 #SENDAMOUNT#:8142258
1548577899.000008 ccnd[4319]: #CANUSE#:10000000 #FACE#:72 #SENDAMOUNT#:9391242
1548577900.000010 ccnd[4319]: #CANUSE#:10000000 #FACE#:72 #SENDAMOUNT#:10640226
1548577901.000007 ccnd[4319]: #CANUSE#:10000000 #FACE#:72 #SENDAMOUNT#:11889210
1548577902.000008 ccnd[4319]: #CANUSE#:10000000 #FACE#:72 #SENDAMOUNT#:12253862
1548577902.116072 ccnd[4319]: shutdown client fd=10 id=72
1548577902.116093 ccnd[4319]: releasing face id 72 (slot 72)
1548577902.116137 ccnd[4319]: shutdown client fd=9 id=71
1548577902.116144 ccnd[4319]: releasing face id 71 (slot 71)
1548577906.671297 ccnd[4319]: accepted client fd=9 id=73
1548577906.920101 ccnd[4319]: accepted client fd=10 id=74
1548577907.000014 ccnd[4319]: #CANUSE#:10000000 #FACE#:74 #SENDAMOUNT#:9460
1548577908.000010 ccnd[4319]: #CANUSE#:10000000 #FACE#:74 #SENDAMOUNT#:634287
1548577909.000012 ccnd[4319]: #CANUSE#:10000000 #FACE#:74 #SENDAMOUNT#:1845299
1548577910.000009 ccnd[4319]: #CANUSE#:10000000 #FACE#:74 #SENDAMOUNT#:2469791
1548577911.000011 ccnd[4319]: #CANUSE#:10000000 #FACE#:74 #SENDAMOUNT#:3718775
1548577912.000009 ccnd[4319]: #CANUSE#:10000000 #FACE#:74 #SENDAMOUNT#:4967759
1548577913.000008 ccnd[4319]: #CANUSE#:10000000 #FACE#:74 #SENDAMOUNT#:6216743
1548577914.000009 ccnd[4319]: #CANUSE#:10000000 #FACE#:74 #SENDAMOUNT#:7465727
1548577915.000008 ccnd[4319]: #CANUSE#:10000000 #FACE#:74 #SENDAMOUNT#:8714711
1548577916.000007 ccnd[4319]: #CANUSE#:10000000 #FACE#:74 #SENDAMOUNT#:9750800
1548577917.000008 ccnd[4319]: #CANUSE#:10000000 #FACE#:74 #SENDAMOUNT#:10999784
1548577918.000009 ccnd[4319]: #CANUSE#:10000000 #FACE#:74 #SENDAMOUNT#:12178168
1548577918.156200 ccnd[4319]: shutdown client fd=10 id=74
1548577918.156220 ccnd[4319]: releasing face id 74 (slot 74)
1548577918.156266 ccnd[4319]: shutdown client fd=9 id=73
1548577918.156274 ccnd[4319]: releasing face id 73 (slot 73)
1548577922.795631 ccnd[4319]: accepted client fd=9 id=75
1548577922.932544 ccnd[4319]: accepted client fd=10 id=76
1548577923.000011 ccnd[4319]: #CANUSE#:10000000 #FACE#:76 #SENDAMOUNT#:9460
1548577924.000010 ccnd[4319]: #CANUSE#:10000000 #FACE#:76 #SENDAMOUNT#:634287
1548577925.000008 ccnd[4319]: #CANUSE#:10000000 #FACE#:76 #SENDAMOUNT#:1845299
1548577926.000009 ccnd[4319]: #CANUSE#:10000000 #FACE#:76 #SENDAMOUNT#:2654300
1548577927.000009 ccnd[4319]: #CANUSE#:10000000 #FACE#:76 #SENDAMOUNT#:2673224
1548577928.000012 ccnd[4319]: #CANUSE#:10000000 #FACE#:76 #SENDAMOUNT#:3912746
1548577929.000014 ccnd[4319]: #CANUSE#:10000000 #FACE#:76 #SENDAMOUNT#:4887332
1548577930.000009 ccnd[4319]: #CANUSE#:10000000 #FACE#:76 #SENDAMOUNT#:6107930
1548577931.000012 ccnd[4319]: #CANUSE#:10000000 #FACE#:76 #SENDAMOUNT#:7356914
1548577932.000011 ccnd[4319]: #CANUSE#:10000000 #FACE#:76 #SENDAMOUNT#:8605898
1548577933.000007 ccnd[4319]: #CANUSE#:10000000 #FACE#:76 #SENDAMOUNT#:9854882
1548577934.000008 ccnd[4319]: #CANUSE#:10000000 #FACE#:76 #SENDAMOUNT#:11103866
1548577935.000012 ccnd[4319]: #CANUSE#:10000000 #FACE#:76 #SENDAMOUNT#:12187630
1548577935.241692 ccnd[4319]: shutdown client fd=10 id=76
1548577935.241711 ccnd[4319]: releasing face id 76 (slot 76)
1548577935.241755 ccnd[4319]: shutdown client fd=9 id=75
1548577935.241763 ccnd[4319]: releasing face id 75 (slot 75)
1548577939.888339 ccnd[4319]: accepted client fd=9 id=77
1548577940.099564 ccnd[4319]: accepted client fd=10 id=78
1548577941.000009 ccnd[4319]: #CANUSE#:10000000 #FACE#:78 #SENDAMOUNT#:681587
1548577942.000009 ccnd[4319]: #CANUSE#:9999998 #FACE#:78 #SENDAMOUNT#:1717561
1548577943.000009 ccnd[4319]: #CANUSE#:10000000 #FACE#:78 #SENDAMOUNT#:2342053
1548577944.000008 ccnd[4319]: #CANUSE#:10000000 #FACE#:78 #SENDAMOUNT#:3591037
1548577945.000010 ccnd[4319]: #CANUSE#:10000000 #FACE#:78 #SENDAMOUNT#:4840021
1548577946.000008 ccnd[4319]: #CANUSE#:10000000 #FACE#:78 #SENDAMOUNT#:6089005
1548577947.000007 ccnd[4319]: #CANUSE#:10000000 #FACE#:78 #SENDAMOUNT#:7337989
1548577948.000008 ccnd[4319]: #CANUSE#:10000000 #FACE#:78 #SENDAMOUNT#:8586973
1548577949.000012 ccnd[4319]: #CANUSE#:10000000 #FACE#:78 #SENDAMOUNT#:9835957
1548577950.000013 ccnd[4319]: #CANUSE#:10000000 #FACE#:78 #SENDAMOUNT#:11084941
1548577951.000011 ccnd[4319]: #CANUSE#:10000000 #FACE#:78 #SENDAMOUNT#:12182898
1548577951.225676 ccnd[4319]: shutdown client fd=10 id=78
1548577951.225696 ccnd[4319]: releasing face id 78 (slot 78)
1548577951.225741 ccnd[4319]: shutdown client fd=9 id=77
1548577951.225749 ccnd[4319]: releasing face id 77 (slot 77)
1548577955.918569 ccnd[4319]: accepted client fd=9 id=79
1548577956.150006 ccnd[4319]: accepted client fd=10 id=80
1548577957.000007 ccnd[4319]: #CANUSE#:10000000 #FACE#:80 #SENDAMOUNT#:634287
1548577958.000010 ccnd[4319]: #CANUSE#:10000000 #FACE#:80 #SENDAMOUNT#:847137
1548577959.000011 ccnd[4319]: #CANUSE#:10000000 #FACE#:80 #SENDAMOUNT#:1485743
1548577960.000009 ccnd[4319]: #CANUSE#:10000000 #FACE#:80 #SENDAMOUNT#:2110235
1548577961.000011 ccnd[4319]: #CANUSE#:10000000 #FACE#:80 #SENDAMOUNT#:3359219
1548577962.000012 ccnd[4319]: #CANUSE#:10000000 #FACE#:80 #SENDAMOUNT#:4608203
1548577963.000188 ccnd[4319]: #CANUSE#:10000000 #FACE#:80 #SENDAMOUNT#:5790953
1548577964.000010 ccnd[4319]: #CANUSE#:10000000 #FACE#:80 #SENDAMOUNT#:7039937
1548577965.000011 ccnd[4319]: #CANUSE#:10000000 #FACE#:80 #SENDAMOUNT#:8288921
1548577966.000011 ccnd[4319]: #CANUSE#:10000000 #FACE#:80 #SENDAMOUNT#:9537905
1548577967.000009 ccnd[4319]: #CANUSE#:10000000 #FACE#:80 #SENDAMOUNT#:10786889
1548577968.000010 ccnd[4319]: #CANUSE#:10000000 #FACE#:80 #SENDAMOUNT#:12035873
1548577968.339332 ccnd[4319]: shutdown client fd=10 id=80
1548577968.339352 ccnd[4319]: releasing face id 80 (slot 80)
1548577968.339396 ccnd[4319]: shutdown client fd=9 id=79
1548577968.339404 ccnd[4319]: releasing face id 79 (slot 79)
1548577972.890727 ccnd[4319]: accepted client fd=9 id=81
1548577973.077466 ccnd[4319]: accepted client fd=10 id=82
1548577974.000010 ccnd[4319]: #CANUSE#:10000000 #FACE#:82 #SENDAMOUNT#:634287
1548577975.000008 ccnd[4319]: #CANUSE#:9999998 #FACE#:82 #SENDAMOUNT#:1878415
1548577976.000008 ccnd[4319]: #CANUSE#:10000000 #FACE#:82 #SENDAMOUNT#:2488714
1548577977.000009 ccnd[4319]: #CANUSE#:10000000 #FACE#:82 #SENDAMOUNT#:3737698
1548577978.000011 ccnd[4319]: #CANUSE#:10000000 #FACE#:82 #SENDAMOUNT#:4986682
1548577979.000013 ccnd[4319]: #CANUSE#:10000000 #FACE#:82 #SENDAMOUNT#:6235666
1548577980.000012 ccnd[4319]: #CANUSE#:10000000 #FACE#:82 #SENDAMOUNT#:7484650
1548577981.000010 ccnd[4319]: #CANUSE#:10000000 #FACE#:82 #SENDAMOUNT#:8733634
1548577982.000011 ccnd[4319]: #CANUSE#:10000000 #FACE#:82 #SENDAMOUNT#:9982618
1548577983.000010 ccnd[4319]: #CANUSE#:10000000 #FACE#:82 #SENDAMOUNT#:10947742
1548577984.000007 ccnd[4319]: #CANUSE#:10000000 #FACE#:82 #SENDAMOUNT#:12196726
1548577984.519965 ccnd[4319]: shutdown client fd=10 id=82
1548577984.519986 ccnd[4319]: releasing face id 82 (slot 82)
1548577984.520021 ccnd[4319]: shutdown client fd=9 id=81
1548577984.520031 ccnd[4319]: releasing face id 81 (slot 81)
1548577988.962517 ccnd[4319]: accepted client fd=9 id=83
1548577989.116642 ccnd[4319]: accepted client fd=10 id=84
1548577990.000008 ccnd[4319]: #CANUSE#:10000000 #FACE#:84 #SENDAMOUNT#:634287
1548577991.000012 ccnd[4319]: #CANUSE#:9999998 #FACE#:84 #SENDAMOUNT#:1916264
1548577992.000007 ccnd[4319]: #CANUSE#:10000000 #FACE#:84 #SENDAMOUNT#:2540756
1548577993.000012 ccnd[4319]: #CANUSE#:10000000 #FACE#:84 #SENDAMOUNT#:3789740
1548577994.000011 ccnd[4319]: #CANUSE#:10000000 #FACE#:84 #SENDAMOUNT#:5038724
1548577995.000011 ccnd[4319]: #CANUSE#:10000000 #FACE#:84 #SENDAMOUNT#:6287708
1548577996.000011 ccnd[4319]: #CANUSE#:10000000 #FACE#:84 #SENDAMOUNT#:7536692
1548577997.000010 ccnd[4319]: #CANUSE#:10000000 #FACE#:84 #SENDAMOUNT#:8785676
1548577998.000012 ccnd[4319]: #CANUSE#:10000000 #FACE#:84 #SENDAMOUNT#:9656180
1548577999.000007 ccnd[4319]: #CANUSE#:10000000 #FACE#:84 #SENDAMOUNT#:10905164
1548578000.000007 ccnd[4319]: #CANUSE#:10000000 #FACE#:84 #SENDAMOUNT#:11993294
1548578000.611147 ccnd[4319]: shutdown client fd=10 id=84
1548578000.611168 ccnd[4319]: releasing face id 84 (slot 84)
1548578000.611214 ccnd[4319]: shutdown client fd=9 id=83
1548578000.611223 ccnd[4319]: releasing face id 83 (slot 83)
1548578005.145251 ccnd[4319]: accepted client fd=9 id=85
1548578005.410524 ccnd[4319]: accepted client fd=10 id=86
1548578006.003912 ccnd[4319]: #CANUSE#:10000000 #FACE#:86 #SENDAMOUNT#:350487
1548578007.000010 ccnd[4319]: #CANUSE#:10000000 #FACE#:86 #SENDAMOUNT#:662667
1548578008.000010 ccnd[4319]: #CANUSE#:10000000 #FACE#:86 #SENDAMOUNT#:1533053
1548578009.000008 ccnd[4319]: #CANUSE#:10000000 #FACE#:86 #SENDAMOUNT#:2782037
1548578010.000014 ccnd[4319]: #CANUSE#:10000000 #FACE#:86 #SENDAMOUNT#:4031021
1548578011.000014 ccnd[4319]: #CANUSE#:10000000 #FACE#:86 #SENDAMOUNT#:5280005
1548578012.000010 ccnd[4319]: #CANUSE#:10000000 #FACE#:86 #SENDAMOUNT#:6528989
1548578013.000008 ccnd[4319]: #CANUSE#:10000000 #FACE#:86 #SENDAMOUNT#:7777973
1548578014.000009 ccnd[4319]: #CANUSE#:10000000 #FACE#:86 #SENDAMOUNT#:9026957
1548578015.000010 ccnd[4319]: #CANUSE#:10000000 #FACE#:86 #SENDAMOUNT#:10275941
1548578016.000007 ccnd[4319]: #CANUSE#:10000000 #FACE#:86 #SENDAMOUNT#:11524925
1548578017.000011 ccnd[4319]: #CANUSE#:10000000 #FACE#:86 #SENDAMOUNT#:12206554
1548578017.166526 ccnd[4319]: shutdown client fd=10 id=86
1548578017.166546 ccnd[4319]: releasing face id 86 (slot 86)
1548578017.166590 ccnd[4319]: shutdown client fd=9 id=85
1548578017.166598 ccnd[4319]: releasing face id 85 (slot 85)
1548578021.752290 ccnd[4319]: accepted client fd=9 id=87
1548578021.910259 ccnd[4319]: accepted client fd=10 id=88
1548578022.000012 ccnd[4319]: #CANUSE#:10000000 #FACE#:88 #SENDAMOUNT#:9460
1548578023.000008 ccnd[4319]: #CANUSE#:10000000 #FACE#:88 #SENDAMOUNT#:568067
1548578024.000008 ccnd[4319]: #CANUSE#:9999998 #FACE#:88 #SENDAMOUNT#:1859489
1548578026.000017 ccnd[4319]: #CANUSE#:10000000 #FACE#:88 #SENDAMOUNT#:2483981
1548578027.000010 ccnd[4319]: #CANUSE#:10000000 #FACE#:88 #SENDAMOUNT#:3732965
1548578028.000009 ccnd[4319]: #CANUSE#:10000000 #FACE#:88 #SENDAMOUNT#:4565621
1548578029.003730 ccnd[4319]: #CANUSE#:10000000 #FACE#:88 #SENDAMOUNT#:5156996
1548578030.000009 ccnd[4319]: #CANUSE#:10000000 #FACE#:88 #SENDAMOUNT#:6405980
1548578031.000008 ccnd[4319]: #CANUSE#:10000000 #FACE#:88 #SENDAMOUNT#:7654964
1548578032.000009 ccnd[4319]: #CANUSE#:10000000 #FACE#:88 #SENDAMOUNT#:8903948
1548578033.000007 ccnd[4319]: #CANUSE#:10000000 #FACE#:88 #SENDAMOUNT#:9306083
1548578034.000008 ccnd[4319]: #CANUSE#:10000000 #FACE#:88 #SENDAMOUNT#:10555067
1548578035.000008 ccnd[4319]: #CANUSE#:10000000 #FACE#:88 #SENDAMOUNT#:11804051
1548578036.000008 ccnd[4319]: #CANUSE#:10000000 #FACE#:88 #SENDAMOUNT#:12197089
1548578036.530930 ccnd[4319]: shutdown client fd=10 id=88
1548578036.530958 ccnd[4319]: releasing face id 88 (slot 88)
1548578036.531003 ccnd[4319]: shutdown client fd=9 id=87
1548578036.531012 ccnd[4319]: releasing face id 87 (slot 87)
1548578041.104351 ccnd[4319]: accepted client fd=9 id=89
1548578041.343065 ccnd[4319]: accepted client fd=10 id=90
1548578042.000011 ccnd[4319]: #CANUSE#:10000000 #FACE#:90 #SENDAMOUNT#:586987
1548578043.000010 ccnd[4319]: #CANUSE#:10000000 #FACE#:90 #SENDAMOUNT#:615367
1548578044.000014 ccnd[4319]: #CANUSE#:10000000 #FACE#:90 #SENDAMOUNT#:2006153
1548578045.000012 ccnd[4319]: #CANUSE#:10000000 #FACE#:90 #SENDAMOUNT#:2630645
1548578046.000008 ccnd[4319]: #CANUSE#:10000000 #FACE#:90 #SENDAMOUNT#:3515342
1548578047.000011 ccnd[4319]: #CANUSE#:10000000 #FACE#:90 #SENDAMOUNT#:4693361
1548578048.000010 ccnd[4319]: #CANUSE#:10000000 #FACE#:90 #SENDAMOUNT#:5942345
1548578049.000009 ccnd[4319]: #CANUSE#:10000000 #FACE#:90 #SENDAMOUNT#:7191329
1548578050.000010 ccnd[4319]: #CANUSE#:10000000 #FACE#:90 #SENDAMOUNT#:8440313
1548578051.000012 ccnd[4319]: #CANUSE#:10000000 #FACE#:90 #SENDAMOUNT#:9646718
1548578052.000008 ccnd[4319]: #CANUSE#:10000000 #FACE#:90 #SENDAMOUNT#:10895702
1548578053.000008 ccnd[4319]: #CANUSE#:10000000 #FACE#:90 #SENDAMOUNT#:12144686
1548578053.321683 ccnd[4319]: shutdown client fd=10 id=90
1548578053.321706 ccnd[4319]: releasing face id 90 (slot 90)
1548578053.321750 ccnd[4319]: shutdown client fd=9 id=89
1548578053.321758 ccnd[4319]: releasing face id 89 (slot 89)
1548578057.839402 ccnd[4319]: accepted client fd=9 id=91
1548578058.033686 ccnd[4319]: accepted client fd=10 id=92
1548578059.000007 ccnd[4319]: #CANUSE#:10000000 #FACE#:92 #SENDAMOUNT#:634287
1548578060.000011 ccnd[4319]: #CANUSE#:10000000 #FACE#:92 #SENDAMOUNT#:2133888
1548578061.000008 ccnd[4319]: #CANUSE#:10000000 #FACE#:92 #SENDAMOUNT#:2474520
1548578062.000011 ccnd[4319]: #CANUSE#:10000000 #FACE#:92 #SENDAMOUNT#:3723504
1548578063.000010 ccnd[4319]: #CANUSE#:10000000 #FACE#:92 #SENDAMOUNT#:4972488
1548578064.000008 ccnd[4319]: #CANUSE#:10000000 #FACE#:92 #SENDAMOUNT#:6221472
1548578065.000009 ccnd[4319]: #CANUSE#:10000000 #FACE#:92 #SENDAMOUNT#:7470456
1548578066.000010 ccnd[4319]: #CANUSE#:10000000 #FACE#:92 #SENDAMOUNT#:8591703
1548578067.000007 ccnd[4319]: #CANUSE#:10000000 #FACE#:92 #SENDAMOUNT#:9840687
1548578068.000010 ccnd[4319]: #CANUSE#:10000000 #FACE#:92 #SENDAMOUNT#:11089671
1548578069.000011 ccnd[4319]: #CANUSE#:10000000 #FACE#:92 #SENDAMOUNT#:12192359
1548578069.300126 ccnd[4319]: shutdown client fd=10 id=92
1548578069.300148 ccnd[4319]: releasing face id 92 (slot 92)
1548578069.300195 ccnd[4319]: shutdown client fd=9 id=91
1548578069.300204 ccnd[4319]: releasing face id 91 (slot 91)
1548578073.937332 ccnd[4319]: accepted client fd=9 id=93
1548578074.170084 ccnd[4319]: accepted client fd=10 id=94
1548578075.000009 ccnd[4319]: #CANUSE#:10000000 #FACE#:94 #SENDAMOUNT#:601177
1548578076.000013 ccnd[4319]: #CANUSE#:10000000 #FACE#:94 #SENDAMOUNT#:1561438
1548578077.000010 ccnd[4319]: #CANUSE#:10000000 #FACE#:94 #SENDAMOUNT#:2185930
1548578078.000007 ccnd[4319]: #CANUSE#:10000000 #FACE#:94 #SENDAMOUNT#:3434914
1548578079.000010 ccnd[4319]: #CANUSE#:10000000 #FACE#:94 #SENDAMOUNT#:4683898
1548578080.000007 ccnd[4319]: #CANUSE#:10000000 #FACE#:94 #SENDAMOUNT#:5932882
1548578081.000009 ccnd[4319]: #CANUSE#:10000000 #FACE#:94 #SENDAMOUNT#:7181866
1548578082.000011 ccnd[4319]: #CANUSE#:10000000 #FACE#:94 #SENDAMOUNT#:8430850
1548578083.000009 ccnd[4319]: #CANUSE#:10000000 #FACE#:94 #SENDAMOUNT#:9679834
1548578084.000009 ccnd[4319]: #CANUSE#:10000000 #FACE#:94 #SENDAMOUNT#:10928818
1548578085.000010 ccnd[4319]: #CANUSE#:10000000 #FACE#:94 #SENDAMOUNT#:11212678
1548578085.808027 ccnd[4319]: shutdown client fd=10 id=94
1548578085.808047 ccnd[4319]: releasing face id 94 (slot 94)
1548578085.808094 ccnd[4319]: shutdown client fd=9 id=93
1548578085.808103 ccnd[4319]: releasing face id 93 (slot 93)
1548578090.451580 ccnd[4319]: accepted client fd=9 id=95
1548578090.668323 ccnd[4319]: accepted client fd=10 id=96
1548578091.000012 ccnd[4319]: #CANUSE#:10000000 #FACE#:96 #SENDAMOUNT#:14657
1548578092.000010 ccnd[4319]: #CANUSE#:10000000 #FACE#:96 #SENDAMOUNT#:326837
1548578093.000012 ccnd[4319]: #CANUSE#:10000000 #FACE#:96 #SENDAMOUNT#:1528323
1548578094.000874 ccnd[4319]: #CANUSE#:10000000 #FACE#:96 #SENDAMOUNT#:2777307
1548578095.000011 ccnd[4319]: #CANUSE#:10000000 #FACE#:96 #SENDAMOUNT#:4026291
1548578096.000011 ccnd[4319]: #CANUSE#:10000000 #FACE#:96 #SENDAMOUNT#:5275275
1548578097.000182 ccnd[4319]: #CANUSE#:10000000 #FACE#:96 #SENDAMOUNT#:6396522
1548578098.000009 ccnd[4319]: #CANUSE#:10000000 #FACE#:96 #SENDAMOUNT#:7645506
1548578099.000007 ccnd[4319]: #CANUSE#:10000000 #FACE#:96 #SENDAMOUNT#:8047641
1548578100.000010 ccnd[4319]: #CANUSE#:10000000 #FACE#:96 #SENDAMOUNT#:9296625
1548578101.002154 ccnd[4319]: #CANUSE#:10000000 #FACE#:96 #SENDAMOUNT#:10521954
1548578102.000022 ccnd[4319]: #CANUSE#:10000000 #FACE#:96 #SENDAMOUNT#:11770938
1548578103.000011 ccnd[4319]: #CANUSE#:10000000 #FACE#:96 #SENDAMOUNT#:12154514
1548578103.137863 ccnd[4319]: shutdown client fd=10 id=96
1548578103.137881 ccnd[4319]: releasing face id 96 (slot 96)
1548578103.137924 ccnd[4319]: shutdown client fd=9 id=95
1548578103.137932 ccnd[4319]: releasing face id 95 (slot 95)
1548578107.745073 ccnd[4319]: accepted client fd=9 id=97
1548578107.887501 ccnd[4319]: accepted client fd=10 id=98
1548578108.000009 ccnd[4319]: #CANUSE#:10000000 #FACE#:98 #SENDAMOUNT#:9460
1548578109.000012 ccnd[4319]: #CANUSE#:10000000 #FACE#:98 #SENDAMOUNT#:832947
1548578110.000011 ccnd[4319]: #CANUSE#:10000000 #FACE#:98 #SENDAMOUNT#:1854759
1548578111.000010 ccnd[4319]: #CANUSE#:10000000 #FACE#:98 #SENDAMOUNT#:3103743
1548578112.000010 ccnd[4319]: #CANUSE#:10000000 #FACE#:98 #SENDAMOUNT#:3922206
1548578113.000011 ccnd[4319]: #CANUSE#:10000000 #FACE#:98 #SENDAMOUNT#:5171190
1548578114.000009 ccnd[4319]: #CANUSE#:10000000 #FACE#:98 #SENDAMOUNT#:6420174
1548578115.000012 ccnd[4319]: #CANUSE#:10000000 #FACE#:98 #SENDAMOUNT#:7669158
1548578116.000008 ccnd[4319]: #CANUSE#:10000000 #FACE#:98 #SENDAMOUNT#:8918142
1548578117.000008 ccnd[4319]: #CANUSE#:10000000 #FACE#:98 #SENDAMOUNT#:10167126
1548578118.000009 ccnd[4319]: #CANUSE#:10000000 #FACE#:98 #SENDAMOUNT#:11416110
1548578119.000008 ccnd[4319]: #CANUSE#:10000000 #FACE#:98 #SENDAMOUNT#:12206552
1548578119.142397 ccnd[4319]: shutdown client fd=10 id=98
1548578119.142416 ccnd[4319]: releasing face id 98 (slot 98)
1548578119.142461 ccnd[4319]: shutdown client fd=9 id=97
1548578119.142469 ccnd[4319]: releasing face id 97 (slot 97)
1548578123.602187 ccnd[4319]: accepted client fd=9 id=99
1548578123.729503 ccnd[4319]: accepted client fd=10 id=100
1548578124.000010 ccnd[4319]: #CANUSE#:10000000 #FACE#:100 #SENDAMOUNT#:9460
1548578125.000009 ccnd[4319]: #CANUSE#:10000000 #FACE#:100 #SENDAMOUNT#:747807
1548578126.000011 ccnd[4319]: #CANUSE#:9999998 #FACE#:100 #SENDAMOUNT#:1296504
1548578127.000009 ccnd[4319]: #CANUSE#:10000000 #FACE#:100 #SENDAMOUNT#:1920996
1548578128.000008 ccnd[4319]: #CANUSE#:10000000 #FACE#:100 #SENDAMOUNT#:3169980
1548578129.000006 ccnd[4319]: #CANUSE#:10000000 #FACE#:100 #SENDAMOUNT#:4418964
1548578130.000010 ccnd[4319]: #CANUSE#:10000000 #FACE#:100 #SENDAMOUNT#:5667948
1548578131.000009 ccnd[4319]: #CANUSE#:10000000 #FACE#:100 #SENDAMOUNT#:6916932
1548578132.000012 ccnd[4319]: #CANUSE#:10000000 #FACE#:100 #SENDAMOUNT#:8165916
1548578133.000009 ccnd[4319]: #CANUSE#:10000000 #FACE#:100 #SENDAMOUNT#:9414900
1548578134.000007 ccnd[4319]: #CANUSE#:10000000 #FACE#:100 #SENDAMOUNT#:10313790
1548578135.000009 ccnd[4319]: #CANUSE#:10000000 #FACE#:100 #SENDAMOUNT#:11562774
1548578135.931825 ccnd[4319]: shutdown client fd=10 id=100
1548578135.931844 ccnd[4319]: releasing face id 100 (slot 100)
1548578135.931886 ccnd[4319]: shutdown client fd=9 id=99
1548578135.931893 ccnd[4319]: releasing face id 99 (slot 99)
1548578140.394435 ccnd[4319]: accepted client fd=9 id=101
1548578140.542742 ccnd[4319]: accepted client fd=10 id=102
1548578141.000012 ccnd[4319]: #CANUSE#:10000000 #FACE#:102 #SENDAMOUNT#:312647
1548578142.000009 ccnd[4319]: #CANUSE#:10000000 #FACE#:102 #SENDAMOUNT#:624827
1548578143.000010 ccnd[4319]: #CANUSE#:10000000 #FACE#:102 #SENDAMOUNT#:1537783
1548578144.000008 ccnd[4319]: #CANUSE#:10000000 #FACE#:102 #SENDAMOUNT#:2786767
1548578145.000007 ccnd[4319]: #CANUSE#:10000000 #FACE#:102 #SENDAMOUNT#:4035751
1548578146.000008 ccnd[4319]: #CANUSE#:10000000 #FACE#:102 #SENDAMOUNT#:5284735
1548578147.000007 ccnd[4319]: #CANUSE#:10000000 #FACE#:102 #SENDAMOUNT#:6533719
1548578148.000010 ccnd[4319]: #CANUSE#:10000000 #FACE#:102 #SENDAMOUNT#:7782703
1548578149.000006 ccnd[4319]: #CANUSE#:10000000 #FACE#:102 #SENDAMOUNT#:9031687
1548578150.000009 ccnd[4319]: #CANUSE#:10000000 #FACE#:102 #SENDAMOUNT#:10280671
1548578151.000008 ccnd[4319]: #CANUSE#:10000000 #FACE#:102 #SENDAMOUNT#:11529655
1548578151.928067 ccnd[4319]: shutdown client fd=10 id=102
1548578151.928086 ccnd[4319]: releasing face id 102 (slot 102)
1548578151.928110 ccnd[4319]: shutdown client fd=9 id=101
1548578151.928118 ccnd[4319]: releasing face id 101 (slot 101)
1548578156.538651 ccnd[4319]: accepted client fd=9 id=103
1548578156.671126 ccnd[4319]: accepted client fd=10 id=104
1548578157.001235 ccnd[4319]: #CANUSE#:10000000 #FACE#:104 #SENDAMOUNT#:14657
1548578158.000010 ccnd[4319]: #CANUSE#:10000000 #FACE#:104 #SENDAMOUNT#:326837
1548578159.000011 ccnd[4319]: #CANUSE#:9999998 #FACE#:104 #SENDAMOUNT#:1481012
1548578160.000008 ccnd[4319]: #CANUSE#:10000000 #FACE#:104 #SENDAMOUNT#:2105504
1548578161.000010 ccnd[4319]: #CANUSE#:10000000 #FACE#:104 #SENDAMOUNT#:3354488
1548578162.000009 ccnd[4319]: #CANUSE#:10000000 #FACE#:104 #SENDAMOUNT#:4603472
1548578163.000010 ccnd[4319]: #CANUSE#:10000000 #FACE#:104 #SENDAMOUNT#:5852456
1548578164.000010 ccnd[4319]: #CANUSE#:10000000 #FACE#:104 #SENDAMOUNT#:7101440
1548578165.000006 ccnd[4319]: #CANUSE#:10000000 #FACE#:104 #SENDAMOUNT#:8350424
1548578166.000008 ccnd[4319]: #CANUSE#:10000000 #FACE#:104 #SENDAMOUNT#:9599408
1548578167.000008 ccnd[4319]: #CANUSE#:10000000 #FACE#:104 #SENDAMOUNT#:10450988
1548578168.000009 ccnd[4319]: #CANUSE#:10000000 #FACE#:104 #SENDAMOUNT#:11699972
1548578169.000008 ccnd[4319]: #CANUSE#:10000000 #FACE#:104 #SENDAMOUNT#:12192361
1548578169.136154 ccnd[4319]: shutdown client fd=10 id=104
1548578169.136171 ccnd[4319]: releasing face id 104 (slot 104)
1548578169.136192 ccnd[4319]: shutdown client fd=9 id=103
1548578169.136198 ccnd[4319]: releasing face id 103 (slot 103)
1548578173.818817 ccnd[4319]: accepted client fd=9 id=105
1548578174.061783 ccnd[4319]: accepted client fd=10 id=106
1548578175.000011 ccnd[4319]: #CANUSE#:10000000 #FACE#:106 #SENDAMOUNT#:634287
1548578176.000008 ccnd[4319]: #CANUSE#:10000000 #FACE#:106 #SENDAMOUNT#:2100772
1548578177.000011 ccnd[4319]: #CANUSE#:10000000 #FACE#:106 #SENDAMOUNT#:2271088
1548578178.000011 ccnd[4319]: #CANUSE#:10000000 #FACE#:106 #SENDAMOUNT#:3520072
1548578179.000011 ccnd[4319]: #CANUSE#:10000000 #FACE#:106 #SENDAMOUNT#:4754863
1548578180.000014 ccnd[4319]: #CANUSE#:10000000 #FACE#:106 #SENDAMOUNT#:6003847
1548578181.000008 ccnd[4319]: #CANUSE#:10000000 #FACE#:106 #SENDAMOUNT#:7252831
1548578182.000009 ccnd[4319]: #CANUSE#:10000000 #FACE#:106 #SENDAMOUNT#:8501815
1548578183.000009 ccnd[4319]: #CANUSE#:10000000 #FACE#:106 #SENDAMOUNT#:9750799
1548578184.000007 ccnd[4319]: #CANUSE#:10000000 #FACE#:106 #SENDAMOUNT#:10999783
1548578185.000010 ccnd[4319]: #CANUSE#:10000000 #FACE#:106 #SENDAMOUNT#:12040603
1548578185.362645 ccnd[4319]: shutdown client fd=10 id=106
1548578185.362667 ccnd[4319]: releasing face id 106 (slot 106)
1548578185.362712 ccnd[4319]: shutdown client fd=9 id=105
1548578185.362720 ccnd[4319]: releasing face id 105 (slot 105)
1548578189.926869 ccnd[4319]: accepted client fd=9 id=107
1548578190.113668 ccnd[4319]: accepted client fd=10 id=108
1548578191.000009 ccnd[4319]: #CANUSE#:10000000 #FACE#:108 #SENDAMOUNT#:605907
1548578192.000010 ccnd[4319]: #CANUSE#:10000000 #FACE#:108 #SENDAMOUNT#:1556709
1548578193.000007 ccnd[4319]: #CANUSE#:10000000 #FACE#:108 #SENDAMOUNT#:2181201
1548578194.000010 ccnd[4319]: #CANUSE#:10000000 #FACE#:108 #SENDAMOUNT#:3430185
1548578195.001422 ccnd[4319]: #CANUSE#:10000000 #FACE#:108 #SENDAMOUNT#:4314882
1548578196.000009 ccnd[4319]: #CANUSE#:10000000 #FACE#:108 #SENDAMOUNT#:5313123
1548578197.000009 ccnd[4319]: #CANUSE#:10000000 #FACE#:108 #SENDAMOUNT#:6562107
1548578198.000008 ccnd[4319]: #CANUSE#:10000000 #FACE#:108 #SENDAMOUNT#:7811091
1548578199.000009 ccnd[4319]: #CANUSE#:10000000 #FACE#:108 #SENDAMOUNT#:9060075
1548578200.000011 ccnd[4319]: #CANUSE#:10000000 #FACE#:108 #SENDAMOUNT#:10309059
1548578201.000012 ccnd[4319]: #CANUSE#:10000000 #FACE#:108 #SENDAMOUNT#:11558043
1548578202.000008 ccnd[4319]: #CANUSE#:10000000 #FACE#:108 #SENDAMOUNT#:12173438
1548578202.142949 ccnd[4319]: shutdown client fd=10 id=108
1548578202.142966 ccnd[4319]: releasing face id 108 (slot 108)
1548578202.142992 ccnd[4319]: shutdown client fd=9 id=107
1548578202.143000 ccnd[4319]: releasing face id 107 (slot 107)
1548578206.780214 ccnd[4319]: accepted client fd=9 id=109
1548578206.990142 ccnd[4319]: accepted client fd=10 id=110
1548578207.012233 ccnd[4319]: #CANUSE#:10000000 #FACE#:110 #SENDAMOUNT#:4731
1548578208.000010 ccnd[4319]: #CANUSE#:10000000 #FACE#:110 #SENDAMOUNT#:634287
1548578209.000010 ccnd[4319]: #CANUSE#:10000000 #FACE#:110 #SENDAMOUNT#:1911530
1548578210.000011 ccnd[4319]: #CANUSE#:10000000 #FACE#:110 #SENDAMOUNT#:2171735
1548578211.000009 ccnd[4319]: #CANUSE#:10000000 #FACE#:110 #SENDAMOUNT#:3420719
1548578212.000010 ccnd[4319]: #CANUSE#:10000000 #FACE#:110 #SENDAMOUNT#:4669703
1548578213.000010 ccnd[4319]: #CANUSE#:10000000 #FACE#:110 #SENDAMOUNT#:5913956
1548578214.000008 ccnd[4319]: #CANUSE#:10000000 #FACE#:110 #SENDAMOUNT#:7158209
1548578215.000008 ccnd[4319]: #CANUSE#:10000000 #FACE#:110 #SENDAMOUNT#:8076023
1548578216.000008 ccnd[4319]: #CANUSE#:10000000 #FACE#:110 #SENDAMOUNT#:9325007
1548578217.000008 ccnd[4319]: #CANUSE#:10000000 #FACE#:110 #SENDAMOUNT#:10573991
1548578218.000013 ccnd[4319]: #CANUSE#:10000000 #FACE#:110 #SENDAMOUNT#:11822975
1548578218.818861 ccnd[4319]: shutdown client fd=10 id=110
1548578218.818883 ccnd[4319]: releasing face id 110 (slot 110)
1548578218.818924 ccnd[4319]: shutdown client fd=9 id=109
1548578218.818932 ccnd[4319]: releasing face id 109 (slot 109)
1548578256.718645 ccnd[4319]: accepted client fd=9 id=111
1548578256.720104 ccnd[4319]: accepted client fd=10 id=112
1548578256.720119 ccnd[4319]: stopping (/tmp/.ccnd.sock gone)
1548578256.720123 ccnd[4319]: exiting.
1548578256.720132 ccnd[4319]: closing fd 3 while finalizing face 1
1548578256.720136 ccnd[4319]: releasing face id 1 (slot 1)
1548578256.720145 ccnd[4319]: closing fd 5 while finalizing face 3
1548578256.720149 ccnd[4319]: releasing face id 3 (slot 3)
1548578256.720155 ccnd[4319]: closing fd 7 while finalizing face 5
1548578256.720159 ccnd[4319]: releasing face id 5 (slot 5)
1548578256.720166 ccnd[4319]: closing fd 4 while finalizing face 2
1548578256.720170 ccnd[4319]: releasing face id 2 (slot 2)
1548578256.720176 ccnd[4319]: closing fd 6 while finalizing face 4
1548578256.720180 ccnd[4319]: releasing face id 4 (slot 4)
1548578256.720344 ccnd[4319]: releasing face id 8 (slot 8)
1548578256.720354 ccnd[4319]: closing fd 8 while finalizing face 6
1548578256.720360 ccnd[4319]: releasing face id 6 (slot 6)
1548578256.720372 ccnd[4319]: closing fd 10 while finalizing face 112
1548578256.720376 ccnd[4319]: recycling face id 112 (slot 112)
1548578256.720381 ccnd[4319]: closing fd 9 while finalizing face 111
1548578256.720385 ccnd[4319]: recycling face id 111 (slot 111)
1548578256.720539 ccnr[4324]: lost connection to ccnd
1548578256.720549 ccnr[4324]: exiting.
