1548575526.000000 ccnd[26369]:  ____________________ Sun Jan 27 16:52:06 2019
1548575526.181631 00000000.ccnd[26369]: =======================ex index n: 0
1548575526.181729 00000000.ccnd[26369]: =======================ex index l: 12
1548575526.181750 ccnd[26369]: CCND_DEBUG=1 CCND_CAP=50
1548575526.181757 ccnd[26369]: CCND_DEBUG=1 CCND_CAP_G=50
1548575526.181866 ccnd[26369]: listening on /tmp/.ccnd.sock
1548575526.181912 ccnd[26369]: accepting ipv4 datagrams on fd 4 rcvbuf 212992
1548575526.181943 ccnd[26369]: accepting ipv4 connections on fd 5
1548575526.181966 ccnd[26369]: accepting ipv6 datagrams on fd 6 rcvbuf 212992
1548575526.181982 ccnd[26369]: accepting ipv6 connections on fd 7
1548575526.232225 ccnd[26369]: accepted client fd=8 id=6
1548575526.232284 ccnd[26369]: shutdown client fd=8 id=6
1548575526.232290 ccnd[26369]: recycling face id 6 (slot 6)
1548575527.178419 ccnd[26369]: accepted client fd=8 id=6
1548575527.179104 ccnr[26374]: CCNR_DEBUG=7 CCNR_DIRECTORY=. CCNR_STATUS_PORT=
1548575527.179284 ccnr[26374]: Repository file is indexed
1548575527.181007 ccnd[26369]: accepted client fd=9 id=7
1548575527.190018 ccnd[26369]: accepted datagram client id=8 (flags=0x40012) 192.168.122.102 port 9695
1548575527.196090 ccnd[26369]: shutdown client fd=8 id=6
1548575527.196100 ccnd[26369]: releasing face id 6 (slot 6)
1548575529.912707 ccnd[26369]: accepted client fd=8 id=9
1548575529.914165 ccnd[26369]: accepted client fd=10 id=10
1548575529.914176 ccnd[26369]: stopping (/tmp/.ccnd.sock gone)
1548575529.914178 ccnd[26369]: exiting.
1548575529.914185 ccnd[26369]: closing fd 3 while finalizing face 1
1548575529.914187 ccnd[26369]: releasing face id 1 (slot 1)
1548575529.914194 ccnd[26369]: closing fd 5 while finalizing face 3
1548575529.914196 ccnd[26369]: releasing face id 3 (slot 3)
1548575529.914200 ccnd[26369]: closing fd 7 while finalizing face 5
1548575529.914203 ccnd[26369]: releasing face id 5 (slot 5)
1548575529.914207 ccnd[26369]: closing fd 4 while finalizing face 2
1548575529.914209 ccnd[26369]: releasing face id 2 (slot 2)
1548575529.914214 ccnd[26369]: closing fd 6 while finalizing face 4
1548575529.914216 ccnd[26369]: releasing face id 4 (slot 4)
1548575529.914245 ccnd[26369]: releasing face id 8 (slot 8)
1548575529.914250 ccnd[26369]: closing fd 8 while finalizing face 9
1548575529.914253 ccnd[26369]: releasing face id 9 (slot 9)
1548575529.914262 ccnd[26369]: closing fd 10 while finalizing face 10
1548575529.914264 ccnd[26369]: recycling face id 10 (slot 10)
1548575529.914270 ccnd[26369]: closing fd 9 while finalizing face 7
1548575529.914274 ccnd[26369]: releasing face id 7 (slot 7)
1548575529.914366 ccnr[26374]: lost connection to ccnd
1548575529.914374 ccnr[26374]: exiting.
